Stack: XXXXXXXX (10 items)
- stack XXXXXXXX (4 items)
  - float 2.000000
  - float 5.000000
  - float 10.000000
  - float 20.000000
- float 0.000000
- int -4
- stack XXXXXXXX (19 items)
  - int -3
  - get
  - stack XXXXXXXX
  - iget
  - int -5
  - get
  - add
  - int -4
  - set
  - int -3
  - get
  - int 1
  - add
  - int -1
  - get
  - int -4
  - set
  - while
  - loop
- do
- pop
- float 4.000000
- div
- int 0
- halt
sam_run: pc0 = XXXXXXXX, pc = 0/10, sp = 10, ir = XXXXXXXX
Working stack (0 items):
stack
sam_run: pc0 = XXXXXXXX, pc = 1/11, sp = 11, ir = XXXXXXXX
Working stack (1 items):
- stack XXXXXXXX
float
sam_run: pc0 = XXXXXXXX, pc = 2/12, sp = 12, ir = XXXXXXXX
Working stack (2 items):
- stack XXXXXXXX
- float 0.000000
int
sam_run: pc0 = XXXXXXXX, pc = 3/13, sp = 13, ir = XXXXXXXX
Working stack (3 items):
- stack XXXXXXXX
- float 0.000000
- int -4
stack
sam_run: pc0 = XXXXXXXX, pc = 4/14, sp = 14, ir = XXXXXXXX
Working stack (4 items):
- stack XXXXXXXX
- float 0.000000
- int -4
- stack XXXXXXXX
do
sam_run: pc0 = XXXXXXXX, pc = 0/19, sp = 15, ir = XXXXXXXX
Working stack (5 items):
- stack XXXXXXXX
- float 0.000000
- int -4
- stack XXXXXXXX
- link XXXXXXXX
int
sam_run: pc0 = XXXXXXXX, pc = 1/19, sp = 16, ir = XXXXXXXX
Working stack (6 items):
- stack XXXXXXXX
- float 0.000000
- int -4
- stack XXXXXXXX
- link XXXXXXXX
- int -3
get
sam_run: pc0 = XXXXXXXX, pc = 2/19, sp = 16, ir = XXXXXXXX
Working stack (6 items):
- stack XXXXXXXX
- float 0.000000
- int -4
- stack XXXXXXXX
- link XXXXXXXX
- int -4
stack
sam_run: pc0 = XXXXXXXX, pc = 3/19, sp = 17, ir = XXXXXXXX
Working stack (7 items):
- stack XXXXXXXX
- float 0.000000
- int -4
- stack XXXXXXXX
- link XXXXXXXX
- int -4
- stack XXXXXXXX
iget
sam_run: pc0 = XXXXXXXX, pc = 4/19, sp = 16, ir = XXXXXXXX
Working stack (6 items):
- stack XXXXXXXX
- float 0.000000
- int -4
- stack XXXXXXXX
- link XXXXXXXX
- float 2.000000
int
sam_run: pc0 = XXXXXXXX, pc = 5/19, sp = 17, ir = XXXXXXXX
Working stack (7 items):
- stack XXXXXXXX
- float 0.000000
- int -4
- stack XXXXXXXX
- link XXXXXXXX
- float 2.000000
- int -5
get
sam_run: pc0 = XXXXXXXX, pc = 6/19, sp = 17, ir = XXXXXXXX
Working stack (7 items):
- stack XXXXXXXX
- float 0.000000
- int -4
- stack XXXXXXXX
- link XXXXXXXX
- float 2.000000
- float 0.000000
add
sam_run: pc0 = XXXXXXXX, pc = 7/19, sp = 16, ir = XXXXXXXX
Working stack (6 items):
- stack XXXXXXXX
- float 0.000000
- int -4
- stack XXXXXXXX
- link XXXXXXXX
- float 2.000000
int
sam_run: pc0 = XXXXXXXX, pc = 8/19, sp = 17, ir = XXXXXXXX
Working stack (7 items):
- stack XXXXXXXX
- float 0.000000
- int -4
- stack XXXXXXXX
- link XXXXXXXX
- float 2.000000
- int -4
set
sam_run: pc0 = XXXXXXXX, pc = 9/19, sp = 15, ir = XXXXXXXX
Working stack (5 items):
- stack XXXXXXXX
- float 2.000000
- int -4
- stack XXXXXXXX
- link XXXXXXXX
int
sam_run: pc0 = XXXXXXXX, pc = 10/19, sp = 16, ir = XXXXXXXX
Working stack (6 items):
- stack XXXXXXXX
- float 2.000000
- int -4
- stack XXXXXXXX
- link XXXXXXXX
- int -3
get
sam_run: pc0 = XXXXXXXX, pc = 11/19, sp = 16, ir = XXXXXXXX
Working stack (6 items):
- stack XXXXXXXX
- float 2.000000
- int -4
- stack XXXXXXXX
- link XXXXXXXX
- int -4
int
sam_run: pc0 = XXXXXXXX, pc = 12/19, sp = 17, ir = XXXXXXXX
Working stack (7 items):
- stack XXXXXXXX
- float 2.000000
- int -4
- stack XXXXXXXX
- link XXXXXXXX
- int -4
- int 1
add
sam_run: pc0 = XXXXXXXX, pc = 13/19, sp = 16, ir = XXXXXXXX
Working stack (6 items):
- stack XXXXXXXX
- float 2.000000
- int -4
- stack XXXXXXXX
- link XXXXXXXX
- int -3
int
sam_run: pc0 = XXXXXXXX, pc = 14/19, sp = 17, ir = XXXXXXXX
Working stack (7 items):
- stack XXXXXXXX
- float 2.000000
- int -4
- stack XXXXXXXX
- link XXXXXXXX
- int -3
- int -1
get
sam_run: pc0 = XXXXXXXX, pc = 15/19, sp = 17, ir = XXXXXXXX
Working stack (7 items):
- stack XXXXXXXX
- float 2.000000
- int -4
- stack XXXXXXXX
- link XXXXXXXX
- int -3
- int -3
int
sam_run: pc0 = XXXXXXXX, pc = 16/19, sp = 18, ir = XXXXXXXX
Working stack (8 items):
- stack XXXXXXXX
- float 2.000000
- int -4
- stack XXXXXXXX
- link XXXXXXXX
- int -3
- int -3
- int -4
set
sam_run: pc0 = XXXXXXXX, pc = 17/19, sp = 16, ir = XXXXXXXX
Working stack (6 items):
- stack XXXXXXXX
- float 2.000000
- int -3
- stack XXXXXXXX
- link XXXXXXXX
- int -3
while
sam_run: pc0 = XXXXXXXX, pc = 18/19, sp = 15, ir = XXXXXXXX
Working stack (5 items):
- stack XXXXXXXX
- float 2.000000
- int -3
- stack XXXXXXXX
- link XXXXXXXX
loop
sam_run: pc0 = XXXXXXXX, pc = 0/19, sp = 15, ir = XXXXXXXX
Working stack (5 items):
- stack XXXXXXXX
- float 2.000000
- int -3
- stack XXXXXXXX
- link XXXXXXXX
int
sam_run: pc0 = XXXXXXXX, pc = 1/19, sp = 16, ir = XXXXXXXX
Working stack (6 items):
- stack XXXXXXXX
- float 2.000000
- int -3
- stack XXXXXXXX
- link XXXXXXXX
- int -3
get
sam_run: pc0 = XXXXXXXX, pc = 2/19, sp = 16, ir = XXXXXXXX
Working stack (6 items):
- stack XXXXXXXX
- float 2.000000
- int -3
- stack XXXXXXXX
- link XXXXXXXX
- int -3
stack
sam_run: pc0 = XXXXXXXX, pc = 3/19, sp = 17, ir = XXXXXXXX
Working stack (7 items):
- stack XXXXXXXX
- float 2.000000
- int -3
- stack XXXXXXXX
- link XXXXXXXX
- int -3
- stack XXXXXXXX
iget
sam_run: pc0 = XXXXXXXX, pc = 4/19, sp = 16, ir = XXXXXXXX
Working stack (6 items):
- stack XXXXXXXX
- float 2.000000
- int -3
- stack XXXXXXXX
- link XXXXXXXX
- float 5.000000
int
sam_run: pc0 = XXXXXXXX, pc = 5/19, sp = 17, ir = XXXXXXXX
Working stack (7 items):
- stack XXXXXXXX
- float 2.000000
- int -3
- stack XXXXXXXX
- link XXXXXXXX
- float 5.000000
- int -5
get
sam_run: pc0 = XXXXXXXX, pc = 6/19, sp = 17, ir = XXXXXXXX
Working stack (7 items):
- stack XXXXXXXX
- float 2.000000
- int -3
- stack XXXXXXXX
- link XXXXXXXX
- float 5.000000
- float 2.000000
add
sam_run: pc0 = XXXXXXXX, pc = 7/19, sp = 16, ir = XXXXXXXX
Working stack (6 items):
- stack XXXXXXXX
- float 2.000000
- int -3
- stack XXXXXXXX
- link XXXXXXXX
- float 7.000000
int
sam_run: pc0 = XXXXXXXX, pc = 8/19, sp = 17, ir = XXXXXXXX
Working stack (7 items):
- stack XXXXXXXX
- float 2.000000
- int -3
- stack XXXXXXXX
- link XXXXXXXX
- float 7.000000
- int -4
set
sam_run: pc0 = XXXXXXXX, pc = 9/19, sp = 15, ir = XXXXXXXX
Working stack (5 items):
- stack XXXXXXXX
- float 7.000000
- int -3
- stack XXXXXXXX
- link XXXXXXXX
int
sam_run: pc0 = XXXXXXXX, pc = 10/19, sp = 16, ir = XXXXXXXX
Working stack (6 items):
- stack XXXXXXXX
- float 7.000000
- int -3
- stack XXXXXXXX
- link XXXXXXXX
- int -3
get
sam_run: pc0 = XXXXXXXX, pc = 11/19, sp = 16, ir = XXXXXXXX
Working stack (6 items):
- stack XXXXXXXX
- float 7.000000
- int -3
- stack XXXXXXXX
- link XXXXXXXX
- int -3
int
sam_run: pc0 = XXXXXXXX, pc = 12/19, sp = 17, ir = XXXXXXXX
Working stack (7 items):
- stack XXXXXXXX
- float 7.000000
- int -3
- stack XXXXXXXX
- link XXXXXXXX
- int -3
- int 1
add
sam_run: pc0 = XXXXXXXX, pc = 13/19, sp = 16, ir = XXXXXXXX
Working stack (6 items):
- stack XXXXXXXX
- float 7.000000
- int -3
- stack XXXXXXXX
- link XXXXXXXX
- int -2
int
sam_run: pc0 = XXXXXXXX, pc = 14/19, sp = 17, ir = XXXXXXXX
Working stack (7 items):
- stack XXXXXXXX
- float 7.000000
- int -3
- stack XXXXXXXX
- link XXXXXXXX
- int -2
- int -1
get
sam_run: pc0 = XXXXXXXX, pc = 15/19, sp = 17, ir = XXXXXXXX
Working stack (7 items):
- stack XXXXXXXX
- float 7.000000
- int -3
- stack XXXXXXXX
- link XXXXXXXX
- int -2
- int -2
int
sam_run: pc0 = XXXXXXXX, pc = 16/19, sp = 18, ir = XXXXXXXX
Working stack (8 items):
- stack XXXXXXXX
- float 7.000000
- int -3
- stack XXXXXXXX
- link XXXXXXXX
- int -2
- int -2
- int -4
set
sam_run: pc0 = XXXXXXXX, pc = 17/19, sp = 16, ir = XXXXXXXX
Working stack (6 items):
- stack XXXXXXXX
- float 7.000000
- int -2
- stack XXXXXXXX
- link XXXXXXXX
- int -2
while
sam_run: pc0 = XXXXXXXX, pc = 18/19, sp = 15, ir = XXXXXXXX
Working stack (5 items):
- stack XXXXXXXX
- float 7.000000
- int -2
- stack XXXXXXXX
- link XXXXXXXX
loop
sam_run: pc0 = XXXXXXXX, pc = 0/19, sp = 15, ir = XXXXXXXX
Working stack (5 items):
- stack XXXXXXXX
- float 7.000000
- int -2
- stack XXXXXXXX
- link XXXXXXXX
int
sam_run: pc0 = XXXXXXXX, pc = 1/19, sp = 16, ir = XXXXXXXX
Working stack (6 items):
- stack XXXXXXXX
- float 7.000000
- int -2
- stack XXXXXXXX
- link XXXXXXXX
- int -3
get
sam_run: pc0 = XXXXXXXX, pc = 2/19, sp = 16, ir = XXXXXXXX
Working stack (6 items):
- stack XXXXXXXX
- float 7.000000
- int -2
- stack XXXXXXXX
- link XXXXXXXX
- int -2
stack
sam_run: pc0 = XXXXXXXX, pc = 3/19, sp = 17, ir = XXXXXXXX
Working stack (7 items):
- stack XXXXXXXX
- float 7.000000
- int -2
- stack XXXXXXXX
- link XXXXXXXX
- int -2
- stack XXXXXXXX
iget
sam_run: pc0 = XXXXXXXX, pc = 4/19, sp = 16, ir = XXXXXXXX
Working stack (6 items):
- stack XXXXXXXX
- float 7.000000
- int -2
- stack XXXXXXXX
- link XXXXXXXX
- float 10.000000
int
sam_run: pc0 = XXXXXXXX, pc = 5/19, sp = 17, ir = XXXXXXXX
Working stack (7 items):
- stack XXXXXXXX
- float 7.000000
- int -2
- stack XXXXXXXX
- link XXXXXXXX
- float 10.000000
- int -5
get
sam_run: pc0 = XXXXXXXX, pc = 6/19, sp = 17, ir = XXXXXXXX
Working stack (7 items):
- stack XXXXXXXX
- float 7.000000
- int -2
- stack XXXXXXXX
- link XXXXXXXX
- float 10.000000
- float 7.000000
add
sam_run: pc0 = XXXXXXXX, pc = 7/19, sp = 16, ir = XXXXXXXX
Working stack (6 items):
- stack XXXXXXXX
- float 7.000000
- int -2
- stack XXXXXXXX
- link XXXXXXXX
- float 17.000000
int
sam_run: pc0 = XXXXXXXX, pc = 8/19, sp = 17, ir = XXXXXXXX
Working stack (7 items):
- stack XXXXXXXX
- float 7.000000
- int -2
- stack XXXXXXXX
- link XXXXXXXX
- float 17.000000
- int -4
set
sam_run: pc0 = XXXXXXXX, pc = 9/19, sp = 15, ir = XXXXXXXX
Working stack (5 items):
- stack XXXXXXXX
- float 17.000000
- int -2
- stack XXXXXXXX
- link XXXXXXXX
int
sam_run: pc0 = XXXXXXXX, pc = 10/19, sp = 16, ir = XXXXXXXX
Working stack (6 items):
- stack XXXXXXXX
- float 17.000000
- int -2
- stack XXXXXXXX
- link XXXXXXXX
- int -3
get
sam_run: pc0 = XXXXXXXX, pc = 11/19, sp = 16, ir = XXXXXXXX
Working stack (6 items):
- stack XXXXXXXX
- float 17.000000
- int -2
- stack XXXXXXXX
- link XXXXXXXX
- int -2
int
sam_run: pc0 = XXXXXXXX, pc = 12/19, sp = 17, ir = XXXXXXXX
Working stack (7 items):
- stack XXXXXXXX
- float 17.000000
- int -2
- stack XXXXXXXX
- link XXXXXXXX
- int -2
- int 1
add
sam_run: pc0 = XXXXXXXX, pc = 13/19, sp = 16, ir = XXXXXXXX
Working stack (6 items):
- stack XXXXXXXX
- float 17.000000
- int -2
- stack XXXXXXXX
- link XXXXXXXX
- int -1
int
sam_run: pc0 = XXXXXXXX, pc = 14/19, sp = 17, ir = XXXXXXXX
Working stack (7 items):
- stack XXXXXXXX
- float 17.000000
- int -2
- stack XXXXXXXX
- link XXXXXXXX
- int -1
- int -1
get
sam_run: pc0 = XXXXXXXX, pc = 15/19, sp = 17, ir = XXXXXXXX
Working stack (7 items):
- stack XXXXXXXX
- float 17.000000
- int -2
- stack XXXXXXXX
- link XXXXXXXX
- int -1
- int -1
int
sam_run: pc0 = XXXXXXXX, pc = 16/19, sp = 18, ir = XXXXXXXX
Working stack (8 items):
- stack XXXXXXXX
- float 17.000000
- int -2
- stack XXXXXXXX
- link XXXXXXXX
- int -1
- int -1
- int -4
set
sam_run: pc0 = XXXXXXXX, pc = 17/19, sp = 16, ir = XXXXXXXX
Working stack (6 items):
- stack XXXXXXXX
- float 17.000000
- int -1
- stack XXXXXXXX
- link XXXXXXXX
- int -1
while
sam_run: pc0 = XXXXXXXX, pc = 18/19, sp = 15, ir = XXXXXXXX
Working stack (5 items):
- stack XXXXXXXX
- float 17.000000
- int -1
- stack XXXXXXXX
- link XXXXXXXX
loop
sam_run: pc0 = XXXXXXXX, pc = 0/19, sp = 15, ir = XXXXXXXX
Working stack (5 items):
- stack XXXXXXXX
- float 17.000000
- int -1
- stack XXXXXXXX
- link XXXXXXXX
int
sam_run: pc0 = XXXXXXXX, pc = 1/19, sp = 16, ir = XXXXXXXX
Working stack (6 items):
- stack XXXXXXXX
- float 17.000000
- int -1
- stack XXXXXXXX
- link XXXXXXXX
- int -3
get
sam_run: pc0 = XXXXXXXX, pc = 2/19, sp = 16, ir = XXXXXXXX
Working stack (6 items):
- stack XXXXXXXX
- float 17.000000
- int -1
- stack XXXXXXXX
- link XXXXXXXX
- int -1
stack
sam_run: pc0 = XXXXXXXX, pc = 3/19, sp = 17, ir = XXXXXXXX
Working stack (7 items):
- stack XXXXXXXX
- float 17.000000
- int -1
- stack XXXXXXXX
- link XXXXXXXX
- int -1
- stack XXXXXXXX
iget
sam_run: pc0 = XXXXXXXX, pc = 4/19, sp = 16, ir = XXXXXXXX
Working stack (6 items):
- stack XXXXXXXX
- float 17.000000
- int -1
- stack XXXXXXXX
- link XXXXXXXX
- float 20.000000
int
sam_run: pc0 = XXXXXXXX, pc = 5/19, sp = 17, ir = XXXXXXXX
Working stack (7 items):
- stack XXXXXXXX
- float 17.000000
- int -1
- stack XXXXXXXX
- link XXXXXXXX
- float 20.000000
- int -5
get
sam_run: pc0 = XXXXXXXX, pc = 6/19, sp = 17, ir = XXXXXXXX
Working stack (7 items):
- stack XXXXXXXX
- float 17.000000
- int -1
- stack XXXXXXXX
- link XXXXXXXX
- float 20.000000
- float 17.000000
add
sam_run: pc0 = XXXXXXXX, pc = 7/19, sp = 16, ir = XXXXXXXX
Working stack (6 items):
- stack XXXXXXXX
- float 17.000000
- int -1
- stack XXXXXXXX
- link XXXXXXXX
- float 37.000000
int
sam_run: pc0 = XXXXXXXX, pc = 8/19, sp = 17, ir = XXXXXXXX
Working stack (7 items):
- stack XXXXXXXX
- float 17.000000
- int -1
- stack XXXXXXXX
- link XXXXXXXX
- float 37.000000
- int -4
set
sam_run: pc0 = XXXXXXXX, pc = 9/19, sp = 15, ir = XXXXXXXX
Working stack (5 items):
- stack XXXXXXXX
- float 37.000000
- int -1
- stack XXXXXXXX
- link XXXXXXXX
int
sam_run: pc0 = XXXXXXXX, pc = 10/19, sp = 16, ir = XXXXXXXX
Working stack (6 items):
- stack XXXXXXXX
- float 37.000000
- int -1
- stack XXXXXXXX
- link XXXXXXXX
- int -3
get
sam_run: pc0 = XXXXXXXX, pc = 11/19, sp = 16, ir = XXXXXXXX
Working stack (6 items):
- stack XXXXXXXX
- float 37.000000
- int -1
- stack XXXXXXXX
- link XXXXXXXX
- int -1
int
sam_run: pc0 = XXXXXXXX, pc = 12/19, sp = 17, ir = XXXXXXXX
Working stack (7 items):
- stack XXXXXXXX
- float 37.000000
- int -1
- stack XXXXXXXX
- link XXXXXXXX
- int -1
- int 1
add
sam_run: pc0 = XXXXXXXX, pc = 13/19, sp = 16, ir = XXXXXXXX
Working stack (6 items):
- stack XXXXXXXX
- float 37.000000
- int -1
- stack XXXXXXXX
- link XXXXXXXX
- int 0
int
sam_run: pc0 = XXXXXXXX, pc = 14/19, sp = 17, ir = XXXXXXXX
Working stack (7 items):
- stack XXXXXXXX
- float 37.000000
- int -1
- stack XXXXXXXX
- link XXXXXXXX
- int 0
- int -1
get
sam_run: pc0 = XXXXXXXX, pc = 15/19, sp = 17, ir = XXXXXXXX
Working stack (7 items):
- stack XXXXXXXX
- float 37.000000
- int -1
- stack XXXXXXXX
- link XXXXXXXX
- int 0
- int 0
int
sam_run: pc0 = XXXXXXXX, pc = 16/19, sp = 18, ir = XXXXXXXX
Working stack (8 items):
- stack XXXXXXXX
- float 37.000000
- int -1
- stack XXXXXXXX
- link XXXXXXXX
- int 0
- int 0
- int -4
set
sam_run: pc0 = XXXXXXXX, pc = 17/19, sp = 16, ir = XXXXXXXX
Working stack (6 items):
- stack XXXXXXXX
- float 37.000000
- int 0
- stack XXXXXXXX
- link XXXXXXXX
- int 0
while
sam_run: pc0 = XXXXXXXX, pc = 5/13, sp = 13, ir = XXXXXXXX
Working stack (3 items):
- stack XXXXXXXX
- float 37.000000
- int 0
pop
sam_run: pc0 = XXXXXXXX, pc = 6/12, sp = 12, ir = XXXXXXXX
Working stack (2 items):
- stack XXXXXXXX
- float 37.000000
float
sam_run: pc0 = XXXXXXXX, pc = 7/13, sp = 13, ir = XXXXXXXX
Working stack (3 items):
- stack XXXXXXXX
- float 37.000000
- float 4.000000
div
sam_run: pc0 = XXXXXXXX, pc = 8/12, sp = 12, ir = XXXXXXXX
Working stack (2 items):
- stack XXXXXXXX
- float 9.250000
int
sam_run: pc0 = XXXXXXXX, pc = 9/13, sp = 13, ir = XXXXXXXX
Working stack (3 items):
- stack XXXXXXXX
- float 9.250000
- int 0
halt
Stack: XXXXXXXX (14 items)
- stack XXXXXXXX (4 items)
  - float 2.000000
  - float 5.000000
  - float 10.000000
  - float 20.000000
- float 0.000000
- int -4
- stack XXXXXXXX (19 items)
  - int -3
  - get
  - stack XXXXXXXX
  - iget
  - int -5
  - get
  - add
  - int -4
  - set
  - int -3
  - get
  - int 1
  - add
  - int -1
  - get
  - int -4
  - set
  - while
  - loop
- do
- pop
- float 4.000000
- div
- int 0
- halt
- stack XXXXXXXX
- float 9.250000
- stack XXXXXXXX
- link XXXXXXXX
sam_run returns: halt with reason 0 (0x0)
