Stack: XXXXXXXX (9 items)
- int 21
- int 2
- mul
- int 3
- neg
- add
- int -3
- div
- halt
sam_run: pc0 = XXXXXXXX, pc = 0/9, sp = 9, ir = XXXXXXXX
Working stack (0 items):
int
sam_run: pc0 = XXXXXXXX, pc = 1/10, sp = 10, ir = XXXXXXXX
Working stack (1 items):
- int 21
int
sam_run: pc0 = XXXXXXXX, pc = 2/11, sp = 11, ir = XXXXXXXX
Working stack (2 items):
- int 21
- int 2
mul
sam_run: pc0 = XXXXXXXX, pc = 3/10, sp = 10, ir = XXXXXXXX
Working stack (1 items):
- int 42
int
sam_run: pc0 = XXXXXXXX, pc = 4/11, sp = 11, ir = XXXXXXXX
Working stack (2 items):
- int 42
- int 3
neg
sam_run: pc0 = XXXXXXXX, pc = 5/11, sp = 11, ir = XXXXXXXX
Working stack (2 items):
- int 42
- int -3
add
sam_run: pc0 = XXXXXXXX, pc = 6/10, sp = 10, ir = XXXXXXXX
Working stack (1 items):
- int 39
int
sam_run: pc0 = XXXXXXXX, pc = 7/11, sp = 11, ir = XXXXXXXX
Working stack (2 items):
- int 39
- int -3
div
sam_run: pc0 = XXXXXXXX, pc = 8/10, sp = 10, ir = XXXXXXXX
Working stack (1 items):
- int -13
halt
Stack: XXXXXXXX (11 items)
- int 21
- int 2
- mul
- int 3
- neg
- add
- int -3
- div
- halt
- stack XXXXXXXX
- link XXXXXXXX
sam_run returns: halt with reason -13 (0xfffffffffffffff3)
