Stack: XXXXXXXX (7 items)
- stack XXXXXXXX (4 items)
  - float 2.000000
  - float 5.000000
  - float 10.000000
  - float 20.000000
- int -4
- stack XXXXXXXX (20 items)
  - int -3
  - get
  - stack XXXXXXXX
  - iget
  - float 2.000000
  - mul
  - int -4
  - get
  - stack XXXXXXXX
  - iset
  - int -3
  - get
  - int 1
  - add
  - int -1
  - get
  - int -4
  - set
  - while
  - loop
- do
- pop
- int 0
- halt
sam_run: pc0 = XXXXXXXX, pc = 0/7, sp = 7, ir = XXXXXXXX
Working stack (0 items):
stack
sam_run: pc0 = XXXXXXXX, pc = 1/8, sp = 8, ir = XXXXXXXX
Working stack (1 items):
- stack XXXXXXXX
int
sam_run: pc0 = XXXXXXXX, pc = 2/9, sp = 9, ir = XXXXXXXX
Working stack (2 items):
- stack XXXXXXXX
- int -4
stack
sam_run: pc0 = XXXXXXXX, pc = 3/10, sp = 10, ir = XXXXXXXX
Working stack (3 items):
- stack XXXXXXXX
- int -4
- stack XXXXXXXX
do
sam_run: pc0 = XXXXXXXX, pc = 0/20, sp = 11, ir = XXXXXXXX
Working stack (4 items):
- stack XXXXXXXX
- int -4
- stack XXXXXXXX
- link XXXXXXXX
int
sam_run: pc0 = XXXXXXXX, pc = 1/20, sp = 12, ir = XXXXXXXX
Working stack (5 items):
- stack XXXXXXXX
- int -4
- stack XXXXXXXX
- link XXXXXXXX
- int -3
get
sam_run: pc0 = XXXXXXXX, pc = 2/20, sp = 12, ir = XXXXXXXX
Working stack (5 items):
- stack XXXXXXXX
- int -4
- stack XXXXXXXX
- link XXXXXXXX
- int -4
stack
sam_run: pc0 = XXXXXXXX, pc = 3/20, sp = 13, ir = XXXXXXXX
Working stack (6 items):
- stack XXXXXXXX
- int -4
- stack XXXXXXXX
- link XXXXXXXX
- int -4
- stack XXXXXXXX
iget
sam_run: pc0 = XXXXXXXX, pc = 4/20, sp = 12, ir = XXXXXXXX
Working stack (5 items):
- stack XXXXXXXX
- int -4
- stack XXXXXXXX
- link XXXXXXXX
- float 2.000000
float
sam_run: pc0 = XXXXXXXX, pc = 5/20, sp = 13, ir = XXXXXXXX
Working stack (6 items):
- stack XXXXXXXX
- int -4
- stack XXXXXXXX
- link XXXXXXXX
- float 2.000000
- float 2.000000
mul
sam_run: pc0 = XXXXXXXX, pc = 6/20, sp = 12, ir = XXXXXXXX
Working stack (5 items):
- stack XXXXXXXX
- int -4
- stack XXXXXXXX
- link XXXXXXXX
- float 4.000000
int
sam_run: pc0 = XXXXXXXX, pc = 7/20, sp = 13, ir = XXXXXXXX
Working stack (6 items):
- stack XXXXXXXX
- int -4
- stack XXXXXXXX
- link XXXXXXXX
- float 4.000000
- int -4
get
sam_run: pc0 = XXXXXXXX, pc = 8/20, sp = 13, ir = XXXXXXXX
Working stack (6 items):
- stack XXXXXXXX
- int -4
- stack XXXXXXXX
- link XXXXXXXX
- float 4.000000
- int -4
stack
sam_run: pc0 = XXXXXXXX, pc = 9/20, sp = 14, ir = XXXXXXXX
Working stack (7 items):
- stack XXXXXXXX
- int -4
- stack XXXXXXXX
- link XXXXXXXX
- float 4.000000
- int -4
- stack XXXXXXXX
iset
sam_run: pc0 = XXXXXXXX, pc = 10/20, sp = 11, ir = XXXXXXXX
Working stack (4 items):
- stack XXXXXXXX
- int -4
- stack XXXXXXXX
- link XXXXXXXX
int
sam_run: pc0 = XXXXXXXX, pc = 11/20, sp = 12, ir = XXXXXXXX
Working stack (5 items):
- stack XXXXXXXX
- int -4
- stack XXXXXXXX
- link XXXXXXXX
- int -3
get
sam_run: pc0 = XXXXXXXX, pc = 12/20, sp = 12, ir = XXXXXXXX
Working stack (5 items):
- stack XXXXXXXX
- int -4
- stack XXXXXXXX
- link XXXXXXXX
- int -4
int
sam_run: pc0 = XXXXXXXX, pc = 13/20, sp = 13, ir = XXXXXXXX
Working stack (6 items):
- stack XXXXXXXX
- int -4
- stack XXXXXXXX
- link XXXXXXXX
- int -4
- int 1
add
sam_run: pc0 = XXXXXXXX, pc = 14/20, sp = 12, ir = XXXXXXXX
Working stack (5 items):
- stack XXXXXXXX
- int -4
- stack XXXXXXXX
- link XXXXXXXX
- int -3
int
sam_run: pc0 = XXXXXXXX, pc = 15/20, sp = 13, ir = XXXXXXXX
Working stack (6 items):
- stack XXXXXXXX
- int -4
- stack XXXXXXXX
- link XXXXXXXX
- int -3
- int -1
get
sam_run: pc0 = XXXXXXXX, pc = 16/20, sp = 13, ir = XXXXXXXX
Working stack (6 items):
- stack XXXXXXXX
- int -4
- stack XXXXXXXX
- link XXXXXXXX
- int -3
- int -3
int
sam_run: pc0 = XXXXXXXX, pc = 17/20, sp = 14, ir = XXXXXXXX
Working stack (7 items):
- stack XXXXXXXX
- int -4
- stack XXXXXXXX
- link XXXXXXXX
- int -3
- int -3
- int -4
set
sam_run: pc0 = XXXXXXXX, pc = 18/20, sp = 12, ir = XXXXXXXX
Working stack (5 items):
- stack XXXXXXXX
- int -3
- stack XXXXXXXX
- link XXXXXXXX
- int -3
while
sam_run: pc0 = XXXXXXXX, pc = 19/20, sp = 11, ir = XXXXXXXX
Working stack (4 items):
- stack XXXXXXXX
- int -3
- stack XXXXXXXX
- link XXXXXXXX
loop
sam_run: pc0 = XXXXXXXX, pc = 0/20, sp = 11, ir = XXXXXXXX
Working stack (4 items):
- stack XXXXXXXX
- int -3
- stack XXXXXXXX
- link XXXXXXXX
int
sam_run: pc0 = XXXXXXXX, pc = 1/20, sp = 12, ir = XXXXXXXX
Working stack (5 items):
- stack XXXXXXXX
- int -3
- stack XXXXXXXX
- link XXXXXXXX
- int -3
get
sam_run: pc0 = XXXXXXXX, pc = 2/20, sp = 12, ir = XXXXXXXX
Working stack (5 items):
- stack XXXXXXXX
- int -3
- stack XXXXXXXX
- link XXXXXXXX
- int -3
stack
sam_run: pc0 = XXXXXXXX, pc = 3/20, sp = 13, ir = XXXXXXXX
Working stack (6 items):
- stack XXXXXXXX
- int -3
- stack XXXXXXXX
- link XXXXXXXX
- int -3
- stack XXXXXXXX
iget
sam_run: pc0 = XXXXXXXX, pc = 4/20, sp = 12, ir = XXXXXXXX
Working stack (5 items):
- stack XXXXXXXX
- int -3
- stack XXXXXXXX
- link XXXXXXXX
- float 5.000000
float
sam_run: pc0 = XXXXXXXX, pc = 5/20, sp = 13, ir = XXXXXXXX
Working stack (6 items):
- stack XXXXXXXX
- int -3
- stack XXXXXXXX
- link XXXXXXXX
- float 5.000000
- float 2.000000
mul
sam_run: pc0 = XXXXXXXX, pc = 6/20, sp = 12, ir = XXXXXXXX
Working stack (5 items):
- stack XXXXXXXX
- int -3
- stack XXXXXXXX
- link XXXXXXXX
- float 10.000000
int
sam_run: pc0 = XXXXXXXX, pc = 7/20, sp = 13, ir = XXXXXXXX
Working stack (6 items):
- stack XXXXXXXX
- int -3
- stack XXXXXXXX
- link XXXXXXXX
- float 10.000000
- int -4
get
sam_run: pc0 = XXXXXXXX, pc = 8/20, sp = 13, ir = XXXXXXXX
Working stack (6 items):
- stack XXXXXXXX
- int -3
- stack XXXXXXXX
- link XXXXXXXX
- float 10.000000
- int -3
stack
sam_run: pc0 = XXXXXXXX, pc = 9/20, sp = 14, ir = XXXXXXXX
Working stack (7 items):
- stack XXXXXXXX
- int -3
- stack XXXXXXXX
- link XXXXXXXX
- float 10.000000
- int -3
- stack XXXXXXXX
iset
sam_run: pc0 = XXXXXXXX, pc = 10/20, sp = 11, ir = XXXXXXXX
Working stack (4 items):
- stack XXXXXXXX
- int -3
- stack XXXXXXXX
- link XXXXXXXX
int
sam_run: pc0 = XXXXXXXX, pc = 11/20, sp = 12, ir = XXXXXXXX
Working stack (5 items):
- stack XXXXXXXX
- int -3
- stack XXXXXXXX
- link XXXXXXXX
- int -3
get
sam_run: pc0 = XXXXXXXX, pc = 12/20, sp = 12, ir = XXXXXXXX
Working stack (5 items):
- stack XXXXXXXX
- int -3
- stack XXXXXXXX
- link XXXXXXXX
- int -3
int
sam_run: pc0 = XXXXXXXX, pc = 13/20, sp = 13, ir = XXXXXXXX
Working stack (6 items):
- stack XXXXXXXX
- int -3
- stack XXXXXXXX
- link XXXXXXXX
- int -3
- int 1
add
sam_run: pc0 = XXXXXXXX, pc = 14/20, sp = 12, ir = XXXXXXXX
Working stack (5 items):
- stack XXXXXXXX
- int -3
- stack XXXXXXXX
- link XXXXXXXX
- int -2
int
sam_run: pc0 = XXXXXXXX, pc = 15/20, sp = 13, ir = XXXXXXXX
Working stack (6 items):
- stack XXXXXXXX
- int -3
- stack XXXXXXXX
- link XXXXXXXX
- int -2
- int -1
get
sam_run: pc0 = XXXXXXXX, pc = 16/20, sp = 13, ir = XXXXXXXX
Working stack (6 items):
- stack XXXXXXXX
- int -3
- stack XXXXXXXX
- link XXXXXXXX
- int -2
- int -2
int
sam_run: pc0 = XXXXXXXX, pc = 17/20, sp = 14, ir = XXXXXXXX
Working stack (7 items):
- stack XXXXXXXX
- int -3
- stack XXXXXXXX
- link XXXXXXXX
- int -2
- int -2
- int -4
set
sam_run: pc0 = XXXXXXXX, pc = 18/20, sp = 12, ir = XXXXXXXX
Working stack (5 items):
- stack XXXXXXXX
- int -2
- stack XXXXXXXX
- link XXXXXXXX
- int -2
while
sam_run: pc0 = XXXXXXXX, pc = 19/20, sp = 11, ir = XXXXXXXX
Working stack (4 items):
- stack XXXXXXXX
- int -2
- stack XXXXXXXX
- link XXXXXXXX
loop
sam_run: pc0 = XXXXXXXX, pc = 0/20, sp = 11, ir = XXXXXXXX
Working stack (4 items):
- stack XXXXXXXX
- int -2
- stack XXXXXXXX
- link XXXXXXXX
int
sam_run: pc0 = XXXXXXXX, pc = 1/20, sp = 12, ir = XXXXXXXX
Working stack (5 items):
- stack XXXXXXXX
- int -2
- stack XXXXXXXX
- link XXXXXXXX
- int -3
get
sam_run: pc0 = XXXXXXXX, pc = 2/20, sp = 12, ir = XXXXXXXX
Working stack (5 items):
- stack XXXXXXXX
- int -2
- stack XXXXXXXX
- link XXXXXXXX
- int -2
stack
sam_run: pc0 = XXXXXXXX, pc = 3/20, sp = 13, ir = XXXXXXXX
Working stack (6 items):
- stack XXXXXXXX
- int -2
- stack XXXXXXXX
- link XXXXXXXX
- int -2
- stack XXXXXXXX
iget
sam_run: pc0 = XXXXXXXX, pc = 4/20, sp = 12, ir = XXXXXXXX
Working stack (5 items):
- stack XXXXXXXX
- int -2
- stack XXXXXXXX
- link XXXXXXXX
- float 10.000000
float
sam_run: pc0 = XXXXXXXX, pc = 5/20, sp = 13, ir = XXXXXXXX
Working stack (6 items):
- stack XXXXXXXX
- int -2
- stack XXXXXXXX
- link XXXXXXXX
- float 10.000000
- float 2.000000
mul
sam_run: pc0 = XXXXXXXX, pc = 6/20, sp = 12, ir = XXXXXXXX
Working stack (5 items):
- stack XXXXXXXX
- int -2
- stack XXXXXXXX
- link XXXXXXXX
- float 20.000000
int
sam_run: pc0 = XXXXXXXX, pc = 7/20, sp = 13, ir = XXXXXXXX
Working stack (6 items):
- stack XXXXXXXX
- int -2
- stack XXXXXXXX
- link XXXXXXXX
- float 20.000000
- int -4
get
sam_run: pc0 = XXXXXXXX, pc = 8/20, sp = 13, ir = XXXXXXXX
Working stack (6 items):
- stack XXXXXXXX
- int -2
- stack XXXXXXXX
- link XXXXXXXX
- float 20.000000
- int -2
stack
sam_run: pc0 = XXXXXXXX, pc = 9/20, sp = 14, ir = XXXXXXXX
Working stack (7 items):
- stack XXXXXXXX
- int -2
- stack XXXXXXXX
- link XXXXXXXX
- float 20.000000
- int -2
- stack XXXXXXXX
iset
sam_run: pc0 = XXXXXXXX, pc = 10/20, sp = 11, ir = XXXXXXXX
Working stack (4 items):
- stack XXXXXXXX
- int -2
- stack XXXXXXXX
- link XXXXXXXX
int
sam_run: pc0 = XXXXXXXX, pc = 11/20, sp = 12, ir = XXXXXXXX
Working stack (5 items):
- stack XXXXXXXX
- int -2
- stack XXXXXXXX
- link XXXXXXXX
- int -3
get
sam_run: pc0 = XXXXXXXX, pc = 12/20, sp = 12, ir = XXXXXXXX
Working stack (5 items):
- stack XXXXXXXX
- int -2
- stack XXXXXXXX
- link XXXXXXXX
- int -2
int
sam_run: pc0 = XXXXXXXX, pc = 13/20, sp = 13, ir = XXXXXXXX
Working stack (6 items):
- stack XXXXXXXX
- int -2
- stack XXXXXXXX
- link XXXXXXXX
- int -2
- int 1
add
sam_run: pc0 = XXXXXXXX, pc = 14/20, sp = 12, ir = XXXXXXXX
Working stack (5 items):
- stack XXXXXXXX
- int -2
- stack XXXXXXXX
- link XXXXXXXX
- int -1
int
sam_run: pc0 = XXXXXXXX, pc = 15/20, sp = 13, ir = XXXXXXXX
Working stack (6 items):
- stack XXXXXXXX
- int -2
- stack XXXXXXXX
- link XXXXXXXX
- int -1
- int -1
get
sam_run: pc0 = XXXXXXXX, pc = 16/20, sp = 13, ir = XXXXXXXX
Working stack (6 items):
- stack XXXXXXXX
- int -2
- stack XXXXXXXX
- link XXXXXXXX
- int -1
- int -1
int
sam_run: pc0 = XXXXXXXX, pc = 17/20, sp = 14, ir = XXXXXXXX
Working stack (7 items):
- stack XXXXXXXX
- int -2
- stack XXXXXXXX
- link XXXXXXXX
- int -1
- int -1
- int -4
set
sam_run: pc0 = XXXXXXXX, pc = 18/20, sp = 12, ir = XXXXXXXX
Working stack (5 items):
- stack XXXXXXXX
- int -1
- stack XXXXXXXX
- link XXXXXXXX
- int -1
while
sam_run: pc0 = XXXXXXXX, pc = 19/20, sp = 11, ir = XXXXXXXX
Working stack (4 items):
- stack XXXXXXXX
- int -1
- stack XXXXXXXX
- link XXXXXXXX
loop
sam_run: pc0 = XXXXXXXX, pc = 0/20, sp = 11, ir = XXXXXXXX
Working stack (4 items):
- stack XXXXXXXX
- int -1
- stack XXXXXXXX
- link XXXXXXXX
int
sam_run: pc0 = XXXXXXXX, pc = 1/20, sp = 12, ir = XXXXXXXX
Working stack (5 items):
- stack XXXXXXXX
- int -1
- stack XXXXXXXX
- link XXXXXXXX
- int -3
get
sam_run: pc0 = XXXXXXXX, pc = 2/20, sp = 12, ir = XXXXXXXX
Working stack (5 items):
- stack XXXXXXXX
- int -1
- stack XXXXXXXX
- link XXXXXXXX
- int -1
stack
sam_run: pc0 = XXXXXXXX, pc = 3/20, sp = 13, ir = XXXXXXXX
Working stack (6 items):
- stack XXXXXXXX
- int -1
- stack XXXXXXXX
- link XXXXXXXX
- int -1
- stack XXXXXXXX
iget
sam_run: pc0 = XXXXXXXX, pc = 4/20, sp = 12, ir = XXXXXXXX
Working stack (5 items):
- stack XXXXXXXX
- int -1
- stack XXXXXXXX
- link XXXXXXXX
- float 20.000000
float
sam_run: pc0 = XXXXXXXX, pc = 5/20, sp = 13, ir = XXXXXXXX
Working stack (6 items):
- stack XXXXXXXX
- int -1
- stack XXXXXXXX
- link XXXXXXXX
- float 20.000000
- float 2.000000
mul
sam_run: pc0 = XXXXXXXX, pc = 6/20, sp = 12, ir = XXXXXXXX
Working stack (5 items):
- stack XXXXXXXX
- int -1
- stack XXXXXXXX
- link XXXXXXXX
- float 40.000000
int
sam_run: pc0 = XXXXXXXX, pc = 7/20, sp = 13, ir = XXXXXXXX
Working stack (6 items):
- stack XXXXXXXX
- int -1
- stack XXXXXXXX
- link XXXXXXXX
- float 40.000000
- int -4
get
sam_run: pc0 = XXXXXXXX, pc = 8/20, sp = 13, ir = XXXXXXXX
Working stack (6 items):
- stack XXXXXXXX
- int -1
- stack XXXXXXXX
- link XXXXXXXX
- float 40.000000
- int -1
stack
sam_run: pc0 = XXXXXXXX, pc = 9/20, sp = 14, ir = XXXXXXXX
Working stack (7 items):
- stack XXXXXXXX
- int -1
- stack XXXXXXXX
- link XXXXXXXX
- float 40.000000
- int -1
- stack XXXXXXXX
iset
sam_run: pc0 = XXXXXXXX, pc = 10/20, sp = 11, ir = XXXXXXXX
Working stack (4 items):
- stack XXXXXXXX
- int -1
- stack XXXXXXXX
- link XXXXXXXX
int
sam_run: pc0 = XXXXXXXX, pc = 11/20, sp = 12, ir = XXXXXXXX
Working stack (5 items):
- stack XXXXXXXX
- int -1
- stack XXXXXXXX
- link XXXXXXXX
- int -3
get
sam_run: pc0 = XXXXXXXX, pc = 12/20, sp = 12, ir = XXXXXXXX
Working stack (5 items):
- stack XXXXXXXX
- int -1
- stack XXXXXXXX
- link XXXXXXXX
- int -1
int
sam_run: pc0 = XXXXXXXX, pc = 13/20, sp = 13, ir = XXXXXXXX
Working stack (6 items):
- stack XXXXXXXX
- int -1
- stack XXXXXXXX
- link XXXXXXXX
- int -1
- int 1
add
sam_run: pc0 = XXXXXXXX, pc = 14/20, sp = 12, ir = XXXXXXXX
Working stack (5 items):
- stack XXXXXXXX
- int -1
- stack XXXXXXXX
- link XXXXXXXX
- int 0
int
sam_run: pc0 = XXXXXXXX, pc = 15/20, sp = 13, ir = XXXXXXXX
Working stack (6 items):
- stack XXXXXXXX
- int -1
- stack XXXXXXXX
- link XXXXXXXX
- int 0
- int -1
get
sam_run: pc0 = XXXXXXXX, pc = 16/20, sp = 13, ir = XXXXXXXX
Working stack (6 items):
- stack XXXXXXXX
- int -1
- stack XXXXXXXX
- link XXXXXXXX
- int 0
- int 0
int
sam_run: pc0 = XXXXXXXX, pc = 17/20, sp = 14, ir = XXXXXXXX
Working stack (7 items):
- stack XXXXXXXX
- int -1
- stack XXXXXXXX
- link XXXXXXXX
- int 0
- int 0
- int -4
set
sam_run: pc0 = XXXXXXXX, pc = 18/20, sp = 12, ir = XXXXXXXX
Working stack (5 items):
- stack XXXXXXXX
- int 0
- stack XXXXXXXX
- link XXXXXXXX
- int 0
while
sam_run: pc0 = XXXXXXXX, pc = 4/9, sp = 9, ir = XXXXXXXX
Working stack (2 items):
- stack XXXXXXXX
- int 0
pop
sam_run: pc0 = XXXXXXXX, pc = 5/8, sp = 8, ir = XXXXXXXX
Working stack (1 items):
- stack XXXXXXXX
int
sam_run: pc0 = XXXXXXXX, pc = 6/9, sp = 9, ir = XXXXXXXX
Working stack (2 items):
- stack XXXXXXXX
- int 0
halt
Stack: XXXXXXXX (10 items)
- stack XXXXXXXX (4 items)
  - float 4.000000
  - float 10.000000
  - float 20.000000
  - float 40.000000
- int -4
- stack XXXXXXXX (20 items)
  - int -3
  - get
  - stack XXXXXXXX
  - iget
  - float 2.000000
  - mul
  - int -4
  - get
  - stack XXXXXXXX
  - iset
  - int -3
  - get
  - int 1
  - add
  - int -1
  - get
  - int -4
  - set
  - while
  - loop
- do
- pop
- int 0
- halt
- stack XXXXXXXX
- stack XXXXXXXX
- link XXXXXXXX
sam_run returns: halt with reason 0 (0x0)
