Stack: (119 word(s))
- 
  - int 0
  - 
    - int 2
    - int 0
    - int 1
    - 
      - 
        - int -2
        - get
        - int 1
        - add
        - int -2
        - set
      - 
        - int -2
        - get
        - int 1
        - add
        - int -2
        - set
      - 
        - int 0
        - int -4
        - get
        - int -4
        - get _two extract lt neg
        - 
          - int -5
          - get
          - int -5
          - set
          - int 2
          - pop
          - int -1
          - set
        - 
        - if
        - int 1
        - pop
        - int -2
        - get
        - int -3
        - set
        - int -1
        - set
      - 
        - int -4
        - get
        - int -4
        - get
        - int -4
        - get add add
        - int -4
        - set
        - int -2
        - set
        - int 1
        - pop
      - int 5
      - int -1
      - get
      - int -6
      - get do
      - int 1
      - pop
      - int 0
      - 
        - int -3
        - get
        - int 1
        - int -7
        - get do
        - int -2
        - set
      - do
      - _one get
      - int -2
      - set
      - int 1
      - pop
      - int 2
      - int 4
      - int 5
      - mul
      - int 1
      - int 2
      - int 3
      - int -7
      - get do
      - int 1
      - int -8
      - get do
      - add add add _one get
      - int -9
      - set
      - int -7
      - set
      - int 5
      - pop
    - 
    - if
    - int -3
    - set
    - int 1
    - pop
  - do
  - halt
sam_run: pc = 1, sp = 119, ir = 1
Working stack: (0 word(s))
int
sam_run: pc = 2, sp = 120, ir = 38800f
Working stack: (1 word(s))
- int 0
bra
sam_run: pc = 116, sp = 121, ir = 33f
Working stack: (2 word(s))
- int 0
- ref 2
do
sam_run: pc = 3, sp = 121, ir = 9
Working stack: (2 word(s))
- int 0
- ref 117
int
sam_run: pc = 4, sp = 122, ir = 1
Working stack: (3 word(s))
- int 0
- ref 117
- int 2
int
sam_run: pc = 5, sp = 123, ir = 5
Working stack: (4 word(s))
- int 0
- ref 117
- int 2
- int 0
int
sam_run: pc = 6, sp = 124, ir = 32800f
Working stack: (5 word(s))
- int 0
- ref 117
- int 2
- int 0
- int 1
bra
sam_run: pc = 108, sp = 125, ir = 800f
Working stack: (6 word(s))
- int 0
- ref 117
- int 2
- int 0
- int 1
- ref 6
bra
sam_run: pc = 110, sp = 126, ir = 3bf
Working stack: (7 word(s))
- int 0
- ref 117
- int 2
- int 0
- int 1
- ref 6
- ref 108
if
sam_run: pc = 7, sp = 124, ir = 3800f
Working stack: (5 word(s))
- int 0
- ref 117
- int 2
- int 0
- ref 111
bra
sam_run: pc = 15, sp = 125, ir = 3800f
Working stack: (6 word(s))
- int 0
- ref 117
- int 2
- int 0
- ref 111
- ref 7
bra
sam_run: pc = 23, sp = 126, ir = d800f
Working stack: (7 word(s))
- int 0
- ref 117
- int 2
- int 0
- ref 111
- ref 7
- ref 15
bra
sam_run: pc = 51, sp = 127, ir = 6800f
Working stack: (8 word(s))
- int 0
- ref 117
- int 2
- int 0
- ref 111
- ref 7
- ref 15
- ref 23
bra
sam_run: pc = 65, sp = 128, ir = 15
Working stack: (9 word(s))
- int 0
- ref 117
- int 2
- int 0
- ref 111
- ref 7
- ref 15
- ref 23
- ref 51
int
sam_run: pc = 66, sp = 129, ir = fffffffd
Working stack: (10 word(s))
- int 0
- ref 117
- int 2
- int 0
- ref 111
- ref 7
- ref 15
- ref 23
- ref 51
- int 5
int
sam_run: pc = 67, sp = 130, ir = 13f
Working stack: (11 word(s))
- int 0
- ref 117
- int 2
- int 0
- ref 111
- ref 7
- ref 15
- ref 23
- ref 51
- int 5
- int -1
get
sam_run: pc = 68, sp = 130, ir = ffffffe9
Working stack: (11 word(s))
- int 0
- ref 117
- int 2
- int 0
- ref 111
- ref 7
- ref 15
- ref 23
- ref 51
- int 5
- int 5
int
sam_run: pc = 69, sp = 131, ir = 613f
Working stack: (12 word(s))
- int 0
- ref 117
- int 2
- int 0
- ref 111
- ref 7
- ref 15
- ref 23
- ref 51
- int 5
- int 5
- int -6
get
sam_run: pc = 69, sp = 131, ir = 613f
Working stack: (12 word(s))
- int 0
- ref 117
- int 2
- int 0
- ref 111
- ref 7
- ref 15
- ref 23
- ref 51
- int 5
- int 5
- ref 7
do
sam_run: pc = 8, sp = 131, ir = fffffff9
Working stack: (12 word(s))
- int 0
- ref 117
- int 2
- int 0
- ref 111
- ref 7
- ref 15
- ref 23
- ref 51
- int 5
- int 5
- ref 70
int
sam_run: pc = 9, sp = 132, ir = 13f
Working stack: (13 word(s))
- int 0
- ref 117
- int 2
- int 0
- ref 111
- ref 7
- ref 15
- ref 23
- ref 51
- int 5
- int 5
- ref 70
- int -2
get
sam_run: pc = 10, sp = 132, ir = 5
Working stack: (13 word(s))
- int 0
- ref 117
- int 2
- int 0
- ref 111
- ref 7
- ref 15
- ref 23
- ref 51
- int 5
- int 5
- ref 70
- int 5
int
sam_run: pc = 11, sp = 133, ir = a3f
Working stack: (14 word(s))
- int 0
- ref 117
- int 2
- int 0
- ref 111
- ref 7
- ref 15
- ref 23
- ref 51
- int 5
- int 5
- ref 70
- int 5
- int 1
add
sam_run: pc = 12, sp = 132, ir = fffffff9
Working stack: (13 word(s))
- int 0
- ref 117
- int 2
- int 0
- ref 111
- ref 7
- ref 15
- ref 23
- ref 51
- int 5
- int 5
- ref 70
- int 6
int
sam_run: pc = 13, sp = 133, ir = 1bf
Working stack: (14 word(s))
- int 0
- ref 117
- int 2
- int 0
- ref 111
- ref 7
- ref 15
- ref 23
- ref 51
- int 5
- int 5
- ref 70
- int 6
- int -2
set
sam_run: pc = 14, sp = 131, ir = fffc800f
Working stack: (12 word(s))
- int 0
- ref 117
- int 2
- int 0
- ref 111
- ref 7
- ref 15
- ref 23
- ref 51
- int 5
- int 6
- ref 70
ket
sam_run: pc = 70, sp = 130, ir = 5
Working stack: (11 word(s))
- int 0
- ref 117
- int 2
- int 0
- ref 111
- ref 7
- ref 15
- ref 23
- ref 51
- int 5
- int 6
int
sam_run: pc = 71, sp = 131, ir = bf
Working stack: (12 word(s))
- int 0
- ref 117
- int 2
- int 0
- ref 111
- ref 7
- ref 15
- ref 23
- ref 51
- int 5
- int 6
- int 1
pop
sam_run: pc = 72, sp = 129, ir = 1
Working stack: (10 word(s))
- int 0
- ref 117
- int 2
- int 0
- ref 111
- ref 7
- ref 15
- ref 23
- ref 51
- int 5
int
sam_run: pc = 73, sp = 130, ir = 4000f
Working stack: (11 word(s))
- int 0
- ref 117
- int 2
- int 0
- ref 111
- ref 7
- ref 15
- ref 23
- ref 51
- int 5
- int 0
bra
sam_run: pc = 82, sp = 131, ir = 33f
Working stack: (12 word(s))
- int 0
- ref 117
- int 2
- int 0
- ref 111
- ref 7
- ref 15
- ref 23
- ref 51
- int 5
- int 0
- ref 73
do
sam_run: pc = 74, sp = 131, ir = fffffff5
Working stack: (12 word(s))
- int 0
- ref 117
- int 2
- int 0
- ref 111
- ref 7
- ref 15
- ref 23
- ref 51
- int 5
- int 0
- ref 83
int
sam_run: pc = 75, sp = 132, ir = 13f
Working stack: (13 word(s))
- int 0
- ref 117
- int 2
- int 0
- ref 111
- ref 7
- ref 15
- ref 23
- ref 51
- int 5
- int 0
- ref 83
- int -3
get
sam_run: pc = 76, sp = 132, ir = 5
Working stack: (13 word(s))
- int 0
- ref 117
- int 2
- int 0
- ref 111
- ref 7
- ref 15
- ref 23
- ref 51
- int 5
- int 0
- ref 83
- int 5
int
sam_run: pc = 77, sp = 133, ir = ffffffe5
Working stack: (14 word(s))
- int 0
- ref 117
- int 2
- int 0
- ref 111
- ref 7
- ref 15
- ref 23
- ref 51
- int 5
- int 0
- ref 83
- int 5
- int 1
int
sam_run: pc = 78, sp = 134, ir = 613f
Working stack: (15 word(s))
- int 0
- ref 117
- int 2
- int 0
- ref 111
- ref 7
- ref 15
- ref 23
- ref 51
- int 5
- int 0
- ref 83
- int 5
- int 1
- int -7
get
sam_run: pc = 78, sp = 134, ir = 613f
Working stack: (15 word(s))
- int 0
- ref 117
- int 2
- int 0
- ref 111
- ref 7
- ref 15
- ref 23
- ref 51
- int 5
- int 0
- ref 83
- int 5
- int 1
- ref 23
do
sam_run: pc = 24, sp = 134, ir = 1
Working stack: (15 word(s))
- int 0
- ref 117
- int 2
- int 0
- ref 111
- ref 7
- ref 15
- ref 23
- ref 51
- int 5
- int 0
- ref 83
- int 5
- int 1
- ref 79
int
sam_run: pc = 25, sp = 135, ir = fffffff1
Working stack: (16 word(s))
- int 0
- ref 117
- int 2
- int 0
- ref 111
- ref 7
- ref 15
- ref 23
- ref 51
- int 5
- int 0
- ref 83
- int 5
- int 1
- ref 79
- int 0
int
sam_run: pc = 26, sp = 136, ir = 13f
Working stack: (17 word(s))
- int 0
- ref 117
- int 2
- int 0
- ref 111
- ref 7
- ref 15
- ref 23
- ref 51
- int 5
- int 0
- ref 83
- int 5
- int 1
- ref 79
- int 0
- int -4
get
sam_run: pc = 27, sp = 136, ir = fffffff1
Working stack: (17 word(s))
- int 0
- ref 117
- int 2
- int 0
- ref 111
- ref 7
- ref 15
- ref 23
- ref 51
- int 5
- int 0
- ref 83
- int 5
- int 1
- ref 79
- int 0
- int 5
int
sam_run: pc = 28, sp = 137, ir = 9c89e13f
Working stack: (18 word(s))
- int 0
- ref 117
- int 2
- int 0
- ref 111
- ref 7
- ref 15
- ref 23
- ref 51
- int 5
- int 0
- ref 83
- int 5
- int 1
- ref 79
- int 0
- int 5
- int -4
get
sam_run: pc = 28, sp = 137, ir = 9c89e13f
Working stack: (18 word(s))
- int 0
- ref 117
- int 2
- int 0
- ref 111
- ref 7
- ref 15
- ref 23
- ref 51
- int 5
- int 0
- ref 83
- int 5
- int 1
- ref 79
- int 0
- int 5
- int 1
_two
sam_run: pc = 28, sp = 138, ir = 9c89e13f
Working stack: (19 word(s))
- int 0
- ref 117
- int 2
- int 0
- ref 111
- ref 7
- ref 15
- ref 23
- ref 51
- int 5
- int 0
- ref 83
- int 5
- int 1
- ref 79
- int 0
- int 5
- int 1
- int -2
extract
sam_run: pc = 28, sp = 137, ir = 9c89e13f
Working stack: (18 word(s))
- int 0
- ref 117
- int 2
- int 0
- ref 111
- ref 7
- ref 15
- ref 23
- ref 51
- int 5
- int 0
- ref 83
- int 5
- int 1
- ref 79
- int 0
- int 1
- int 5
lt
sam_run: pc = 28, sp = 136, ir = 9c89e13f
Working stack: (17 word(s))
- int 0
- ref 117
- int 2
- int 0
- ref 111
- ref 7
- ref 15
- ref 23
- ref 51
- int 5
- int 0
- ref 83
- int 5
- int 1
- ref 79
- int 0
- int -1
neg
sam_run: pc = 29, sp = 136, ir = 4800f
Working stack: (17 word(s))
- int 0
- ref 117
- int 2
- int 0
- ref 111
- ref 7
- ref 15
- ref 23
- ref 51
- int 5
- int 0
- ref 83
- int 5
- int 1
- ref 79
- int 0
- int 1
bra
sam_run: pc = 39, sp = 137, ir = 800f
Working stack: (18 word(s))
- int 0
- ref 117
- int 2
- int 0
- ref 111
- ref 7
- ref 15
- ref 23
- ref 51
- int 5
- int 0
- ref 83
- int 5
- int 1
- ref 79
- int 0
- int 1
- ref 29
bra
sam_run: pc = 41, sp = 138, ir = 3bf
Working stack: (19 word(s))
- int 0
- ref 117
- int 2
- int 0
- ref 111
- ref 7
- ref 15
- ref 23
- ref 51
- int 5
- int 0
- ref 83
- int 5
- int 1
- ref 79
- int 0
- int 1
- ref 29
- ref 39
if
sam_run: pc = 30, sp = 136, ir = ffffffed
Working stack: (17 word(s))
- int 0
- ref 117
- int 2
- int 0
- ref 111
- ref 7
- ref 15
- ref 23
- ref 51
- int 5
- int 0
- ref 83
- int 5
- int 1
- ref 79
- int 0
- ref 42
int
sam_run: pc = 31, sp = 137, ir = 13f
Working stack: (18 word(s))
- int 0
- ref 117
- int 2
- int 0
- ref 111
- ref 7
- ref 15
- ref 23
- ref 51
- int 5
- int 0
- ref 83
- int 5
- int 1
- ref 79
- int 0
- ref 42
- int -5
get
sam_run: pc = 32, sp = 137, ir = ffffffed
Working stack: (18 word(s))
- int 0
- ref 117
- int 2
- int 0
- ref 111
- ref 7
- ref 15
- ref 23
- ref 51
- int 5
- int 0
- ref 83
- int 5
- int 1
- ref 79
- int 0
- ref 42
- int 5
int
sam_run: pc = 33, sp = 138, ir = 1bf
Working stack: (19 word(s))
- int 0
- ref 117
- int 2
- int 0
- ref 111
- ref 7
- ref 15
- ref 23
- ref 51
- int 5
- int 0
- ref 83
- int 5
- int 1
- ref 79
- int 0
- ref 42
- int 5
- int -5
set
sam_run: pc = 34, sp = 136, ir = 9
Working stack: (17 word(s))
- int 0
- ref 117
- int 2
- int 0
- ref 111
- ref 7
- ref 15
- ref 23
- ref 51
- int 5
- int 0
- ref 83
- int 5
- int 1
- ref 79
- int 0
- ref 42
int
sam_run: pc = 35, sp = 137, ir = bf
Working stack: (18 word(s))
- int 0
- ref 117
- int 2
- int 0
- ref 111
- ref 7
- ref 15
- ref 23
- ref 51
- int 5
- int 0
- ref 83
- int 5
- int 1
- ref 79
- int 0
- ref 42
- int 2
pop
sam_run: pc = 36, sp = 134, ir = fffffffd
Working stack: (15 word(s))
- int 0
- ref 117
- int 2
- int 0
- ref 111
- ref 7
- ref 15
- ref 23
- ref 51
- int 5
- int 0
- ref 83
- int 5
- int 1
- ref 79
int
sam_run: pc = 37, sp = 135, ir = 1bf
Working stack: (16 word(s))
- int 0
- ref 117
- int 2
- int 0
- ref 111
- ref 7
- ref 15
- ref 23
- ref 51
- int 5
- int 0
- ref 83
- int 5
- int 1
- ref 79
- int -1
set
sam_run: pc = 38, sp = 133, ir = fffb800f
Working stack: (14 word(s))
- int 0
- ref 117
- int 2
- int 0
- ref 111
- ref 7
- ref 15
- ref 23
- ref 51
- int 5
- int 0
- ref 83
- int 5
- ref 79
ket
sam_run: pc = 79, sp = 132, ir = fffffff9
Working stack: (13 word(s))
- int 0
- ref 117
- int 2
- int 0
- ref 111
- ref 7
- ref 15
- ref 23
- ref 51
- int 5
- int 0
- ref 83
- int 5
int
sam_run: pc = 80, sp = 133, ir = 1bf
Working stack: (14 word(s))
- int 0
- ref 117
- int 2
- int 0
- ref 111
- ref 7
- ref 15
- ref 23
- ref 51
- int 5
- int 0
- ref 83
- int 5
- int -2
set
sam_run: pc = 81, sp = 131, ir = fffc000f
Working stack: (12 word(s))
- int 0
- ref 117
- int 2
- int 0
- ref 111
- ref 7
- ref 15
- ref 23
- ref 51
- int 5
- int 5
- ref 83
ket
sam_run: pc = 83, sp = 130, ir = 2e3f
Working stack: (11 word(s))
- int 0
- ref 117
- int 2
- int 0
- ref 111
- ref 7
- ref 15
- ref 23
- ref 51
- int 5
- int 5
_one
sam_run: pc = 83, sp = 131, ir = 2e3f
Working stack: (12 word(s))
- int 0
- ref 117
- int 2
- int 0
- ref 111
- ref 7
- ref 15
- ref 23
- ref 51
- int 5
- int 5
- int -1
get
sam_run: pc = 84, sp = 131, ir = fffffff9
Working stack: (12 word(s))
- int 0
- ref 117
- int 2
- int 0
- ref 111
- ref 7
- ref 15
- ref 23
- ref 51
- int 5
- int 5
- int 5
int
sam_run: pc = 85, sp = 132, ir = 1bf
Working stack: (13 word(s))
- int 0
- ref 117
- int 2
- int 0
- ref 111
- ref 7
- ref 15
- ref 23
- ref 51
- int 5
- int 5
- int 5
- int -2
set
sam_run: pc = 86, sp = 130, ir = 5
Working stack: (11 word(s))
- int 0
- ref 117
- int 2
- int 0
- ref 111
- ref 7
- ref 15
- ref 23
- ref 51
- int 5
- int 5
int
sam_run: pc = 87, sp = 131, ir = bf
Working stack: (12 word(s))
- int 0
- ref 117
- int 2
- int 0
- ref 111
- ref 7
- ref 15
- ref 23
- ref 51
- int 5
- int 5
- int 1
pop
sam_run: pc = 88, sp = 129, ir = 9
Working stack: (10 word(s))
- int 0
- ref 117
- int 2
- int 0
- ref 111
- ref 7
- ref 15
- ref 23
- ref 51
- int 5
int
sam_run: pc = 89, sp = 130, ir = 11
Working stack: (11 word(s))
- int 0
- ref 117
- int 2
- int 0
- ref 111
- ref 7
- ref 15
- ref 23
- ref 51
- int 5
- int 2
int
sam_run: pc = 90, sp = 131, ir = 15
Working stack: (12 word(s))
- int 0
- ref 117
- int 2
- int 0
- ref 111
- ref 7
- ref 15
- ref 23
- ref 51
- int 5
- int 2
- int 4
int
sam_run: pc = 91, sp = 132, ir = abf
Working stack: (13 word(s))
- int 0
- ref 117
- int 2
- int 0
- ref 111
- ref 7
- ref 15
- ref 23
- ref 51
- int 5
- int 2
- int 4
- int 5
mul
sam_run: pc = 92, sp = 131, ir = 5
Working stack: (12 word(s))
- int 0
- ref 117
- int 2
- int 0
- ref 111
- ref 7
- ref 15
- ref 23
- ref 51
- int 5
- int 2
- int 20
int
sam_run: pc = 93, sp = 132, ir = 9
Working stack: (13 word(s))
- int 0
- ref 117
- int 2
- int 0
- ref 111
- ref 7
- ref 15
- ref 23
- ref 51
- int 5
- int 2
- int 20
- int 1
int
sam_run: pc = 94, sp = 133, ir = d
Working stack: (14 word(s))
- int 0
- ref 117
- int 2
- int 0
- ref 111
- ref 7
- ref 15
- ref 23
- ref 51
- int 5
- int 2
- int 20
- int 1
- int 2
int
sam_run: pc = 95, sp = 134, ir = ffffffe5
Working stack: (15 word(s))
- int 0
- ref 117
- int 2
- int 0
- ref 111
- ref 7
- ref 15
- ref 23
- ref 51
- int 5
- int 2
- int 20
- int 1
- int 2
- int 3
int
sam_run: pc = 96, sp = 135, ir = 613f
Working stack: (16 word(s))
- int 0
- ref 117
- int 2
- int 0
- ref 111
- ref 7
- ref 15
- ref 23
- ref 51
- int 5
- int 2
- int 20
- int 1
- int 2
- int 3
- int -7
get
sam_run: pc = 96, sp = 135, ir = 613f
Working stack: (16 word(s))
- int 0
- ref 117
- int 2
- int 0
- ref 111
- ref 7
- ref 15
- ref 23
- ref 51
- int 5
- int 2
- int 20
- int 1
- int 2
- int 3
- ref 51
do
sam_run: pc = 52, sp = 135, ir = fffffff1
Working stack: (16 word(s))
- int 0
- ref 117
- int 2
- int 0
- ref 111
- ref 7
- ref 15
- ref 23
- ref 51
- int 5
- int 2
- int 20
- int 1
- int 2
- int 3
- ref 97
int
sam_run: pc = 53, sp = 136, ir = 13f
Working stack: (17 word(s))
- int 0
- ref 117
- int 2
- int 0
- ref 111
- ref 7
- ref 15
- ref 23
- ref 51
- int 5
- int 2
- int 20
- int 1
- int 2
- int 3
- ref 97
- int -4
get
sam_run: pc = 54, sp = 136, ir = fffffff1
Working stack: (17 word(s))
- int 0
- ref 117
- int 2
- int 0
- ref 111
- ref 7
- ref 15
- ref 23
- ref 51
- int 5
- int 2
- int 20
- int 1
- int 2
- int 3
- ref 97
- int 1
int
sam_run: pc = 55, sp = 137, ir = 13f
Working stack: (18 word(s))
- int 0
- ref 117
- int 2
- int 0
- ref 111
- ref 7
- ref 15
- ref 23
- ref 51
- int 5
- int 2
- int 20
- int 1
- int 2
- int 3
- ref 97
- int 1
- int -4
get
sam_run: pc = 56, sp = 137, ir = fffffff1
Working stack: (18 word(s))
- int 0
- ref 117
- int 2
- int 0
- ref 111
- ref 7
- ref 15
- ref 23
- ref 51
- int 5
- int 2
- int 20
- int 1
- int 2
- int 3
- ref 97
- int 1
- int 2
int
sam_run: pc = 57, sp = 138, ir = 29413f
Working stack: (19 word(s))
- int 0
- ref 117
- int 2
- int 0
- ref 111
- ref 7
- ref 15
- ref 23
- ref 51
- int 5
- int 2
- int 20
- int 1
- int 2
- int 3
- ref 97
- int 1
- int 2
- int -4
get
sam_run: pc = 57, sp = 138, ir = 29413f
Working stack: (19 word(s))
- int 0
- ref 117
- int 2
- int 0
- ref 111
- ref 7
- ref 15
- ref 23
- ref 51
- int 5
- int 2
- int 20
- int 1
- int 2
- int 3
- ref 97
- int 1
- int 2
- int 3
add
sam_run: pc = 57, sp = 137, ir = 29413f
Working stack: (18 word(s))
- int 0
- ref 117
- int 2
- int 0
- ref 111
- ref 7
- ref 15
- ref 23
- ref 51
- int 5
- int 2
- int 20
- int 1
- int 2
- int 3
- ref 97
- int 1
- int 5
add
sam_run: pc = 58, sp = 136, ir = fffffff1
Working stack: (17 word(s))
- int 0
- ref 117
- int 2
- int 0
- ref 111
- ref 7
- ref 15
- ref 23
- ref 51
- int 5
- int 2
- int 20
- int 1
- int 2
- int 3
- ref 97
- int 6
int
sam_run: pc = 59, sp = 137, ir = 1bf
Working stack: (18 word(s))
- int 0
- ref 117
- int 2
- int 0
- ref 111
- ref 7
- ref 15
- ref 23
- ref 51
- int 5
- int 2
- int 20
- int 1
- int 2
- int 3
- ref 97
- int 6
- int -4
set
sam_run: pc = 60, sp = 135, ir = fffffff9
Working stack: (16 word(s))
- int 0
- ref 117
- int 2
- int 0
- ref 111
- ref 7
- ref 15
- ref 23
- ref 51
- int 5
- int 2
- int 20
- int 6
- int 2
- int 3
- ref 97
int
sam_run: pc = 61, sp = 136, ir = 1bf
Working stack: (17 word(s))
- int 0
- ref 117
- int 2
- int 0
- ref 111
- ref 7
- ref 15
- ref 23
- ref 51
- int 5
- int 2
- int 20
- int 6
- int 2
- int 3
- ref 97
- int -2
set
sam_run: pc = 62, sp = 134, ir = 5
Working stack: (15 word(s))
- int 0
- ref 117
- int 2
- int 0
- ref 111
- ref 7
- ref 15
- ref 23
- ref 51
- int 5
- int 2
- int 20
- int 6
- ref 97
- int 3
int
sam_run: pc = 63, sp = 135, ir = bf
Working stack: (16 word(s))
- int 0
- ref 117
- int 2
- int 0
- ref 111
- ref 7
- ref 15
- ref 23
- ref 51
- int 5
- int 2
- int 20
- int 6
- ref 97
- int 3
- int 1
pop
sam_run: pc = 64, sp = 133, ir = fff9800f
Working stack: (14 word(s))
- int 0
- ref 117
- int 2
- int 0
- ref 111
- ref 7
- ref 15
- ref 23
- ref 51
- int 5
- int 2
- int 20
- int 6
- ref 97
ket
sam_run: pc = 97, sp = 132, ir = 5
Working stack: (13 word(s))
- int 0
- ref 117
- int 2
- int 0
- ref 111
- ref 7
- ref 15
- ref 23
- ref 51
- int 5
- int 2
- int 20
- int 6
int
sam_run: pc = 98, sp = 133, ir = ffffffe1
Working stack: (14 word(s))
- int 0
- ref 117
- int 2
- int 0
- ref 111
- ref 7
- ref 15
- ref 23
- ref 51
- int 5
- int 2
- int 20
- int 6
- int 1
int
sam_run: pc = 99, sp = 134, ir = 613f
Working stack: (15 word(s))
- int 0
- ref 117
- int 2
- int 0
- ref 111
- ref 7
- ref 15
- ref 23
- ref 51
- int 5
- int 2
- int 20
- int 6
- int 1
- int -8
get
sam_run: pc = 99, sp = 134, ir = 613f
Working stack: (15 word(s))
- int 0
- ref 117
- int 2
- int 0
- ref 111
- ref 7
- ref 15
- ref 23
- ref 51
- int 5
- int 2
- int 20
- int 6
- int 1
- ref 15
do
sam_run: pc = 16, sp = 134, ir = fffffff9
Working stack: (15 word(s))
- int 0
- ref 117
- int 2
- int 0
- ref 111
- ref 7
- ref 15
- ref 23
- ref 51
- int 5
- int 2
- int 20
- int 6
- int 1
- ref 100
int
sam_run: pc = 17, sp = 135, ir = 13f
Working stack: (16 word(s))
- int 0
- ref 117
- int 2
- int 0
- ref 111
- ref 7
- ref 15
- ref 23
- ref 51
- int 5
- int 2
- int 20
- int 6
- int 1
- ref 100
- int -2
get
sam_run: pc = 18, sp = 135, ir = 5
Working stack: (16 word(s))
- int 0
- ref 117
- int 2
- int 0
- ref 111
- ref 7
- ref 15
- ref 23
- ref 51
- int 5
- int 2
- int 20
- int 6
- int 1
- ref 100
- int 1
int
sam_run: pc = 19, sp = 136, ir = a3f
Working stack: (17 word(s))
- int 0
- ref 117
- int 2
- int 0
- ref 111
- ref 7
- ref 15
- ref 23
- ref 51
- int 5
- int 2
- int 20
- int 6
- int 1
- ref 100
- int 1
- int 1
add
sam_run: pc = 20, sp = 135, ir = fffffff9
Working stack: (16 word(s))
- int 0
- ref 117
- int 2
- int 0
- ref 111
- ref 7
- ref 15
- ref 23
- ref 51
- int 5
- int 2
- int 20
- int 6
- int 1
- ref 100
- int 2
int
sam_run: pc = 21, sp = 136, ir = 1bf
Working stack: (17 word(s))
- int 0
- ref 117
- int 2
- int 0
- ref 111
- ref 7
- ref 15
- ref 23
- ref 51
- int 5
- int 2
- int 20
- int 6
- int 1
- ref 100
- int 2
- int -2
set
sam_run: pc = 22, sp = 134, ir = fffc800f
Working stack: (15 word(s))
- int 0
- ref 117
- int 2
- int 0
- ref 111
- ref 7
- ref 15
- ref 23
- ref 51
- int 5
- int 2
- int 20
- int 6
- int 2
- ref 100
ket
sam_run: pc = 100, sp = 133, ir = 17294a3f
Working stack: (14 word(s))
- int 0
- ref 117
- int 2
- int 0
- ref 111
- ref 7
- ref 15
- ref 23
- ref 51
- int 5
- int 2
- int 20
- int 6
- int 2
add
sam_run: pc = 100, sp = 132, ir = 17294a3f
Working stack: (13 word(s))
- int 0
- ref 117
- int 2
- int 0
- ref 111
- ref 7
- ref 15
- ref 23
- ref 51
- int 5
- int 2
- int 20
- int 8
add
sam_run: pc = 100, sp = 131, ir = 17294a3f
Working stack: (12 word(s))
- int 0
- ref 117
- int 2
- int 0
- ref 111
- ref 7
- ref 15
- ref 23
- ref 51
- int 5
- int 2
- int 28
add
sam_run: pc = 100, sp = 130, ir = 17294a3f
Working stack: (11 word(s))
- int 0
- ref 117
- int 2
- int 0
- ref 111
- ref 7
- ref 15
- ref 23
- ref 51
- int 5
- int 30
_one
sam_run: pc = 100, sp = 131, ir = 17294a3f
Working stack: (12 word(s))
- int 0
- ref 117
- int 2
- int 0
- ref 111
- ref 7
- ref 15
- ref 23
- ref 51
- int 5
- int 30
- int -1
get
sam_run: pc = 101, sp = 131, ir = ffffffdd
Working stack: (12 word(s))
- int 0
- ref 117
- int 2
- int 0
- ref 111
- ref 7
- ref 15
- ref 23
- ref 51
- int 5
- int 30
- int 30
int
sam_run: pc = 102, sp = 132, ir = 1bf
Working stack: (13 word(s))
- int 0
- ref 117
- int 2
- int 0
- ref 111
- ref 7
- ref 15
- ref 23
- ref 51
- int 5
- int 30
- int 30
- int -9
set
sam_run: pc = 103, sp = 130, ir = ffffffe5
Working stack: (11 word(s))
- int 0
- ref 117
- int 30
- int 0
- ref 111
- ref 7
- ref 15
- ref 23
- ref 51
- int 5
- int 30
int
sam_run: pc = 104, sp = 131, ir = 1bf
Working stack: (12 word(s))
- int 0
- ref 117
- int 30
- int 0
- ref 111
- ref 7
- ref 15
- ref 23
- ref 51
- int 5
- int 30
- int -7
set
sam_run: pc = 105, sp = 129, ir = 15
Working stack: (10 word(s))
- int 0
- ref 117
- int 30
- int 30
- ref 111
- ref 7
- ref 15
- ref 23
- ref 51
- int 5
int
sam_run: pc = 106, sp = 130, ir = bf
Working stack: (11 word(s))
- int 0
- ref 117
- int 30
- int 30
- ref 111
- ref 7
- ref 15
- ref 23
- ref 51
- int 5
- int 5
pop
sam_run: pc = 107, sp = 124, ir = ffcd800f
Working stack: (5 word(s))
- int 0
- ref 117
- int 30
- int 30
- ref 111
ket
sam_run: pc = 111, sp = 123, ir = fffffff5
Working stack: (4 word(s))
- int 0
- ref 117
- int 30
- int 30
int
sam_run: pc = 112, sp = 124, ir = 1bf
Working stack: (5 word(s))
- int 0
- ref 117
- int 30
- int 30
- int -3
set
sam_run: pc = 113, sp = 122, ir = 5
Working stack: (3 word(s))
- int 30
- ref 117
- int 30
int
sam_run: pc = 114, sp = 123, ir = bf
Working stack: (4 word(s))
- int 30
- ref 117
- int 30
- int 1
pop
sam_run: pc = 115, sp = 121, ir = ffc7800f
Working stack: (2 word(s))
- int 30
- ref 117
ket
sam_run: pc = 117, sp = 120, ir = fbf
Working stack: (1 word(s))
- int 30
halt
Stack: (119 word(s))
- 
  - int 0
  - 
    - int 2
    - int 0
    - int 1
    - 
      - 
        - int -2
        - get
        - int 1
        - add
        - int -2
        - set
      - 
        - int -2
        - get
        - int 1
        - add
        - int -2
        - set
      - 
        - int 0
        - int -4
        - get
        - int -4
        - get _two extract lt neg
        - 
          - int -5
          - get
          - int -5
          - set
          - int 2
          - pop
          - int -1
          - set
        - 
        - if
        - int 1
        - pop
        - int -2
        - get
        - int -3
        - set
        - int -1
        - set
      - 
        - int -4
        - get
        - int -4
        - get
        - int -4
        - get add add
        - int -4
        - set
        - int -2
        - set
        - int 1
        - pop
      - int 5
      - int -1
      - get
      - int -6
      - get do
      - int 1
      - pop
      - int 0
      - 
        - int -3
        - get
        - int 1
        - int -7
        - get do
        - int -2
        - set
      - do
      - _one get
      - int -2
      - set
      - int 1
      - pop
      - int 2
      - int 4
      - int 5
      - mul
      - int 1
      - int 2
      - int 3
      - int -7
      - get do
      - int 1
      - int -8
      - get do
      - add add add _one get
      - int -9
      - set
      - int -7
      - set
      - int 5
      - pop
    - 
    - if
    - int -3
    - set
    - int 1
    - pop
  - do
  - halt
sam_run returns: halt with reason 30 (0x1e)
