Stack: XXXXXXXX (4 items)
- int 5
- stack XXXXXXXX (5 items)
  - int -3
  - get
  - stack XXXXXXXX (11 items)
    - int -5
    - get
    - int -1
    - add
    - stack XXXXXXXX
    - do
    - int -6
    - get
    - mul
    - int -5
    - set
  - stack XXXXXXXX (3 items)
    - int 1
    - int -5
    - set
  - if
- do
- halt
sam_run: pc0 = XXXXXXXX, pc = 0/4, sp = 4, ir = XXXXXXXX
Working stack (0 items):
int
sam_run: pc0 = XXXXXXXX, pc = 1/5, sp = 5, ir = XXXXXXXX
Working stack (1 items):
- int 5
stack
sam_run: pc0 = XXXXXXXX, pc = 2/6, sp = 6, ir = XXXXXXXX
Working stack (2 items):
- int 5
- stack XXXXXXXX
do
sam_run: pc0 = XXXXXXXX, pc = 0/5, sp = 7, ir = XXXXXXXX
Working stack (3 items):
- int 5
- stack XXXXXXXX
- link XXXXXXXX
int
sam_run: pc0 = XXXXXXXX, pc = 1/5, sp = 8, ir = XXXXXXXX
Working stack (4 items):
- int 5
- stack XXXXXXXX
- link XXXXXXXX
- int -3
get
sam_run: pc0 = XXXXXXXX, pc = 2/5, sp = 8, ir = XXXXXXXX
Working stack (4 items):
- int 5
- stack XXXXXXXX
- link XXXXXXXX
- int 5
stack
sam_run: pc0 = XXXXXXXX, pc = 3/5, sp = 9, ir = XXXXXXXX
Working stack (5 items):
- int 5
- stack XXXXXXXX
- link XXXXXXXX
- int 5
- stack XXXXXXXX
stack
sam_run: pc0 = XXXXXXXX, pc = 4/5, sp = 10, ir = XXXXXXXX
Working stack (6 items):
- int 5
- stack XXXXXXXX
- link XXXXXXXX
- int 5
- stack XXXXXXXX
- stack XXXXXXXX
if
sam_run: pc0 = XXXXXXXX, pc = 0/11, sp = 9, ir = XXXXXXXX
Working stack (5 items):
- int 5
- stack XXXXXXXX
- link XXXXXXXX
- stack XXXXXXXX
- link XXXXXXXX
int
sam_run: pc0 = XXXXXXXX, pc = 1/11, sp = 10, ir = XXXXXXXX
Working stack (6 items):
- int 5
- stack XXXXXXXX
- link XXXXXXXX
- stack XXXXXXXX
- link XXXXXXXX
- int -5
get
sam_run: pc0 = XXXXXXXX, pc = 2/11, sp = 10, ir = XXXXXXXX
Working stack (6 items):
- int 5
- stack XXXXXXXX
- link XXXXXXXX
- stack XXXXXXXX
- link XXXXXXXX
- int 5
int
sam_run: pc0 = XXXXXXXX, pc = 3/11, sp = 11, ir = XXXXXXXX
Working stack (7 items):
- int 5
- stack XXXXXXXX
- link XXXXXXXX
- stack XXXXXXXX
- link XXXXXXXX
- int 5
- int -1
add
sam_run: pc0 = XXXXXXXX, pc = 4/11, sp = 10, ir = XXXXXXXX
Working stack (6 items):
- int 5
- stack XXXXXXXX
- link XXXXXXXX
- stack XXXXXXXX
- link XXXXXXXX
- int 4
stack
sam_run: pc0 = XXXXXXXX, pc = 5/11, sp = 11, ir = XXXXXXXX
Working stack (7 items):
- int 5
- stack XXXXXXXX
- link XXXXXXXX
- stack XXXXXXXX
- link XXXXXXXX
- int 4
- stack XXXXXXXX
do
sam_run: pc0 = XXXXXXXX, pc = 0/5, sp = 12, ir = XXXXXXXX
Working stack (8 items):
- int 5
- stack XXXXXXXX
- link XXXXXXXX
- stack XXXXXXXX
- link XXXXXXXX
- int 4
- stack XXXXXXXX
- link XXXXXXXX
int
sam_run: pc0 = XXXXXXXX, pc = 1/5, sp = 13, ir = XXXXXXXX
Working stack (9 items):
- int 5
- stack XXXXXXXX
- link XXXXXXXX
- stack XXXXXXXX
- link XXXXXXXX
- int 4
- stack XXXXXXXX
- link XXXXXXXX
- int -3
get
sam_run: pc0 = XXXXXXXX, pc = 2/5, sp = 13, ir = XXXXXXXX
Working stack (9 items):
- int 5
- stack XXXXXXXX
- link XXXXXXXX
- stack XXXXXXXX
- link XXXXXXXX
- int 4
- stack XXXXXXXX
- link XXXXXXXX
- int 4
stack
sam_run: pc0 = XXXXXXXX, pc = 3/5, sp = 14, ir = XXXXXXXX
Working stack (10 items):
- int 5
- stack XXXXXXXX
- link XXXXXXXX
- stack XXXXXXXX
- link XXXXXXXX
- int 4
- stack XXXXXXXX
- link XXXXXXXX
- int 4
- stack XXXXXXXX
stack
sam_run: pc0 = XXXXXXXX, pc = 4/5, sp = 15, ir = XXXXXXXX
Working stack (11 items):
- int 5
- stack XXXXXXXX
- link XXXXXXXX
- stack XXXXXXXX
- link XXXXXXXX
- int 4
- stack XXXXXXXX
- link XXXXXXXX
- int 4
- stack XXXXXXXX
- stack XXXXXXXX
if
sam_run: pc0 = XXXXXXXX, pc = 0/11, sp = 14, ir = XXXXXXXX
Working stack (10 items):
- int 5
- stack XXXXXXXX
- link XXXXXXXX
- stack XXXXXXXX
- link XXXXXXXX
- int 4
- stack XXXXXXXX
- link XXXXXXXX
- stack XXXXXXXX
- link XXXXXXXX
int
sam_run: pc0 = XXXXXXXX, pc = 1/11, sp = 15, ir = XXXXXXXX
Working stack (11 items):
- int 5
- stack XXXXXXXX
- link XXXXXXXX
- stack XXXXXXXX
- link XXXXXXXX
- int 4
- stack XXXXXXXX
- link XXXXXXXX
- stack XXXXXXXX
- link XXXXXXXX
- int -5
get
sam_run: pc0 = XXXXXXXX, pc = 2/11, sp = 15, ir = XXXXXXXX
Working stack (11 items):
- int 5
- stack XXXXXXXX
- link XXXXXXXX
- stack XXXXXXXX
- link XXXXXXXX
- int 4
- stack XXXXXXXX
- link XXXXXXXX
- stack XXXXXXXX
- link XXXXXXXX
- int 4
int
sam_run: pc0 = XXXXXXXX, pc = 3/11, sp = 16, ir = XXXXXXXX
Working stack (12 items):
- int 5
- stack XXXXXXXX
- link XXXXXXXX
- stack XXXXXXXX
- link XXXXXXXX
- int 4
- stack XXXXXXXX
- link XXXXXXXX
- stack XXXXXXXX
- link XXXXXXXX
- int 4
- int -1
add
sam_run: pc0 = XXXXXXXX, pc = 4/11, sp = 15, ir = XXXXXXXX
Working stack (11 items):
- int 5
- stack XXXXXXXX
- link XXXXXXXX
- stack XXXXXXXX
- link XXXXXXXX
- int 4
- stack XXXXXXXX
- link XXXXXXXX
- stack XXXXXXXX
- link XXXXXXXX
- int 3
stack
sam_run: pc0 = XXXXXXXX, pc = 5/11, sp = 16, ir = XXXXXXXX
Working stack (12 items):
- int 5
- stack XXXXXXXX
- link XXXXXXXX
- stack XXXXXXXX
- link XXXXXXXX
- int 4
- stack XXXXXXXX
- link XXXXXXXX
- stack XXXXXXXX
- link XXXXXXXX
- int 3
- stack XXXXXXXX
do
sam_run: pc0 = XXXXXXXX, pc = 0/5, sp = 17, ir = XXXXXXXX
Working stack (13 items):
- int 5
- stack XXXXXXXX
- link XXXXXXXX
- stack XXXXXXXX
- link XXXXXXXX
- int 4
- stack XXXXXXXX
- link XXXXXXXX
- stack XXXXXXXX
- link XXXXXXXX
- int 3
- stack XXXXXXXX
- link XXXXXXXX
int
sam_run: pc0 = XXXXXXXX, pc = 1/5, sp = 18, ir = XXXXXXXX
Working stack (14 items):
- int 5
- stack XXXXXXXX
- link XXXXXXXX
- stack XXXXXXXX
- link XXXXXXXX
- int 4
- stack XXXXXXXX
- link XXXXXXXX
- stack XXXXXXXX
- link XXXXXXXX
- int 3
- stack XXXXXXXX
- link XXXXXXXX
- int -3
get
sam_run: pc0 = XXXXXXXX, pc = 2/5, sp = 18, ir = XXXXXXXX
Working stack (14 items):
- int 5
- stack XXXXXXXX
- link XXXXXXXX
- stack XXXXXXXX
- link XXXXXXXX
- int 4
- stack XXXXXXXX
- link XXXXXXXX
- stack XXXXXXXX
- link XXXXXXXX
- int 3
- stack XXXXXXXX
- link XXXXXXXX
- int 3
stack
sam_run: pc0 = XXXXXXXX, pc = 3/5, sp = 19, ir = XXXXXXXX
Working stack (15 items):
- int 5
- stack XXXXXXXX
- link XXXXXXXX
- stack XXXXXXXX
- link XXXXXXXX
- int 4
- stack XXXXXXXX
- link XXXXXXXX
- stack XXXXXXXX
- link XXXXXXXX
- int 3
- stack XXXXXXXX
- link XXXXXXXX
- int 3
- stack XXXXXXXX
stack
sam_run: pc0 = XXXXXXXX, pc = 4/5, sp = 20, ir = XXXXXXXX
Working stack (16 items):
- int 5
- stack XXXXXXXX
- link XXXXXXXX
- stack XXXXXXXX
- link XXXXXXXX
- int 4
- stack XXXXXXXX
- link XXXXXXXX
- stack XXXXXXXX
- link XXXXXXXX
- int 3
- stack XXXXXXXX
- link XXXXXXXX
- int 3
- stack XXXXXXXX
- stack XXXXXXXX
if
sam_run: pc0 = XXXXXXXX, pc = 0/11, sp = 19, ir = XXXXXXXX
Working stack (15 items):
- int 5
- stack XXXXXXXX
- link XXXXXXXX
- stack XXXXXXXX
- link XXXXXXXX
- int 4
- stack XXXXXXXX
- link XXXXXXXX
- stack XXXXXXXX
- link XXXXXXXX
- int 3
- stack XXXXXXXX
- link XXXXXXXX
- stack XXXXXXXX
- link XXXXXXXX
int
sam_run: pc0 = XXXXXXXX, pc = 1/11, sp = 20, ir = XXXXXXXX
Working stack (16 items):
- int 5
- stack XXXXXXXX
- link XXXXXXXX
- stack XXXXXXXX
- link XXXXXXXX
- int 4
- stack XXXXXXXX
- link XXXXXXXX
- stack XXXXXXXX
- link XXXXXXXX
- int 3
- stack XXXXXXXX
- link XXXXXXXX
- stack XXXXXXXX
- link XXXXXXXX
- int -5
get
sam_run: pc0 = XXXXXXXX, pc = 2/11, sp = 20, ir = XXXXXXXX
Working stack (16 items):
- int 5
- stack XXXXXXXX
- link XXXXXXXX
- stack XXXXXXXX
- link XXXXXXXX
- int 4
- stack XXXXXXXX
- link XXXXXXXX
- stack XXXXXXXX
- link XXXXXXXX
- int 3
- stack XXXXXXXX
- link XXXXXXXX
- stack XXXXXXXX
- link XXXXXXXX
- int 3
int
sam_run: pc0 = XXXXXXXX, pc = 3/11, sp = 21, ir = XXXXXXXX
Working stack (17 items):
- int 5
- stack XXXXXXXX
- link XXXXXXXX
- stack XXXXXXXX
- link XXXXXXXX
- int 4
- stack XXXXXXXX
- link XXXXXXXX
- stack XXXXXXXX
- link XXXXXXXX
- int 3
- stack XXXXXXXX
- link XXXXXXXX
- stack XXXXXXXX
- link XXXXXXXX
- int 3
- int -1
add
sam_run: pc0 = XXXXXXXX, pc = 4/11, sp = 20, ir = XXXXXXXX
Working stack (16 items):
- int 5
- stack XXXXXXXX
- link XXXXXXXX
- stack XXXXXXXX
- link XXXXXXXX
- int 4
- stack XXXXXXXX
- link XXXXXXXX
- stack XXXXXXXX
- link XXXXXXXX
- int 3
- stack XXXXXXXX
- link XXXXXXXX
- stack XXXXXXXX
- link XXXXXXXX
- int 2
stack
sam_run: pc0 = XXXXXXXX, pc = 5/11, sp = 21, ir = XXXXXXXX
Working stack (17 items):
- int 5
- stack XXXXXXXX
- link XXXXXXXX
- stack XXXXXXXX
- link XXXXXXXX
- int 4
- stack XXXXXXXX
- link XXXXXXXX
- stack XXXXXXXX
- link XXXXXXXX
- int 3
- stack XXXXXXXX
- link XXXXXXXX
- stack XXXXXXXX
- link XXXXXXXX
- int 2
- stack XXXXXXXX
do
sam_run: pc0 = XXXXXXXX, pc = 0/5, sp = 22, ir = XXXXXXXX
Working stack (18 items):
- int 5
- stack XXXXXXXX
- link XXXXXXXX
- stack XXXXXXXX
- link XXXXXXXX
- int 4
- stack XXXXXXXX
- link XXXXXXXX
- stack XXXXXXXX
- link XXXXXXXX
- int 3
- stack XXXXXXXX
- link XXXXXXXX
- stack XXXXXXXX
- link XXXXXXXX
- int 2
- stack XXXXXXXX
- link XXXXXXXX
int
sam_run: pc0 = XXXXXXXX, pc = 1/5, sp = 23, ir = XXXXXXXX
Working stack (19 items):
- int 5
- stack XXXXXXXX
- link XXXXXXXX
- stack XXXXXXXX
- link XXXXXXXX
- int 4
- stack XXXXXXXX
- link XXXXXXXX
- stack XXXXXXXX
- link XXXXXXXX
- int 3
- stack XXXXXXXX
- link XXXXXXXX
- stack XXXXXXXX
- link XXXXXXXX
- int 2
- stack XXXXXXXX
- link XXXXXXXX
- int -3
get
sam_run: pc0 = XXXXXXXX, pc = 2/5, sp = 23, ir = XXXXXXXX
Working stack (19 items):
- int 5
- stack XXXXXXXX
- link XXXXXXXX
- stack XXXXXXXX
- link XXXXXXXX
- int 4
- stack XXXXXXXX
- link XXXXXXXX
- stack XXXXXXXX
- link XXXXXXXX
- int 3
- stack XXXXXXXX
- link XXXXXXXX
- stack XXXXXXXX
- link XXXXXXXX
- int 2
- stack XXXXXXXX
- link XXXXXXXX
- int 2
stack
sam_run: pc0 = XXXXXXXX, pc = 3/5, sp = 24, ir = XXXXXXXX
Working stack (20 items):
- int 5
- stack XXXXXXXX
- link XXXXXXXX
- stack XXXXXXXX
- link XXXXXXXX
- int 4
- stack XXXXXXXX
- link XXXXXXXX
- stack XXXXXXXX
- link XXXXXXXX
- int 3
- stack XXXXXXXX
- link XXXXXXXX
- stack XXXXXXXX
- link XXXXXXXX
- int 2
- stack XXXXXXXX
- link XXXXXXXX
- int 2
- stack XXXXXXXX
stack
sam_run: pc0 = XXXXXXXX, pc = 4/5, sp = 25, ir = XXXXXXXX
Working stack (21 items):
- int 5
- stack XXXXXXXX
- link XXXXXXXX
- stack XXXXXXXX
- link XXXXXXXX
- int 4
- stack XXXXXXXX
- link XXXXXXXX
- stack XXXXXXXX
- link XXXXXXXX
- int 3
- stack XXXXXXXX
- link XXXXXXXX
- stack XXXXXXXX
- link XXXXXXXX
- int 2
- stack XXXXXXXX
- link XXXXXXXX
- int 2
- stack XXXXXXXX
- stack XXXXXXXX
if
sam_run: pc0 = XXXXXXXX, pc = 0/11, sp = 24, ir = XXXXXXXX
Working stack (20 items):
- int 5
- stack XXXXXXXX
- link XXXXXXXX
- stack XXXXXXXX
- link XXXXXXXX
- int 4
- stack XXXXXXXX
- link XXXXXXXX
- stack XXXXXXXX
- link XXXXXXXX
- int 3
- stack XXXXXXXX
- link XXXXXXXX
- stack XXXXXXXX
- link XXXXXXXX
- int 2
- stack XXXXXXXX
- link XXXXXXXX
- stack XXXXXXXX
- link XXXXXXXX
int
sam_run: pc0 = XXXXXXXX, pc = 1/11, sp = 25, ir = XXXXXXXX
Working stack (21 items):
- int 5
- stack XXXXXXXX
- link XXXXXXXX
- stack XXXXXXXX
- link XXXXXXXX
- int 4
- stack XXXXXXXX
- link XXXXXXXX
- stack XXXXXXXX
- link XXXXXXXX
- int 3
- stack XXXXXXXX
- link XXXXXXXX
- stack XXXXXXXX
- link XXXXXXXX
- int 2
- stack XXXXXXXX
- link XXXXXXXX
- stack XXXXXXXX
- link XXXXXXXX
- int -5
get
sam_run: pc0 = XXXXXXXX, pc = 2/11, sp = 25, ir = XXXXXXXX
Working stack (21 items):
- int 5
- stack XXXXXXXX
- link XXXXXXXX
- stack XXXXXXXX
- link XXXXXXXX
- int 4
- stack XXXXXXXX
- link XXXXXXXX
- stack XXXXXXXX
- link XXXXXXXX
- int 3
- stack XXXXXXXX
- link XXXXXXXX
- stack XXXXXXXX
- link XXXXXXXX
- int 2
- stack XXXXXXXX
- link XXXXXXXX
- stack XXXXXXXX
- link XXXXXXXX
- int 2
int
sam_run: pc0 = XXXXXXXX, pc = 3/11, sp = 26, ir = XXXXXXXX
Working stack (22 items):
- int 5
- stack XXXXXXXX
- link XXXXXXXX
- stack XXXXXXXX
- link XXXXXXXX
- int 4
- stack XXXXXXXX
- link XXXXXXXX
- stack XXXXXXXX
- link XXXXXXXX
- int 3
- stack XXXXXXXX
- link XXXXXXXX
- stack XXXXXXXX
- link XXXXXXXX
- int 2
- stack XXXXXXXX
- link XXXXXXXX
- stack XXXXXXXX
- link XXXXXXXX
- int 2
- int -1
add
sam_run: pc0 = XXXXXXXX, pc = 4/11, sp = 25, ir = XXXXXXXX
Working stack (21 items):
- int 5
- stack XXXXXXXX
- link XXXXXXXX
- stack XXXXXXXX
- link XXXXXXXX
- int 4
- stack XXXXXXXX
- link XXXXXXXX
- stack XXXXXXXX
- link XXXXXXXX
- int 3
- stack XXXXXXXX
- link XXXXXXXX
- stack XXXXXXXX
- link XXXXXXXX
- int 2
- stack XXXXXXXX
- link XXXXXXXX
- stack XXXXXXXX
- link XXXXXXXX
- int 1
stack
sam_run: pc0 = XXXXXXXX, pc = 5/11, sp = 26, ir = XXXXXXXX
Working stack (22 items):
- int 5
- stack XXXXXXXX
- link XXXXXXXX
- stack XXXXXXXX
- link XXXXXXXX
- int 4
- stack XXXXXXXX
- link XXXXXXXX
- stack XXXXXXXX
- link XXXXXXXX
- int 3
- stack XXXXXXXX
- link XXXXXXXX
- stack XXXXXXXX
- link XXXXXXXX
- int 2
- stack XXXXXXXX
- link XXXXXXXX
- stack XXXXXXXX
- link XXXXXXXX
- int 1
- stack XXXXXXXX
do
sam_run: pc0 = XXXXXXXX, pc = 0/5, sp = 27, ir = XXXXXXXX
Working stack (23 items):
- int 5
- stack XXXXXXXX
- link XXXXXXXX
- stack XXXXXXXX
- link XXXXXXXX
- int 4
- stack XXXXXXXX
- link XXXXXXXX
- stack XXXXXXXX
- link XXXXXXXX
- int 3
- stack XXXXXXXX
- link XXXXXXXX
- stack XXXXXXXX
- link XXXXXXXX
- int 2
- stack XXXXXXXX
- link XXXXXXXX
- stack XXXXXXXX
- link XXXXXXXX
- int 1
- stack XXXXXXXX
- link XXXXXXXX
int
sam_run: pc0 = XXXXXXXX, pc = 1/5, sp = 28, ir = XXXXXXXX
Working stack (24 items):
- int 5
- stack XXXXXXXX
- link XXXXXXXX
- stack XXXXXXXX
- link XXXXXXXX
- int 4
- stack XXXXXXXX
- link XXXXXXXX
- stack XXXXXXXX
- link XXXXXXXX
- int 3
- stack XXXXXXXX
- link XXXXXXXX
- stack XXXXXXXX
- link XXXXXXXX
- int 2
- stack XXXXXXXX
- link XXXXXXXX
- stack XXXXXXXX
- link XXXXXXXX
- int 1
- stack XXXXXXXX
- link XXXXXXXX
- int -3
get
sam_run: pc0 = XXXXXXXX, pc = 2/5, sp = 28, ir = XXXXXXXX
Working stack (24 items):
- int 5
- stack XXXXXXXX
- link XXXXXXXX
- stack XXXXXXXX
- link XXXXXXXX
- int 4
- stack XXXXXXXX
- link XXXXXXXX
- stack XXXXXXXX
- link XXXXXXXX
- int 3
- stack XXXXXXXX
- link XXXXXXXX
- stack XXXXXXXX
- link XXXXXXXX
- int 2
- stack XXXXXXXX
- link XXXXXXXX
- stack XXXXXXXX
- link XXXXXXXX
- int 1
- stack XXXXXXXX
- link XXXXXXXX
- int 1
stack
sam_run: pc0 = XXXXXXXX, pc = 3/5, sp = 29, ir = XXXXXXXX
Working stack (25 items):
- int 5
- stack XXXXXXXX
- link XXXXXXXX
- stack XXXXXXXX
- link XXXXXXXX
- int 4
- stack XXXXXXXX
- link XXXXXXXX
- stack XXXXXXXX
- link XXXXXXXX
- int 3
- stack XXXXXXXX
- link XXXXXXXX
- stack XXXXXXXX
- link XXXXXXXX
- int 2
- stack XXXXXXXX
- link XXXXXXXX
- stack XXXXXXXX
- link XXXXXXXX
- int 1
- stack XXXXXXXX
- link XXXXXXXX
- int 1
- stack XXXXXXXX
stack
sam_run: pc0 = XXXXXXXX, pc = 4/5, sp = 30, ir = XXXXXXXX
Working stack (26 items):
- int 5
- stack XXXXXXXX
- link XXXXXXXX
- stack XXXXXXXX
- link XXXXXXXX
- int 4
- stack XXXXXXXX
- link XXXXXXXX
- stack XXXXXXXX
- link XXXXXXXX
- int 3
- stack XXXXXXXX
- link XXXXXXXX
- stack XXXXXXXX
- link XXXXXXXX
- int 2
- stack XXXXXXXX
- link XXXXXXXX
- stack XXXXXXXX
- link XXXXXXXX
- int 1
- stack XXXXXXXX
- link XXXXXXXX
- int 1
- stack XXXXXXXX
- stack XXXXXXXX
if
sam_run: pc0 = XXXXXXXX, pc = 0/11, sp = 29, ir = XXXXXXXX
Working stack (25 items):
- int 5
- stack XXXXXXXX
- link XXXXXXXX
- stack XXXXXXXX
- link XXXXXXXX
- int 4
- stack XXXXXXXX
- link XXXXXXXX
- stack XXXXXXXX
- link XXXXXXXX
- int 3
- stack XXXXXXXX
- link XXXXXXXX
- stack XXXXXXXX
- link XXXXXXXX
- int 2
- stack XXXXXXXX
- link XXXXXXXX
- stack XXXXXXXX
- link XXXXXXXX
- int 1
- stack XXXXXXXX
- link XXXXXXXX
- stack XXXXXXXX
- link XXXXXXXX
int
sam_run: pc0 = XXXXXXXX, pc = 1/11, sp = 30, ir = XXXXXXXX
Working stack (26 items):
- int 5
- stack XXXXXXXX
- link XXXXXXXX
- stack XXXXXXXX
- link XXXXXXXX
- int 4
- stack XXXXXXXX
- link XXXXXXXX
- stack XXXXXXXX
- link XXXXXXXX
- int 3
- stack XXXXXXXX
- link XXXXXXXX
- stack XXXXXXXX
- link XXXXXXXX
- int 2
- stack XXXXXXXX
- link XXXXXXXX
- stack XXXXXXXX
- link XXXXXXXX
- int 1
- stack XXXXXXXX
- link XXXXXXXX
- stack XXXXXXXX
- link XXXXXXXX
- int -5
get
sam_run: pc0 = XXXXXXXX, pc = 2/11, sp = 30, ir = XXXXXXXX
Working stack (26 items):
- int 5
- stack XXXXXXXX
- link XXXXXXXX
- stack XXXXXXXX
- link XXXXXXXX
- int 4
- stack XXXXXXXX
- link XXXXXXXX
- stack XXXXXXXX
- link XXXXXXXX
- int 3
- stack XXXXXXXX
- link XXXXXXXX
- stack XXXXXXXX
- link XXXXXXXX
- int 2
- stack XXXXXXXX
- link XXXXXXXX
- stack XXXXXXXX
- link XXXXXXXX
- int 1
- stack XXXXXXXX
- link XXXXXXXX
- stack XXXXXXXX
- link XXXXXXXX
- int 1
int
sam_run: pc0 = XXXXXXXX, pc = 3/11, sp = 31, ir = XXXXXXXX
Working stack (27 items):
- int 5
- stack XXXXXXXX
- link XXXXXXXX
- stack XXXXXXXX
- link XXXXXXXX
- int 4
- stack XXXXXXXX
- link XXXXXXXX
- stack XXXXXXXX
- link XXXXXXXX
- int 3
- stack XXXXXXXX
- link XXXXXXXX
- stack XXXXXXXX
- link XXXXXXXX
- int 2
- stack XXXXXXXX
- link XXXXXXXX
- stack XXXXXXXX
- link XXXXXXXX
- int 1
- stack XXXXXXXX
- link XXXXXXXX
- stack XXXXXXXX
- link XXXXXXXX
- int 1
- int -1
add
sam_run: pc0 = XXXXXXXX, pc = 4/11, sp = 30, ir = XXXXXXXX
Working stack (26 items):
- int 5
- stack XXXXXXXX
- link XXXXXXXX
- stack XXXXXXXX
- link XXXXXXXX
- int 4
- stack XXXXXXXX
- link XXXXXXXX
- stack XXXXXXXX
- link XXXXXXXX
- int 3
- stack XXXXXXXX
- link XXXXXXXX
- stack XXXXXXXX
- link XXXXXXXX
- int 2
- stack XXXXXXXX
- link XXXXXXXX
- stack XXXXXXXX
- link XXXXXXXX
- int 1
- stack XXXXXXXX
- link XXXXXXXX
- stack XXXXXXXX
- link XXXXXXXX
- int 0
stack
sam_run: pc0 = XXXXXXXX, pc = 5/11, sp = 31, ir = XXXXXXXX
Working stack (27 items):
- int 5
- stack XXXXXXXX
- link XXXXXXXX
- stack XXXXXXXX
- link XXXXXXXX
- int 4
- stack XXXXXXXX
- link XXXXXXXX
- stack XXXXXXXX
- link XXXXXXXX
- int 3
- stack XXXXXXXX
- link XXXXXXXX
- stack XXXXXXXX
- link XXXXXXXX
- int 2
- stack XXXXXXXX
- link XXXXXXXX
- stack XXXXXXXX
- link XXXXXXXX
- int 1
- stack XXXXXXXX
- link XXXXXXXX
- stack XXXXXXXX
- link XXXXXXXX
- int 0
- stack XXXXXXXX
do
sam_run: pc0 = XXXXXXXX, pc = 0/5, sp = 32, ir = XXXXXXXX
Working stack (28 items):
- int 5
- stack XXXXXXXX
- link XXXXXXXX
- stack XXXXXXXX
- link XXXXXXXX
- int 4
- stack XXXXXXXX
- link XXXXXXXX
- stack XXXXXXXX
- link XXXXXXXX
- int 3
- stack XXXXXXXX
- link XXXXXXXX
- stack XXXXXXXX
- link XXXXXXXX
- int 2
- stack XXXXXXXX
- link XXXXXXXX
- stack XXXXXXXX
- link XXXXXXXX
- int 1
- stack XXXXXXXX
- link XXXXXXXX
- stack XXXXXXXX
- link XXXXXXXX
- int 0
- stack XXXXXXXX
- link XXXXXXXX
int
sam_run: pc0 = XXXXXXXX, pc = 1/5, sp = 33, ir = XXXXXXXX
Working stack (29 items):
- int 5
- stack XXXXXXXX
- link XXXXXXXX
- stack XXXXXXXX
- link XXXXXXXX
- int 4
- stack XXXXXXXX
- link XXXXXXXX
- stack XXXXXXXX
- link XXXXXXXX
- int 3
- stack XXXXXXXX
- link XXXXXXXX
- stack XXXXXXXX
- link XXXXXXXX
- int 2
- stack XXXXXXXX
- link XXXXXXXX
- stack XXXXXXXX
- link XXXXXXXX
- int 1
- stack XXXXXXXX
- link XXXXXXXX
- stack XXXXXXXX
- link XXXXXXXX
- int 0
- stack XXXXXXXX
- link XXXXXXXX
- int -3
get
sam_run: pc0 = XXXXXXXX, pc = 2/5, sp = 33, ir = XXXXXXXX
Working stack (29 items):
- int 5
- stack XXXXXXXX
- link XXXXXXXX
- stack XXXXXXXX
- link XXXXXXXX
- int 4
- stack XXXXXXXX
- link XXXXXXXX
- stack XXXXXXXX
- link XXXXXXXX
- int 3
- stack XXXXXXXX
- link XXXXXXXX
- stack XXXXXXXX
- link XXXXXXXX
- int 2
- stack XXXXXXXX
- link XXXXXXXX
- stack XXXXXXXX
- link XXXXXXXX
- int 1
- stack XXXXXXXX
- link XXXXXXXX
- stack XXXXXXXX
- link XXXXXXXX
- int 0
- stack XXXXXXXX
- link XXXXXXXX
- int 0
stack
sam_run: pc0 = XXXXXXXX, pc = 3/5, sp = 34, ir = XXXXXXXX
Working stack (30 items):
- int 5
- stack XXXXXXXX
- link XXXXXXXX
- stack XXXXXXXX
- link XXXXXXXX
- int 4
- stack XXXXXXXX
- link XXXXXXXX
- stack XXXXXXXX
- link XXXXXXXX
- int 3
- stack XXXXXXXX
- link XXXXXXXX
- stack XXXXXXXX
- link XXXXXXXX
- int 2
- stack XXXXXXXX
- link XXXXXXXX
- stack XXXXXXXX
- link XXXXXXXX
- int 1
- stack XXXXXXXX
- link XXXXXXXX
- stack XXXXXXXX
- link XXXXXXXX
- int 0
- stack XXXXXXXX
- link XXXXXXXX
- int 0
- stack XXXXXXXX
stack
sam_run: pc0 = XXXXXXXX, pc = 4/5, sp = 35, ir = XXXXXXXX
Working stack (31 items):
- int 5
- stack XXXXXXXX
- link XXXXXXXX
- stack XXXXXXXX
- link XXXXXXXX
- int 4
- stack XXXXXXXX
- link XXXXXXXX
- stack XXXXXXXX
- link XXXXXXXX
- int 3
- stack XXXXXXXX
- link XXXXXXXX
- stack XXXXXXXX
- link XXXXXXXX
- int 2
- stack XXXXXXXX
- link XXXXXXXX
- stack XXXXXXXX
- link XXXXXXXX
- int 1
- stack XXXXXXXX
- link XXXXXXXX
- stack XXXXXXXX
- link XXXXXXXX
- int 0
- stack XXXXXXXX
- link XXXXXXXX
- int 0
- stack XXXXXXXX
- stack XXXXXXXX
if
sam_run: pc0 = XXXXXXXX, pc = 0/3, sp = 34, ir = XXXXXXXX
Working stack (30 items):
- int 5
- stack XXXXXXXX
- link XXXXXXXX
- stack XXXXXXXX
- link XXXXXXXX
- int 4
- stack XXXXXXXX
- link XXXXXXXX
- stack XXXXXXXX
- link XXXXXXXX
- int 3
- stack XXXXXXXX
- link XXXXXXXX
- stack XXXXXXXX
- link XXXXXXXX
- int 2
- stack XXXXXXXX
- link XXXXXXXX
- stack XXXXXXXX
- link XXXXXXXX
- int 1
- stack XXXXXXXX
- link XXXXXXXX
- stack XXXXXXXX
- link XXXXXXXX
- int 0
- stack XXXXXXXX
- link XXXXXXXX
- stack XXXXXXXX
- link XXXXXXXX
int
sam_run: pc0 = XXXXXXXX, pc = 1/3, sp = 35, ir = XXXXXXXX
Working stack (31 items):
- int 5
- stack XXXXXXXX
- link XXXXXXXX
- stack XXXXXXXX
- link XXXXXXXX
- int 4
- stack XXXXXXXX
- link XXXXXXXX
- stack XXXXXXXX
- link XXXXXXXX
- int 3
- stack XXXXXXXX
- link XXXXXXXX
- stack XXXXXXXX
- link XXXXXXXX
- int 2
- stack XXXXXXXX
- link XXXXXXXX
- stack XXXXXXXX
- link XXXXXXXX
- int 1
- stack XXXXXXXX
- link XXXXXXXX
- stack XXXXXXXX
- link XXXXXXXX
- int 0
- stack XXXXXXXX
- link XXXXXXXX
- stack XXXXXXXX
- link XXXXXXXX
- int 1
int
sam_run: pc0 = XXXXXXXX, pc = 2/3, sp = 36, ir = XXXXXXXX
Working stack (32 items):
- int 5
- stack XXXXXXXX
- link XXXXXXXX
- stack XXXXXXXX
- link XXXXXXXX
- int 4
- stack XXXXXXXX
- link XXXXXXXX
- stack XXXXXXXX
- link XXXXXXXX
- int 3
- stack XXXXXXXX
- link XXXXXXXX
- stack XXXXXXXX
- link XXXXXXXX
- int 2
- stack XXXXXXXX
- link XXXXXXXX
- stack XXXXXXXX
- link XXXXXXXX
- int 1
- stack XXXXXXXX
- link XXXXXXXX
- stack XXXXXXXX
- link XXXXXXXX
- int 0
- stack XXXXXXXX
- link XXXXXXXX
- stack XXXXXXXX
- link XXXXXXXX
- int 1
- int -5
set
ket
ket
sam_run: pc0 = XXXXXXXX, pc = 6/11, sp = 30, ir = XXXXXXXX
Working stack (26 items):
- int 5
- stack XXXXXXXX
- link XXXXXXXX
- stack XXXXXXXX
- link XXXXXXXX
- int 4
- stack XXXXXXXX
- link XXXXXXXX
- stack XXXXXXXX
- link XXXXXXXX
- int 3
- stack XXXXXXXX
- link XXXXXXXX
- stack XXXXXXXX
- link XXXXXXXX
- int 2
- stack XXXXXXXX
- link XXXXXXXX
- stack XXXXXXXX
- link XXXXXXXX
- int 1
- stack XXXXXXXX
- link XXXXXXXX
- stack XXXXXXXX
- link XXXXXXXX
- int 1
int
sam_run: pc0 = XXXXXXXX, pc = 7/11, sp = 31, ir = XXXXXXXX
Working stack (27 items):
- int 5
- stack XXXXXXXX
- link XXXXXXXX
- stack XXXXXXXX
- link XXXXXXXX
- int 4
- stack XXXXXXXX
- link XXXXXXXX
- stack XXXXXXXX
- link XXXXXXXX
- int 3
- stack XXXXXXXX
- link XXXXXXXX
- stack XXXXXXXX
- link XXXXXXXX
- int 2
- stack XXXXXXXX
- link XXXXXXXX
- stack XXXXXXXX
- link XXXXXXXX
- int 1
- stack XXXXXXXX
- link XXXXXXXX
- stack XXXXXXXX
- link XXXXXXXX
- int 1
- int -6
get
sam_run: pc0 = XXXXXXXX, pc = 8/11, sp = 31, ir = XXXXXXXX
Working stack (27 items):
- int 5
- stack XXXXXXXX
- link XXXXXXXX
- stack XXXXXXXX
- link XXXXXXXX
- int 4
- stack XXXXXXXX
- link XXXXXXXX
- stack XXXXXXXX
- link XXXXXXXX
- int 3
- stack XXXXXXXX
- link XXXXXXXX
- stack XXXXXXXX
- link XXXXXXXX
- int 2
- stack XXXXXXXX
- link XXXXXXXX
- stack XXXXXXXX
- link XXXXXXXX
- int 1
- stack XXXXXXXX
- link XXXXXXXX
- stack XXXXXXXX
- link XXXXXXXX
- int 1
- int 1
mul
sam_run: pc0 = XXXXXXXX, pc = 9/11, sp = 30, ir = XXXXXXXX
Working stack (26 items):
- int 5
- stack XXXXXXXX
- link XXXXXXXX
- stack XXXXXXXX
- link XXXXXXXX
- int 4
- stack XXXXXXXX
- link XXXXXXXX
- stack XXXXXXXX
- link XXXXXXXX
- int 3
- stack XXXXXXXX
- link XXXXXXXX
- stack XXXXXXXX
- link XXXXXXXX
- int 2
- stack XXXXXXXX
- link XXXXXXXX
- stack XXXXXXXX
- link XXXXXXXX
- int 1
- stack XXXXXXXX
- link XXXXXXXX
- stack XXXXXXXX
- link XXXXXXXX
- int 1
int
sam_run: pc0 = XXXXXXXX, pc = 10/11, sp = 31, ir = XXXXXXXX
Working stack (27 items):
- int 5
- stack XXXXXXXX
- link XXXXXXXX
- stack XXXXXXXX
- link XXXXXXXX
- int 4
- stack XXXXXXXX
- link XXXXXXXX
- stack XXXXXXXX
- link XXXXXXXX
- int 3
- stack XXXXXXXX
- link XXXXXXXX
- stack XXXXXXXX
- link XXXXXXXX
- int 2
- stack XXXXXXXX
- link XXXXXXXX
- stack XXXXXXXX
- link XXXXXXXX
- int 1
- stack XXXXXXXX
- link XXXXXXXX
- stack XXXXXXXX
- link XXXXXXXX
- int 1
- int -5
set
ket
ket
sam_run: pc0 = XXXXXXXX, pc = 6/11, sp = 25, ir = XXXXXXXX
Working stack (21 items):
- int 5
- stack XXXXXXXX
- link XXXXXXXX
- stack XXXXXXXX
- link XXXXXXXX
- int 4
- stack XXXXXXXX
- link XXXXXXXX
- stack XXXXXXXX
- link XXXXXXXX
- int 3
- stack XXXXXXXX
- link XXXXXXXX
- stack XXXXXXXX
- link XXXXXXXX
- int 2
- stack XXXXXXXX
- link XXXXXXXX
- stack XXXXXXXX
- link XXXXXXXX
- int 1
int
sam_run: pc0 = XXXXXXXX, pc = 7/11, sp = 26, ir = XXXXXXXX
Working stack (22 items):
- int 5
- stack XXXXXXXX
- link XXXXXXXX
- stack XXXXXXXX
- link XXXXXXXX
- int 4
- stack XXXXXXXX
- link XXXXXXXX
- stack XXXXXXXX
- link XXXXXXXX
- int 3
- stack XXXXXXXX
- link XXXXXXXX
- stack XXXXXXXX
- link XXXXXXXX
- int 2
- stack XXXXXXXX
- link XXXXXXXX
- stack XXXXXXXX
- link XXXXXXXX
- int 1
- int -6
get
sam_run: pc0 = XXXXXXXX, pc = 8/11, sp = 26, ir = XXXXXXXX
Working stack (22 items):
- int 5
- stack XXXXXXXX
- link XXXXXXXX
- stack XXXXXXXX
- link XXXXXXXX
- int 4
- stack XXXXXXXX
- link XXXXXXXX
- stack XXXXXXXX
- link XXXXXXXX
- int 3
- stack XXXXXXXX
- link XXXXXXXX
- stack XXXXXXXX
- link XXXXXXXX
- int 2
- stack XXXXXXXX
- link XXXXXXXX
- stack XXXXXXXX
- link XXXXXXXX
- int 1
- int 2
mul
sam_run: pc0 = XXXXXXXX, pc = 9/11, sp = 25, ir = XXXXXXXX
Working stack (21 items):
- int 5
- stack XXXXXXXX
- link XXXXXXXX
- stack XXXXXXXX
- link XXXXXXXX
- int 4
- stack XXXXXXXX
- link XXXXXXXX
- stack XXXXXXXX
- link XXXXXXXX
- int 3
- stack XXXXXXXX
- link XXXXXXXX
- stack XXXXXXXX
- link XXXXXXXX
- int 2
- stack XXXXXXXX
- link XXXXXXXX
- stack XXXXXXXX
- link XXXXXXXX
- int 2
int
sam_run: pc0 = XXXXXXXX, pc = 10/11, sp = 26, ir = XXXXXXXX
Working stack (22 items):
- int 5
- stack XXXXXXXX
- link XXXXXXXX
- stack XXXXXXXX
- link XXXXXXXX
- int 4
- stack XXXXXXXX
- link XXXXXXXX
- stack XXXXXXXX
- link XXXXXXXX
- int 3
- stack XXXXXXXX
- link XXXXXXXX
- stack XXXXXXXX
- link XXXXXXXX
- int 2
- stack XXXXXXXX
- link XXXXXXXX
- stack XXXXXXXX
- link XXXXXXXX
- int 2
- int -5
set
ket
ket
sam_run: pc0 = XXXXXXXX, pc = 6/11, sp = 20, ir = XXXXXXXX
Working stack (16 items):
- int 5
- stack XXXXXXXX
- link XXXXXXXX
- stack XXXXXXXX
- link XXXXXXXX
- int 4
- stack XXXXXXXX
- link XXXXXXXX
- stack XXXXXXXX
- link XXXXXXXX
- int 3
- stack XXXXXXXX
- link XXXXXXXX
- stack XXXXXXXX
- link XXXXXXXX
- int 2
int
sam_run: pc0 = XXXXXXXX, pc = 7/11, sp = 21, ir = XXXXXXXX
Working stack (17 items):
- int 5
- stack XXXXXXXX
- link XXXXXXXX
- stack XXXXXXXX
- link XXXXXXXX
- int 4
- stack XXXXXXXX
- link XXXXXXXX
- stack XXXXXXXX
- link XXXXXXXX
- int 3
- stack XXXXXXXX
- link XXXXXXXX
- stack XXXXXXXX
- link XXXXXXXX
- int 2
- int -6
get
sam_run: pc0 = XXXXXXXX, pc = 8/11, sp = 21, ir = XXXXXXXX
Working stack (17 items):
- int 5
- stack XXXXXXXX
- link XXXXXXXX
- stack XXXXXXXX
- link XXXXXXXX
- int 4
- stack XXXXXXXX
- link XXXXXXXX
- stack XXXXXXXX
- link XXXXXXXX
- int 3
- stack XXXXXXXX
- link XXXXXXXX
- stack XXXXXXXX
- link XXXXXXXX
- int 2
- int 3
mul
sam_run: pc0 = XXXXXXXX, pc = 9/11, sp = 20, ir = XXXXXXXX
Working stack (16 items):
- int 5
- stack XXXXXXXX
- link XXXXXXXX
- stack XXXXXXXX
- link XXXXXXXX
- int 4
- stack XXXXXXXX
- link XXXXXXXX
- stack XXXXXXXX
- link XXXXXXXX
- int 3
- stack XXXXXXXX
- link XXXXXXXX
- stack XXXXXXXX
- link XXXXXXXX
- int 6
int
sam_run: pc0 = XXXXXXXX, pc = 10/11, sp = 21, ir = XXXXXXXX
Working stack (17 items):
- int 5
- stack XXXXXXXX
- link XXXXXXXX
- stack XXXXXXXX
- link XXXXXXXX
- int 4
- stack XXXXXXXX
- link XXXXXXXX
- stack XXXXXXXX
- link XXXXXXXX
- int 3
- stack XXXXXXXX
- link XXXXXXXX
- stack XXXXXXXX
- link XXXXXXXX
- int 6
- int -5
set
ket
ket
sam_run: pc0 = XXXXXXXX, pc = 6/11, sp = 15, ir = XXXXXXXX
Working stack (11 items):
- int 5
- stack XXXXXXXX
- link XXXXXXXX
- stack XXXXXXXX
- link XXXXXXXX
- int 4
- stack XXXXXXXX
- link XXXXXXXX
- stack XXXXXXXX
- link XXXXXXXX
- int 6
int
sam_run: pc0 = XXXXXXXX, pc = 7/11, sp = 16, ir = XXXXXXXX
Working stack (12 items):
- int 5
- stack XXXXXXXX
- link XXXXXXXX
- stack XXXXXXXX
- link XXXXXXXX
- int 4
- stack XXXXXXXX
- link XXXXXXXX
- stack XXXXXXXX
- link XXXXXXXX
- int 6
- int -6
get
sam_run: pc0 = XXXXXXXX, pc = 8/11, sp = 16, ir = XXXXXXXX
Working stack (12 items):
- int 5
- stack XXXXXXXX
- link XXXXXXXX
- stack XXXXXXXX
- link XXXXXXXX
- int 4
- stack XXXXXXXX
- link XXXXXXXX
- stack XXXXXXXX
- link XXXXXXXX
- int 6
- int 4
mul
sam_run: pc0 = XXXXXXXX, pc = 9/11, sp = 15, ir = XXXXXXXX
Working stack (11 items):
- int 5
- stack XXXXXXXX
- link XXXXXXXX
- stack XXXXXXXX
- link XXXXXXXX
- int 4
- stack XXXXXXXX
- link XXXXXXXX
- stack XXXXXXXX
- link XXXXXXXX
- int 24
int
sam_run: pc0 = XXXXXXXX, pc = 10/11, sp = 16, ir = XXXXXXXX
Working stack (12 items):
- int 5
- stack XXXXXXXX
- link XXXXXXXX
- stack XXXXXXXX
- link XXXXXXXX
- int 4
- stack XXXXXXXX
- link XXXXXXXX
- stack XXXXXXXX
- link XXXXXXXX
- int 24
- int -5
set
ket
ket
sam_run: pc0 = XXXXXXXX, pc = 6/11, sp = 10, ir = XXXXXXXX
Working stack (6 items):
- int 5
- stack XXXXXXXX
- link XXXXXXXX
- stack XXXXXXXX
- link XXXXXXXX
- int 24
int
sam_run: pc0 = XXXXXXXX, pc = 7/11, sp = 11, ir = XXXXXXXX
Working stack (7 items):
- int 5
- stack XXXXXXXX
- link XXXXXXXX
- stack XXXXXXXX
- link XXXXXXXX
- int 24
- int -6
get
sam_run: pc0 = XXXXXXXX, pc = 8/11, sp = 11, ir = XXXXXXXX
Working stack (7 items):
- int 5
- stack XXXXXXXX
- link XXXXXXXX
- stack XXXXXXXX
- link XXXXXXXX
- int 24
- int 5
mul
sam_run: pc0 = XXXXXXXX, pc = 9/11, sp = 10, ir = XXXXXXXX
Working stack (6 items):
- int 5
- stack XXXXXXXX
- link XXXXXXXX
- stack XXXXXXXX
- link XXXXXXXX
- int 120
int
sam_run: pc0 = XXXXXXXX, pc = 10/11, sp = 11, ir = XXXXXXXX
Working stack (7 items):
- int 5
- stack XXXXXXXX
- link XXXXXXXX
- stack XXXXXXXX
- link XXXXXXXX
- int 120
- int -5
set
ket
ket
sam_run: pc0 = XXXXXXXX, pc = 3/5, sp = 5, ir = XXXXXXXX
Working stack (1 items):
- int 120
halt
Stack: XXXXXXXX (6 items)
- int 5
- stack XXXXXXXX (5 items)
  - int -3
  - get
  - stack XXXXXXXX (11 items)
    - int -5
    - get
    - int -1
    - add
    - stack XXXXXXXX
    - do
    - int -6
    - get
    - mul
    - int -5
    - set
  - stack XXXXXXXX (3 items)
    - int 1
    - int -5
    - set
  - if
- do
- halt
- stack XXXXXXXX
- link XXXXXXXX
sam_run returns: halt with reason 120 (0x78)
