Stack: XXXXXXXX (5 items)
- float 5.000000
- stack XXXXXXXX (5 items)
  - float 1.000000
  - stack XXXXXXXX (18 items)
    - int -6
    - get
    - f2i
    - while
    - int -3
    - get
    - int -7
    - get
    - mul
    - int -3
    - set
    - int -6
    - get
    - float -1.000000
    - add
    - int -6
    - set
    - loop
  - do
  - int -3
  - set
- do
- f2i
- halt
sam_run: pc0 = XXXXXXXX, pc = 0/5, sp = 5, ir = XXXXXXXX
Working stack (0 items):
float
sam_run: pc0 = XXXXXXXX, pc = 1/6, sp = 6, ir = XXXXXXXX
Working stack (1 items):
- float 5.000000
stack
sam_run: pc0 = XXXXXXXX, pc = 2/7, sp = 7, ir = XXXXXXXX
Working stack (2 items):
- float 5.000000
- stack XXXXXXXX
do
sam_run: pc0 = XXXXXXXX, pc = 0/5, sp = 8, ir = XXXXXXXX
Working stack (3 items):
- float 5.000000
- stack XXXXXXXX
- link XXXXXXXX
float
sam_run: pc0 = XXXXXXXX, pc = 1/5, sp = 9, ir = XXXXXXXX
Working stack (4 items):
- float 5.000000
- stack XXXXXXXX
- link XXXXXXXX
- float 1.000000
stack
sam_run: pc0 = XXXXXXXX, pc = 2/5, sp = 10, ir = XXXXXXXX
Working stack (5 items):
- float 5.000000
- stack XXXXXXXX
- link XXXXXXXX
- float 1.000000
- stack XXXXXXXX
do
sam_run: pc0 = XXXXXXXX, pc = 0/18, sp = 11, ir = XXXXXXXX
Working stack (6 items):
- float 5.000000
- stack XXXXXXXX
- link XXXXXXXX
- float 1.000000
- stack XXXXXXXX
- link XXXXXXXX
int
sam_run: pc0 = XXXXXXXX, pc = 1/18, sp = 12, ir = XXXXXXXX
Working stack (7 items):
- float 5.000000
- stack XXXXXXXX
- link XXXXXXXX
- float 1.000000
- stack XXXXXXXX
- link XXXXXXXX
- int -6
get
sam_run: pc0 = XXXXXXXX, pc = 2/18, sp = 12, ir = XXXXXXXX
Working stack (7 items):
- float 5.000000
- stack XXXXXXXX
- link XXXXXXXX
- float 1.000000
- stack XXXXXXXX
- link XXXXXXXX
- float 5.000000
f2i
sam_run: pc0 = XXXXXXXX, pc = 3/18, sp = 12, ir = XXXXXXXX
Working stack (7 items):
- float 5.000000
- stack XXXXXXXX
- link XXXXXXXX
- float 1.000000
- stack XXXXXXXX
- link XXXXXXXX
- int 5
while
sam_run: pc0 = XXXXXXXX, pc = 4/18, sp = 11, ir = XXXXXXXX
Working stack (6 items):
- float 5.000000
- stack XXXXXXXX
- link XXXXXXXX
- float 1.000000
- stack XXXXXXXX
- link XXXXXXXX
int
sam_run: pc0 = XXXXXXXX, pc = 5/18, sp = 12, ir = XXXXXXXX
Working stack (7 items):
- float 5.000000
- stack XXXXXXXX
- link XXXXXXXX
- float 1.000000
- stack XXXXXXXX
- link XXXXXXXX
- int -3
get
sam_run: pc0 = XXXXXXXX, pc = 6/18, sp = 12, ir = XXXXXXXX
Working stack (7 items):
- float 5.000000
- stack XXXXXXXX
- link XXXXXXXX
- float 1.000000
- stack XXXXXXXX
- link XXXXXXXX
- float 1.000000
int
sam_run: pc0 = XXXXXXXX, pc = 7/18, sp = 13, ir = XXXXXXXX
Working stack (8 items):
- float 5.000000
- stack XXXXXXXX
- link XXXXXXXX
- float 1.000000
- stack XXXXXXXX
- link XXXXXXXX
- float 1.000000
- int -7
get
sam_run: pc0 = XXXXXXXX, pc = 8/18, sp = 13, ir = XXXXXXXX
Working stack (8 items):
- float 5.000000
- stack XXXXXXXX
- link XXXXXXXX
- float 1.000000
- stack XXXXXXXX
- link XXXXXXXX
- float 1.000000
- float 5.000000
mul
sam_run: pc0 = XXXXXXXX, pc = 9/18, sp = 12, ir = XXXXXXXX
Working stack (7 items):
- float 5.000000
- stack XXXXXXXX
- link XXXXXXXX
- float 1.000000
- stack XXXXXXXX
- link XXXXXXXX
- float 5.000000
int
sam_run: pc0 = XXXXXXXX, pc = 10/18, sp = 13, ir = XXXXXXXX
Working stack (8 items):
- float 5.000000
- stack XXXXXXXX
- link XXXXXXXX
- float 1.000000
- stack XXXXXXXX
- link XXXXXXXX
- float 5.000000
- int -3
set
sam_run: pc0 = XXXXXXXX, pc = 11/18, sp = 11, ir = XXXXXXXX
Working stack (6 items):
- float 5.000000
- stack XXXXXXXX
- link XXXXXXXX
- float 5.000000
- stack XXXXXXXX
- link XXXXXXXX
int
sam_run: pc0 = XXXXXXXX, pc = 12/18, sp = 12, ir = XXXXXXXX
Working stack (7 items):
- float 5.000000
- stack XXXXXXXX
- link XXXXXXXX
- float 5.000000
- stack XXXXXXXX
- link XXXXXXXX
- int -6
get
sam_run: pc0 = XXXXXXXX, pc = 13/18, sp = 12, ir = XXXXXXXX
Working stack (7 items):
- float 5.000000
- stack XXXXXXXX
- link XXXXXXXX
- float 5.000000
- stack XXXXXXXX
- link XXXXXXXX
- float 5.000000
float
sam_run: pc0 = XXXXXXXX, pc = 14/18, sp = 13, ir = XXXXXXXX
Working stack (8 items):
- float 5.000000
- stack XXXXXXXX
- link XXXXXXXX
- float 5.000000
- stack XXXXXXXX
- link XXXXXXXX
- float 5.000000
- float -1.000000
add
sam_run: pc0 = XXXXXXXX, pc = 15/18, sp = 12, ir = XXXXXXXX
Working stack (7 items):
- float 5.000000
- stack XXXXXXXX
- link XXXXXXXX
- float 5.000000
- stack XXXXXXXX
- link XXXXXXXX
- float 4.000000
int
sam_run: pc0 = XXXXXXXX, pc = 16/18, sp = 13, ir = XXXXXXXX
Working stack (8 items):
- float 5.000000
- stack XXXXXXXX
- link XXXXXXXX
- float 5.000000
- stack XXXXXXXX
- link XXXXXXXX
- float 4.000000
- int -6
set
sam_run: pc0 = XXXXXXXX, pc = 17/18, sp = 11, ir = XXXXXXXX
Working stack (6 items):
- float 4.000000
- stack XXXXXXXX
- link XXXXXXXX
- float 5.000000
- stack XXXXXXXX
- link XXXXXXXX
loop
sam_run: pc0 = XXXXXXXX, pc = 0/18, sp = 11, ir = XXXXXXXX
Working stack (6 items):
- float 4.000000
- stack XXXXXXXX
- link XXXXXXXX
- float 5.000000
- stack XXXXXXXX
- link XXXXXXXX
int
sam_run: pc0 = XXXXXXXX, pc = 1/18, sp = 12, ir = XXXXXXXX
Working stack (7 items):
- float 4.000000
- stack XXXXXXXX
- link XXXXXXXX
- float 5.000000
- stack XXXXXXXX
- link XXXXXXXX
- int -6
get
sam_run: pc0 = XXXXXXXX, pc = 2/18, sp = 12, ir = XXXXXXXX
Working stack (7 items):
- float 4.000000
- stack XXXXXXXX
- link XXXXXXXX
- float 5.000000
- stack XXXXXXXX
- link XXXXXXXX
- float 4.000000
f2i
sam_run: pc0 = XXXXXXXX, pc = 3/18, sp = 12, ir = XXXXXXXX
Working stack (7 items):
- float 4.000000
- stack XXXXXXXX
- link XXXXXXXX
- float 5.000000
- stack XXXXXXXX
- link XXXXXXXX
- int 4
while
sam_run: pc0 = XXXXXXXX, pc = 4/18, sp = 11, ir = XXXXXXXX
Working stack (6 items):
- float 4.000000
- stack XXXXXXXX
- link XXXXXXXX
- float 5.000000
- stack XXXXXXXX
- link XXXXXXXX
int
sam_run: pc0 = XXXXXXXX, pc = 5/18, sp = 12, ir = XXXXXXXX
Working stack (7 items):
- float 4.000000
- stack XXXXXXXX
- link XXXXXXXX
- float 5.000000
- stack XXXXXXXX
- link XXXXXXXX
- int -3
get
sam_run: pc0 = XXXXXXXX, pc = 6/18, sp = 12, ir = XXXXXXXX
Working stack (7 items):
- float 4.000000
- stack XXXXXXXX
- link XXXXXXXX
- float 5.000000
- stack XXXXXXXX
- link XXXXXXXX
- float 5.000000
int
sam_run: pc0 = XXXXXXXX, pc = 7/18, sp = 13, ir = XXXXXXXX
Working stack (8 items):
- float 4.000000
- stack XXXXXXXX
- link XXXXXXXX
- float 5.000000
- stack XXXXXXXX
- link XXXXXXXX
- float 5.000000
- int -7
get
sam_run: pc0 = XXXXXXXX, pc = 8/18, sp = 13, ir = XXXXXXXX
Working stack (8 items):
- float 4.000000
- stack XXXXXXXX
- link XXXXXXXX
- float 5.000000
- stack XXXXXXXX
- link XXXXXXXX
- float 5.000000
- float 4.000000
mul
sam_run: pc0 = XXXXXXXX, pc = 9/18, sp = 12, ir = XXXXXXXX
Working stack (7 items):
- float 4.000000
- stack XXXXXXXX
- link XXXXXXXX
- float 5.000000
- stack XXXXXXXX
- link XXXXXXXX
- float 20.000000
int
sam_run: pc0 = XXXXXXXX, pc = 10/18, sp = 13, ir = XXXXXXXX
Working stack (8 items):
- float 4.000000
- stack XXXXXXXX
- link XXXXXXXX
- float 5.000000
- stack XXXXXXXX
- link XXXXXXXX
- float 20.000000
- int -3
set
sam_run: pc0 = XXXXXXXX, pc = 11/18, sp = 11, ir = XXXXXXXX
Working stack (6 items):
- float 4.000000
- stack XXXXXXXX
- link XXXXXXXX
- float 20.000000
- stack XXXXXXXX
- link XXXXXXXX
int
sam_run: pc0 = XXXXXXXX, pc = 12/18, sp = 12, ir = XXXXXXXX
Working stack (7 items):
- float 4.000000
- stack XXXXXXXX
- link XXXXXXXX
- float 20.000000
- stack XXXXXXXX
- link XXXXXXXX
- int -6
get
sam_run: pc0 = XXXXXXXX, pc = 13/18, sp = 12, ir = XXXXXXXX
Working stack (7 items):
- float 4.000000
- stack XXXXXXXX
- link XXXXXXXX
- float 20.000000
- stack XXXXXXXX
- link XXXXXXXX
- float 4.000000
float
sam_run: pc0 = XXXXXXXX, pc = 14/18, sp = 13, ir = XXXXXXXX
Working stack (8 items):
- float 4.000000
- stack XXXXXXXX
- link XXXXXXXX
- float 20.000000
- stack XXXXXXXX
- link XXXXXXXX
- float 4.000000
- float -1.000000
add
sam_run: pc0 = XXXXXXXX, pc = 15/18, sp = 12, ir = XXXXXXXX
Working stack (7 items):
- float 4.000000
- stack XXXXXXXX
- link XXXXXXXX
- float 20.000000
- stack XXXXXXXX
- link XXXXXXXX
- float 3.000000
int
sam_run: pc0 = XXXXXXXX, pc = 16/18, sp = 13, ir = XXXXXXXX
Working stack (8 items):
- float 4.000000
- stack XXXXXXXX
- link XXXXXXXX
- float 20.000000
- stack XXXXXXXX
- link XXXXXXXX
- float 3.000000
- int -6
set
sam_run: pc0 = XXXXXXXX, pc = 17/18, sp = 11, ir = XXXXXXXX
Working stack (6 items):
- float 3.000000
- stack XXXXXXXX
- link XXXXXXXX
- float 20.000000
- stack XXXXXXXX
- link XXXXXXXX
loop
sam_run: pc0 = XXXXXXXX, pc = 0/18, sp = 11, ir = XXXXXXXX
Working stack (6 items):
- float 3.000000
- stack XXXXXXXX
- link XXXXXXXX
- float 20.000000
- stack XXXXXXXX
- link XXXXXXXX
int
sam_run: pc0 = XXXXXXXX, pc = 1/18, sp = 12, ir = XXXXXXXX
Working stack (7 items):
- float 3.000000
- stack XXXXXXXX
- link XXXXXXXX
- float 20.000000
- stack XXXXXXXX
- link XXXXXXXX
- int -6
get
sam_run: pc0 = XXXXXXXX, pc = 2/18, sp = 12, ir = XXXXXXXX
Working stack (7 items):
- float 3.000000
- stack XXXXXXXX
- link XXXXXXXX
- float 20.000000
- stack XXXXXXXX
- link XXXXXXXX
- float 3.000000
f2i
sam_run: pc0 = XXXXXXXX, pc = 3/18, sp = 12, ir = XXXXXXXX
Working stack (7 items):
- float 3.000000
- stack XXXXXXXX
- link XXXXXXXX
- float 20.000000
- stack XXXXXXXX
- link XXXXXXXX
- int 3
while
sam_run: pc0 = XXXXXXXX, pc = 4/18, sp = 11, ir = XXXXXXXX
Working stack (6 items):
- float 3.000000
- stack XXXXXXXX
- link XXXXXXXX
- float 20.000000
- stack XXXXXXXX
- link XXXXXXXX
int
sam_run: pc0 = XXXXXXXX, pc = 5/18, sp = 12, ir = XXXXXXXX
Working stack (7 items):
- float 3.000000
- stack XXXXXXXX
- link XXXXXXXX
- float 20.000000
- stack XXXXXXXX
- link XXXXXXXX
- int -3
get
sam_run: pc0 = XXXXXXXX, pc = 6/18, sp = 12, ir = XXXXXXXX
Working stack (7 items):
- float 3.000000
- stack XXXXXXXX
- link XXXXXXXX
- float 20.000000
- stack XXXXXXXX
- link XXXXXXXX
- float 20.000000
int
sam_run: pc0 = XXXXXXXX, pc = 7/18, sp = 13, ir = XXXXXXXX
Working stack (8 items):
- float 3.000000
- stack XXXXXXXX
- link XXXXXXXX
- float 20.000000
- stack XXXXXXXX
- link XXXXXXXX
- float 20.000000
- int -7
get
sam_run: pc0 = XXXXXXXX, pc = 8/18, sp = 13, ir = XXXXXXXX
Working stack (8 items):
- float 3.000000
- stack XXXXXXXX
- link XXXXXXXX
- float 20.000000
- stack XXXXXXXX
- link XXXXXXXX
- float 20.000000
- float 3.000000
mul
sam_run: pc0 = XXXXXXXX, pc = 9/18, sp = 12, ir = XXXXXXXX
Working stack (7 items):
- float 3.000000
- stack XXXXXXXX
- link XXXXXXXX
- float 20.000000
- stack XXXXXXXX
- link XXXXXXXX
- float 60.000000
int
sam_run: pc0 = XXXXXXXX, pc = 10/18, sp = 13, ir = XXXXXXXX
Working stack (8 items):
- float 3.000000
- stack XXXXXXXX
- link XXXXXXXX
- float 20.000000
- stack XXXXXXXX
- link XXXXXXXX
- float 60.000000
- int -3
set
sam_run: pc0 = XXXXXXXX, pc = 11/18, sp = 11, ir = XXXXXXXX
Working stack (6 items):
- float 3.000000
- stack XXXXXXXX
- link XXXXXXXX
- float 60.000000
- stack XXXXXXXX
- link XXXXXXXX
int
sam_run: pc0 = XXXXXXXX, pc = 12/18, sp = 12, ir = XXXXXXXX
Working stack (7 items):
- float 3.000000
- stack XXXXXXXX
- link XXXXXXXX
- float 60.000000
- stack XXXXXXXX
- link XXXXXXXX
- int -6
get
sam_run: pc0 = XXXXXXXX, pc = 13/18, sp = 12, ir = XXXXXXXX
Working stack (7 items):
- float 3.000000
- stack XXXXXXXX
- link XXXXXXXX
- float 60.000000
- stack XXXXXXXX
- link XXXXXXXX
- float 3.000000
float
sam_run: pc0 = XXXXXXXX, pc = 14/18, sp = 13, ir = XXXXXXXX
Working stack (8 items):
- float 3.000000
- stack XXXXXXXX
- link XXXXXXXX
- float 60.000000
- stack XXXXXXXX
- link XXXXXXXX
- float 3.000000
- float -1.000000
add
sam_run: pc0 = XXXXXXXX, pc = 15/18, sp = 12, ir = XXXXXXXX
Working stack (7 items):
- float 3.000000
- stack XXXXXXXX
- link XXXXXXXX
- float 60.000000
- stack XXXXXXXX
- link XXXXXXXX
- float 2.000000
int
sam_run: pc0 = XXXXXXXX, pc = 16/18, sp = 13, ir = XXXXXXXX
Working stack (8 items):
- float 3.000000
- stack XXXXXXXX
- link XXXXXXXX
- float 60.000000
- stack XXXXXXXX
- link XXXXXXXX
- float 2.000000
- int -6
set
sam_run: pc0 = XXXXXXXX, pc = 17/18, sp = 11, ir = XXXXXXXX
Working stack (6 items):
- float 2.000000
- stack XXXXXXXX
- link XXXXXXXX
- float 60.000000
- stack XXXXXXXX
- link XXXXXXXX
loop
sam_run: pc0 = XXXXXXXX, pc = 0/18, sp = 11, ir = XXXXXXXX
Working stack (6 items):
- float 2.000000
- stack XXXXXXXX
- link XXXXXXXX
- float 60.000000
- stack XXXXXXXX
- link XXXXXXXX
int
sam_run: pc0 = XXXXXXXX, pc = 1/18, sp = 12, ir = XXXXXXXX
Working stack (7 items):
- float 2.000000
- stack XXXXXXXX
- link XXXXXXXX
- float 60.000000
- stack XXXXXXXX
- link XXXXXXXX
- int -6
get
sam_run: pc0 = XXXXXXXX, pc = 2/18, sp = 12, ir = XXXXXXXX
Working stack (7 items):
- float 2.000000
- stack XXXXXXXX
- link XXXXXXXX
- float 60.000000
- stack XXXXXXXX
- link XXXXXXXX
- float 2.000000
f2i
sam_run: pc0 = XXXXXXXX, pc = 3/18, sp = 12, ir = XXXXXXXX
Working stack (7 items):
- float 2.000000
- stack XXXXXXXX
- link XXXXXXXX
- float 60.000000
- stack XXXXXXXX
- link XXXXXXXX
- int 2
while
sam_run: pc0 = XXXXXXXX, pc = 4/18, sp = 11, ir = XXXXXXXX
Working stack (6 items):
- float 2.000000
- stack XXXXXXXX
- link XXXXXXXX
- float 60.000000
- stack XXXXXXXX
- link XXXXXXXX
int
sam_run: pc0 = XXXXXXXX, pc = 5/18, sp = 12, ir = XXXXXXXX
Working stack (7 items):
- float 2.000000
- stack XXXXXXXX
- link XXXXXXXX
- float 60.000000
- stack XXXXXXXX
- link XXXXXXXX
- int -3
get
sam_run: pc0 = XXXXXXXX, pc = 6/18, sp = 12, ir = XXXXXXXX
Working stack (7 items):
- float 2.000000
- stack XXXXXXXX
- link XXXXXXXX
- float 60.000000
- stack XXXXXXXX
- link XXXXXXXX
- float 60.000000
int
sam_run: pc0 = XXXXXXXX, pc = 7/18, sp = 13, ir = XXXXXXXX
Working stack (8 items):
- float 2.000000
- stack XXXXXXXX
- link XXXXXXXX
- float 60.000000
- stack XXXXXXXX
- link XXXXXXXX
- float 60.000000
- int -7
get
sam_run: pc0 = XXXXXXXX, pc = 8/18, sp = 13, ir = XXXXXXXX
Working stack (8 items):
- float 2.000000
- stack XXXXXXXX
- link XXXXXXXX
- float 60.000000
- stack XXXXXXXX
- link XXXXXXXX
- float 60.000000
- float 2.000000
mul
sam_run: pc0 = XXXXXXXX, pc = 9/18, sp = 12, ir = XXXXXXXX
Working stack (7 items):
- float 2.000000
- stack XXXXXXXX
- link XXXXXXXX
- float 60.000000
- stack XXXXXXXX
- link XXXXXXXX
- float 120.000000
int
sam_run: pc0 = XXXXXXXX, pc = 10/18, sp = 13, ir = XXXXXXXX
Working stack (8 items):
- float 2.000000
- stack XXXXXXXX
- link XXXXXXXX
- float 60.000000
- stack XXXXXXXX
- link XXXXXXXX
- float 120.000000
- int -3
set
sam_run: pc0 = XXXXXXXX, pc = 11/18, sp = 11, ir = XXXXXXXX
Working stack (6 items):
- float 2.000000
- stack XXXXXXXX
- link XXXXXXXX
- float 120.000000
- stack XXXXXXXX
- link XXXXXXXX
int
sam_run: pc0 = XXXXXXXX, pc = 12/18, sp = 12, ir = XXXXXXXX
Working stack (7 items):
- float 2.000000
- stack XXXXXXXX
- link XXXXXXXX
- float 120.000000
- stack XXXXXXXX
- link XXXXXXXX
- int -6
get
sam_run: pc0 = XXXXXXXX, pc = 13/18, sp = 12, ir = XXXXXXXX
Working stack (7 items):
- float 2.000000
- stack XXXXXXXX
- link XXXXXXXX
- float 120.000000
- stack XXXXXXXX
- link XXXXXXXX
- float 2.000000
float
sam_run: pc0 = XXXXXXXX, pc = 14/18, sp = 13, ir = XXXXXXXX
Working stack (8 items):
- float 2.000000
- stack XXXXXXXX
- link XXXXXXXX
- float 120.000000
- stack XXXXXXXX
- link XXXXXXXX
- float 2.000000
- float -1.000000
add
sam_run: pc0 = XXXXXXXX, pc = 15/18, sp = 12, ir = XXXXXXXX
Working stack (7 items):
- float 2.000000
- stack XXXXXXXX
- link XXXXXXXX
- float 120.000000
- stack XXXXXXXX
- link XXXXXXXX
- float 1.000000
int
sam_run: pc0 = XXXXXXXX, pc = 16/18, sp = 13, ir = XXXXXXXX
Working stack (8 items):
- float 2.000000
- stack XXXXXXXX
- link XXXXXXXX
- float 120.000000
- stack XXXXXXXX
- link XXXXXXXX
- float 1.000000
- int -6
set
sam_run: pc0 = XXXXXXXX, pc = 17/18, sp = 11, ir = XXXXXXXX
Working stack (6 items):
- float 1.000000
- stack XXXXXXXX
- link XXXXXXXX
- float 120.000000
- stack XXXXXXXX
- link XXXXXXXX
loop
sam_run: pc0 = XXXXXXXX, pc = 0/18, sp = 11, ir = XXXXXXXX
Working stack (6 items):
- float 1.000000
- stack XXXXXXXX
- link XXXXXXXX
- float 120.000000
- stack XXXXXXXX
- link XXXXXXXX
int
sam_run: pc0 = XXXXXXXX, pc = 1/18, sp = 12, ir = XXXXXXXX
Working stack (7 items):
- float 1.000000
- stack XXXXXXXX
- link XXXXXXXX
- float 120.000000
- stack XXXXXXXX
- link XXXXXXXX
- int -6
get
sam_run: pc0 = XXXXXXXX, pc = 2/18, sp = 12, ir = XXXXXXXX
Working stack (7 items):
- float 1.000000
- stack XXXXXXXX
- link XXXXXXXX
- float 120.000000
- stack XXXXXXXX
- link XXXXXXXX
- float 1.000000
f2i
sam_run: pc0 = XXXXXXXX, pc = 3/18, sp = 12, ir = XXXXXXXX
Working stack (7 items):
- float 1.000000
- stack XXXXXXXX
- link XXXXXXXX
- float 120.000000
- stack XXXXXXXX
- link XXXXXXXX
- int 1
while
sam_run: pc0 = XXXXXXXX, pc = 4/18, sp = 11, ir = XXXXXXXX
Working stack (6 items):
- float 1.000000
- stack XXXXXXXX
- link XXXXXXXX
- float 120.000000
- stack XXXXXXXX
- link XXXXXXXX
int
sam_run: pc0 = XXXXXXXX, pc = 5/18, sp = 12, ir = XXXXXXXX
Working stack (7 items):
- float 1.000000
- stack XXXXXXXX
- link XXXXXXXX
- float 120.000000
- stack XXXXXXXX
- link XXXXXXXX
- int -3
get
sam_run: pc0 = XXXXXXXX, pc = 6/18, sp = 12, ir = XXXXXXXX
Working stack (7 items):
- float 1.000000
- stack XXXXXXXX
- link XXXXXXXX
- float 120.000000
- stack XXXXXXXX
- link XXXXXXXX
- float 120.000000
int
sam_run: pc0 = XXXXXXXX, pc = 7/18, sp = 13, ir = XXXXXXXX
Working stack (8 items):
- float 1.000000
- stack XXXXXXXX
- link XXXXXXXX
- float 120.000000
- stack XXXXXXXX
- link XXXXXXXX
- float 120.000000
- int -7
get
sam_run: pc0 = XXXXXXXX, pc = 8/18, sp = 13, ir = XXXXXXXX
Working stack (8 items):
- float 1.000000
- stack XXXXXXXX
- link XXXXXXXX
- float 120.000000
- stack XXXXXXXX
- link XXXXXXXX
- float 120.000000
- float 1.000000
mul
sam_run: pc0 = XXXXXXXX, pc = 9/18, sp = 12, ir = XXXXXXXX
Working stack (7 items):
- float 1.000000
- stack XXXXXXXX
- link XXXXXXXX
- float 120.000000
- stack XXXXXXXX
- link XXXXXXXX
- float 120.000000
int
sam_run: pc0 = XXXXXXXX, pc = 10/18, sp = 13, ir = XXXXXXXX
Working stack (8 items):
- float 1.000000
- stack XXXXXXXX
- link XXXXXXXX
- float 120.000000
- stack XXXXXXXX
- link XXXXXXXX
- float 120.000000
- int -3
set
sam_run: pc0 = XXXXXXXX, pc = 11/18, sp = 11, ir = XXXXXXXX
Working stack (6 items):
- float 1.000000
- stack XXXXXXXX
- link XXXXXXXX
- float 120.000000
- stack XXXXXXXX
- link XXXXXXXX
int
sam_run: pc0 = XXXXXXXX, pc = 12/18, sp = 12, ir = XXXXXXXX
Working stack (7 items):
- float 1.000000
- stack XXXXXXXX
- link XXXXXXXX
- float 120.000000
- stack XXXXXXXX
- link XXXXXXXX
- int -6
get
sam_run: pc0 = XXXXXXXX, pc = 13/18, sp = 12, ir = XXXXXXXX
Working stack (7 items):
- float 1.000000
- stack XXXXXXXX
- link XXXXXXXX
- float 120.000000
- stack XXXXXXXX
- link XXXXXXXX
- float 1.000000
float
sam_run: pc0 = XXXXXXXX, pc = 14/18, sp = 13, ir = XXXXXXXX
Working stack (8 items):
- float 1.000000
- stack XXXXXXXX
- link XXXXXXXX
- float 120.000000
- stack XXXXXXXX
- link XXXXXXXX
- float 1.000000
- float -1.000000
add
sam_run: pc0 = XXXXXXXX, pc = 15/18, sp = 12, ir = XXXXXXXX
Working stack (7 items):
- float 1.000000
- stack XXXXXXXX
- link XXXXXXXX
- float 120.000000
- stack XXXXXXXX
- link XXXXXXXX
- float 0.000000
int
sam_run: pc0 = XXXXXXXX, pc = 16/18, sp = 13, ir = XXXXXXXX
Working stack (8 items):
- float 1.000000
- stack XXXXXXXX
- link XXXXXXXX
- float 120.000000
- stack XXXXXXXX
- link XXXXXXXX
- float 0.000000
- int -6
set
sam_run: pc0 = XXXXXXXX, pc = 17/18, sp = 11, ir = XXXXXXXX
Working stack (6 items):
- float 0.000000
- stack XXXXXXXX
- link XXXXXXXX
- float 120.000000
- stack XXXXXXXX
- link XXXXXXXX
loop
sam_run: pc0 = XXXXXXXX, pc = 0/18, sp = 11, ir = XXXXXXXX
Working stack (6 items):
- float 0.000000
- stack XXXXXXXX
- link XXXXXXXX
- float 120.000000
- stack XXXXXXXX
- link XXXXXXXX
int
sam_run: pc0 = XXXXXXXX, pc = 1/18, sp = 12, ir = XXXXXXXX
Working stack (7 items):
- float 0.000000
- stack XXXXXXXX
- link XXXXXXXX
- float 120.000000
- stack XXXXXXXX
- link XXXXXXXX
- int -6
get
sam_run: pc0 = XXXXXXXX, pc = 2/18, sp = 12, ir = XXXXXXXX
Working stack (7 items):
- float 0.000000
- stack XXXXXXXX
- link XXXXXXXX
- float 120.000000
- stack XXXXXXXX
- link XXXXXXXX
- float 0.000000
f2i
sam_run: pc0 = XXXXXXXX, pc = 3/18, sp = 12, ir = XXXXXXXX
Working stack (7 items):
- float 0.000000
- stack XXXXXXXX
- link XXXXXXXX
- float 120.000000
- stack XXXXXXXX
- link XXXXXXXX
- int 0
while
sam_run: pc0 = XXXXXXXX, pc = 3/5, sp = 9, ir = XXXXXXXX
Working stack (4 items):
- float 0.000000
- stack XXXXXXXX
- link XXXXXXXX
- float 120.000000
int
sam_run: pc0 = XXXXXXXX, pc = 4/5, sp = 10, ir = XXXXXXXX
Working stack (5 items):
- float 0.000000
- stack XXXXXXXX
- link XXXXXXXX
- float 120.000000
- int -3
set
ket
sam_run: pc0 = XXXXXXXX, pc = 3/6, sp = 6, ir = XXXXXXXX
Working stack (1 items):
- float 120.000000
f2i
sam_run: pc0 = XXXXXXXX, pc = 4/6, sp = 6, ir = XXXXXXXX
Working stack (1 items):
- int 120
halt
Stack: XXXXXXXX (7 items)
- float 5.000000
- stack XXXXXXXX (5 items)
  - float 1.000000
  - stack XXXXXXXX (18 items)
    - int -6
    - get
    - f2i
    - while
    - int -3
    - get
    - int -7
    - get
    - mul
    - int -3
    - set
    - int -6
    - get
    - float -1.000000
    - add
    - int -6
    - set
    - loop
  - do
  - int -3
  - set
- do
- f2i
- halt
- stack XXXXXXXX
- link XXXXXXXX
sam_run returns: halt with reason 120 (0x78)
