Stack: (61 word(s))
- 
  - int 0
  - 
    - 
      - int 1
      - int 0
      - 
        - int 0
        - int -6
        - get
        - int 0
        - eq neg
        - 
          - int -5
          - get
          - int -4
          - set
          - int 2
          - pop zero while
        - 
        - if
        - int 1
        - pop
        - int -3
        - get
        - int -6
        - get mul _one get
        - int -4
        - set
        - int 1
        - pop
        - int -5
        - get
        - int 1
        - neg add _one get
        - int -6
        - set
        - int 1
        - pop
        - int 7
        - go
      - do
      - int -3
      - set
      - int 1
      - pop
    - int 5
    - int -2
    - get do
    - int -3
    - set
    - int 1
    - pop
  - do
  - halt
sam_run: pc = 1, sp = 61, ir = 1
Working stack: (0 word(s))
int
sam_run: pc = 2, sp = 62, ir = 1b800f
Working stack: (1 word(s))
- int 0
bra
sam_run: pc = 58, sp = 63, ir = 33f
Working stack: (2 word(s))
- int 0
- ref 2
do
sam_run: pc = 3, sp = 63, ir = 17000f
Working stack: (2 word(s))
- int 0
- ref 59
bra
sam_run: pc = 50, sp = 64, ir = 15
Working stack: (3 word(s))
- int 0
- ref 59
- ref 3
int
sam_run: pc = 51, sp = 65, ir = fffffff9
Working stack: (4 word(s))
- int 0
- ref 59
- ref 3
- int 5
int
sam_run: pc = 52, sp = 66, ir = 613f
Working stack: (5 word(s))
- int 0
- ref 59
- ref 3
- int 5
- int -2
get
sam_run: pc = 52, sp = 66, ir = 613f
Working stack: (5 word(s))
- int 0
- ref 59
- ref 3
- int 5
- ref 3
do
sam_run: pc = 4, sp = 66, ir = 5
Working stack: (5 word(s))
- int 0
- ref 59
- ref 3
- int 5
- ref 53
int
sam_run: pc = 5, sp = 67, ir = 1
Working stack: (6 word(s))
- int 0
- ref 59
- ref 3
- int 5
- ref 53
- int 1
int
sam_run: pc = 6, sp = 68, ir = 12800f
Working stack: (7 word(s))
- int 0
- ref 59
- ref 3
- int 5
- ref 53
- int 1
- int 0
bra
sam_run: pc = 44, sp = 69, ir = 33f
Working stack: (8 word(s))
- int 0
- ref 59
- ref 3
- int 5
- ref 53
- int 1
- int 0
- ref 6
do
sam_run: pc = 7, sp = 69, ir = 1
Working stack: (8 word(s))
- int 0
- ref 59
- ref 3
- int 5
- ref 53
- int 1
- int 0
- ref 45
int
sam_run: pc = 8, sp = 70, ir = ffffffe9
Working stack: (9 word(s))
- int 0
- ref 59
- ref 3
- int 5
- ref 53
- int 1
- int 0
- ref 45
- int 0
int
sam_run: pc = 9, sp = 71, ir = 13f
Working stack: (10 word(s))
- int 0
- ref 59
- ref 3
- int 5
- ref 53
- int 1
- int 0
- ref 45
- int 0
- int -6
get
sam_run: pc = 10, sp = 71, ir = 1
Working stack: (10 word(s))
- int 0
- ref 59
- ref 3
- int 5
- ref 53
- int 1
- int 0
- ref 45
- int 0
- int 5
int
sam_run: pc = 11, sp = 72, ir = 138bf
Working stack: (11 word(s))
- int 0
- ref 59
- ref 3
- int 5
- ref 53
- int 1
- int 0
- ref 45
- int 0
- int 5
- int 0
eq
sam_run: pc = 11, sp = 71, ir = 138bf
Working stack: (10 word(s))
- int 0
- ref 59
- ref 3
- int 5
- ref 53
- int 1
- int 0
- ref 45
- int 0
- int 0
neg
sam_run: pc = 12, sp = 71, ir = 3800f
Working stack: (10 word(s))
- int 0
- ref 59
- ref 3
- int 5
- ref 53
- int 1
- int 0
- ref 45
- int 0
- int 0
bra
sam_run: pc = 20, sp = 72, ir = 800f
Working stack: (11 word(s))
- int 0
- ref 59
- ref 3
- int 5
- ref 53
- int 1
- int 0
- ref 45
- int 0
- int 0
- ref 12
bra
sam_run: pc = 22, sp = 73, ir = 3bf
Working stack: (12 word(s))
- int 0
- ref 59
- ref 3
- int 5
- ref 53
- int 1
- int 0
- ref 45
- int 0
- int 0
- ref 12
- ref 20
if
sam_run: pc = 21, sp = 71, ir = ffff800f
Working stack: (10 word(s))
- int 0
- ref 59
- ref 3
- int 5
- ref 53
- int 1
- int 0
- ref 45
- int 0
- ref 23
ket
sam_run: pc = 23, sp = 70, ir = 5
Working stack: (9 word(s))
- int 0
- ref 59
- ref 3
- int 5
- ref 53
- int 1
- int 0
- ref 45
- int 0
int
sam_run: pc = 24, sp = 71, ir = bf
Working stack: (10 word(s))
- int 0
- ref 59
- ref 3
- int 5
- ref 53
- int 1
- int 0
- ref 45
- int 0
- int 1
pop
sam_run: pc = 25, sp = 69, ir = fffffff5
Working stack: (8 word(s))
- int 0
- ref 59
- ref 3
- int 5
- ref 53
- int 1
- int 0
- ref 45
int
sam_run: pc = 26, sp = 70, ir = 13f
Working stack: (9 word(s))
- int 0
- ref 59
- ref 3
- int 5
- ref 53
- int 1
- int 0
- ref 45
- int -3
get
sam_run: pc = 27, sp = 70, ir = ffffffe9
Working stack: (9 word(s))
- int 0
- ref 59
- ref 3
- int 5
- ref 53
- int 1
- int 0
- ref 45
- int 1
int
sam_run: pc = 28, sp = 71, ir = b9513f
Working stack: (10 word(s))
- int 0
- ref 59
- ref 3
- int 5
- ref 53
- int 1
- int 0
- ref 45
- int 1
- int -6
get
sam_run: pc = 28, sp = 71, ir = b9513f
Working stack: (10 word(s))
- int 0
- ref 59
- ref 3
- int 5
- ref 53
- int 1
- int 0
- ref 45
- int 1
- int 5
mul
sam_run: pc = 28, sp = 70, ir = b9513f
Working stack: (9 word(s))
- int 0
- ref 59
- ref 3
- int 5
- ref 53
- int 1
- int 0
- ref 45
- int 5
_one
sam_run: pc = 28, sp = 71, ir = b9513f
Working stack: (10 word(s))
- int 0
- ref 59
- ref 3
- int 5
- ref 53
- int 1
- int 0
- ref 45
- int 5
- int -1
get
sam_run: pc = 29, sp = 71, ir = fffffff1
Working stack: (10 word(s))
- int 0
- ref 59
- ref 3
- int 5
- ref 53
- int 1
- int 0
- ref 45
- int 5
- int 5
int
sam_run: pc = 30, sp = 72, ir = 1bf
Working stack: (11 word(s))
- int 0
- ref 59
- ref 3
- int 5
- ref 53
- int 1
- int 0
- ref 45
- int 5
- int 5
- int -4
set
sam_run: pc = 31, sp = 70, ir = 5
Working stack: (9 word(s))
- int 0
- ref 59
- ref 3
- int 5
- ref 53
- int 5
- int 0
- ref 45
- int 5
int
sam_run: pc = 32, sp = 71, ir = bf
Working stack: (10 word(s))
- int 0
- ref 59
- ref 3
- int 5
- ref 53
- int 5
- int 0
- ref 45
- int 5
- int 1
pop
sam_run: pc = 33, sp = 69, ir = ffffffed
Working stack: (8 word(s))
- int 0
- ref 59
- ref 3
- int 5
- ref 53
- int 5
- int 0
- ref 45
int
sam_run: pc = 34, sp = 70, ir = 13f
Working stack: (9 word(s))
- int 0
- ref 59
- ref 3
- int 5
- ref 53
- int 5
- int 0
- ref 45
- int -5
get
sam_run: pc = 35, sp = 70, ir = 5
Working stack: (9 word(s))
- int 0
- ref 59
- ref 3
- int 5
- ref 53
- int 5
- int 0
- ref 45
- int 5
int
sam_run: pc = 36, sp = 71, ir = b949bf
Working stack: (10 word(s))
- int 0
- ref 59
- ref 3
- int 5
- ref 53
- int 5
- int 0
- ref 45
- int 5
- int 1
neg
sam_run: pc = 36, sp = 71, ir = b949bf
Working stack: (10 word(s))
- int 0
- ref 59
- ref 3
- int 5
- ref 53
- int 5
- int 0
- ref 45
- int 5
- int -1
add
sam_run: pc = 36, sp = 70, ir = b949bf
Working stack: (9 word(s))
- int 0
- ref 59
- ref 3
- int 5
- ref 53
- int 5
- int 0
- ref 45
- int 4
_one
sam_run: pc = 36, sp = 71, ir = b949bf
Working stack: (10 word(s))
- int 0
- ref 59
- ref 3
- int 5
- ref 53
- int 5
- int 0
- ref 45
- int 4
- int -1
get
sam_run: pc = 37, sp = 71, ir = ffffffe9
Working stack: (10 word(s))
- int 0
- ref 59
- ref 3
- int 5
- ref 53
- int 5
- int 0
- ref 45
- int 4
- int 4
int
sam_run: pc = 38, sp = 72, ir = 1bf
Working stack: (11 word(s))
- int 0
- ref 59
- ref 3
- int 5
- ref 53
- int 5
- int 0
- ref 45
- int 4
- int 4
- int -6
set
sam_run: pc = 39, sp = 70, ir = 5
Working stack: (9 word(s))
- int 0
- ref 59
- ref 3
- int 4
- ref 53
- int 5
- int 0
- ref 45
- int 4
int
sam_run: pc = 40, sp = 71, ir = bf
Working stack: (10 word(s))
- int 0
- ref 59
- ref 3
- int 4
- ref 53
- int 5
- int 0
- ref 45
- int 4
- int 1
pop
sam_run: pc = 41, sp = 69, ir = 1d
Working stack: (8 word(s))
- int 0
- ref 59
- ref 3
- int 4
- ref 53
- int 5
- int 0
- ref 45
int
sam_run: pc = 42, sp = 70, ir = 4bf
Working stack: (9 word(s))
- int 0
- ref 59
- ref 3
- int 4
- ref 53
- int 5
- int 0
- ref 45
- int 7
go
sam_run: pc = 7, sp = 69, ir = 1
Working stack: (8 word(s))
- int 0
- ref 59
- ref 3
- int 4
- ref 53
- int 5
- int 0
- ref 45
int
sam_run: pc = 8, sp = 70, ir = ffffffe9
Working stack: (9 word(s))
- int 0
- ref 59
- ref 3
- int 4
- ref 53
- int 5
- int 0
- ref 45
- int 0
int
sam_run: pc = 9, sp = 71, ir = 13f
Working stack: (10 word(s))
- int 0
- ref 59
- ref 3
- int 4
- ref 53
- int 5
- int 0
- ref 45
- int 0
- int -6
get
sam_run: pc = 10, sp = 71, ir = 1
Working stack: (10 word(s))
- int 0
- ref 59
- ref 3
- int 4
- ref 53
- int 5
- int 0
- ref 45
- int 0
- int 4
int
sam_run: pc = 11, sp = 72, ir = 138bf
Working stack: (11 word(s))
- int 0
- ref 59
- ref 3
- int 4
- ref 53
- int 5
- int 0
- ref 45
- int 0
- int 4
- int 0
eq
sam_run: pc = 11, sp = 71, ir = 138bf
Working stack: (10 word(s))
- int 0
- ref 59
- ref 3
- int 4
- ref 53
- int 5
- int 0
- ref 45
- int 0
- int 0
neg
sam_run: pc = 12, sp = 71, ir = 3800f
Working stack: (10 word(s))
- int 0
- ref 59
- ref 3
- int 4
- ref 53
- int 5
- int 0
- ref 45
- int 0
- int 0
bra
sam_run: pc = 20, sp = 72, ir = 800f
Working stack: (11 word(s))
- int 0
- ref 59
- ref 3
- int 4
- ref 53
- int 5
- int 0
- ref 45
- int 0
- int 0
- ref 12
bra
sam_run: pc = 22, sp = 73, ir = 3bf
Working stack: (12 word(s))
- int 0
- ref 59
- ref 3
- int 4
- ref 53
- int 5
- int 0
- ref 45
- int 0
- int 0
- ref 12
- ref 20
if
sam_run: pc = 21, sp = 71, ir = ffff800f
Working stack: (10 word(s))
- int 0
- ref 59
- ref 3
- int 4
- ref 53
- int 5
- int 0
- ref 45
- int 0
- ref 23
ket
sam_run: pc = 23, sp = 70, ir = 5
Working stack: (9 word(s))
- int 0
- ref 59
- ref 3
- int 4
- ref 53
- int 5
- int 0
- ref 45
- int 0
int
sam_run: pc = 24, sp = 71, ir = bf
Working stack: (10 word(s))
- int 0
- ref 59
- ref 3
- int 4
- ref 53
- int 5
- int 0
- ref 45
- int 0
- int 1
pop
sam_run: pc = 25, sp = 69, ir = fffffff5
Working stack: (8 word(s))
- int 0
- ref 59
- ref 3
- int 4
- ref 53
- int 5
- int 0
- ref 45
int
sam_run: pc = 26, sp = 70, ir = 13f
Working stack: (9 word(s))
- int 0
- ref 59
- ref 3
- int 4
- ref 53
- int 5
- int 0
- ref 45
- int -3
get
sam_run: pc = 27, sp = 70, ir = ffffffe9
Working stack: (9 word(s))
- int 0
- ref 59
- ref 3
- int 4
- ref 53
- int 5
- int 0
- ref 45
- int 5
int
sam_run: pc = 28, sp = 71, ir = b9513f
Working stack: (10 word(s))
- int 0
- ref 59
- ref 3
- int 4
- ref 53
- int 5
- int 0
- ref 45
- int 5
- int -6
get
sam_run: pc = 28, sp = 71, ir = b9513f
Working stack: (10 word(s))
- int 0
- ref 59
- ref 3
- int 4
- ref 53
- int 5
- int 0
- ref 45
- int 5
- int 4
mul
sam_run: pc = 28, sp = 70, ir = b9513f
Working stack: (9 word(s))
- int 0
- ref 59
- ref 3
- int 4
- ref 53
- int 5
- int 0
- ref 45
- int 20
_one
sam_run: pc = 28, sp = 71, ir = b9513f
Working stack: (10 word(s))
- int 0
- ref 59
- ref 3
- int 4
- ref 53
- int 5
- int 0
- ref 45
- int 20
- int -1
get
sam_run: pc = 29, sp = 71, ir = fffffff1
Working stack: (10 word(s))
- int 0
- ref 59
- ref 3
- int 4
- ref 53
- int 5
- int 0
- ref 45
- int 20
- int 20
int
sam_run: pc = 30, sp = 72, ir = 1bf
Working stack: (11 word(s))
- int 0
- ref 59
- ref 3
- int 4
- ref 53
- int 5
- int 0
- ref 45
- int 20
- int 20
- int -4
set
sam_run: pc = 31, sp = 70, ir = 5
Working stack: (9 word(s))
- int 0
- ref 59
- ref 3
- int 4
- ref 53
- int 20
- int 0
- ref 45
- int 20
int
sam_run: pc = 32, sp = 71, ir = bf
Working stack: (10 word(s))
- int 0
- ref 59
- ref 3
- int 4
- ref 53
- int 20
- int 0
- ref 45
- int 20
- int 1
pop
sam_run: pc = 33, sp = 69, ir = ffffffed
Working stack: (8 word(s))
- int 0
- ref 59
- ref 3
- int 4
- ref 53
- int 20
- int 0
- ref 45
int
sam_run: pc = 34, sp = 70, ir = 13f
Working stack: (9 word(s))
- int 0
- ref 59
- ref 3
- int 4
- ref 53
- int 20
- int 0
- ref 45
- int -5
get
sam_run: pc = 35, sp = 70, ir = 5
Working stack: (9 word(s))
- int 0
- ref 59
- ref 3
- int 4
- ref 53
- int 20
- int 0
- ref 45
- int 4
int
sam_run: pc = 36, sp = 71, ir = b949bf
Working stack: (10 word(s))
- int 0
- ref 59
- ref 3
- int 4
- ref 53
- int 20
- int 0
- ref 45
- int 4
- int 1
neg
sam_run: pc = 36, sp = 71, ir = b949bf
Working stack: (10 word(s))
- int 0
- ref 59
- ref 3
- int 4
- ref 53
- int 20
- int 0
- ref 45
- int 4
- int -1
add
sam_run: pc = 36, sp = 70, ir = b949bf
Working stack: (9 word(s))
- int 0
- ref 59
- ref 3
- int 4
- ref 53
- int 20
- int 0
- ref 45
- int 3
_one
sam_run: pc = 36, sp = 71, ir = b949bf
Working stack: (10 word(s))
- int 0
- ref 59
- ref 3
- int 4
- ref 53
- int 20
- int 0
- ref 45
- int 3
- int -1
get
sam_run: pc = 37, sp = 71, ir = ffffffe9
Working stack: (10 word(s))
- int 0
- ref 59
- ref 3
- int 4
- ref 53
- int 20
- int 0
- ref 45
- int 3
- int 3
int
sam_run: pc = 38, sp = 72, ir = 1bf
Working stack: (11 word(s))
- int 0
- ref 59
- ref 3
- int 4
- ref 53
- int 20
- int 0
- ref 45
- int 3
- int 3
- int -6
set
sam_run: pc = 39, sp = 70, ir = 5
Working stack: (9 word(s))
- int 0
- ref 59
- ref 3
- int 3
- ref 53
- int 20
- int 0
- ref 45
- int 3
int
sam_run: pc = 40, sp = 71, ir = bf
Working stack: (10 word(s))
- int 0
- ref 59
- ref 3
- int 3
- ref 53
- int 20
- int 0
- ref 45
- int 3
- int 1
pop
sam_run: pc = 41, sp = 69, ir = 1d
Working stack: (8 word(s))
- int 0
- ref 59
- ref 3
- int 3
- ref 53
- int 20
- int 0
- ref 45
int
sam_run: pc = 42, sp = 70, ir = 4bf
Working stack: (9 word(s))
- int 0
- ref 59
- ref 3
- int 3
- ref 53
- int 20
- int 0
- ref 45
- int 7
go
sam_run: pc = 7, sp = 69, ir = 1
Working stack: (8 word(s))
- int 0
- ref 59
- ref 3
- int 3
- ref 53
- int 20
- int 0
- ref 45
int
sam_run: pc = 8, sp = 70, ir = ffffffe9
Working stack: (9 word(s))
- int 0
- ref 59
- ref 3
- int 3
- ref 53
- int 20
- int 0
- ref 45
- int 0
int
sam_run: pc = 9, sp = 71, ir = 13f
Working stack: (10 word(s))
- int 0
- ref 59
- ref 3
- int 3
- ref 53
- int 20
- int 0
- ref 45
- int 0
- int -6
get
sam_run: pc = 10, sp = 71, ir = 1
Working stack: (10 word(s))
- int 0
- ref 59
- ref 3
- int 3
- ref 53
- int 20
- int 0
- ref 45
- int 0
- int 3
int
sam_run: pc = 11, sp = 72, ir = 138bf
Working stack: (11 word(s))
- int 0
- ref 59
- ref 3
- int 3
- ref 53
- int 20
- int 0
- ref 45
- int 0
- int 3
- int 0
eq
sam_run: pc = 11, sp = 71, ir = 138bf
Working stack: (10 word(s))
- int 0
- ref 59
- ref 3
- int 3
- ref 53
- int 20
- int 0
- ref 45
- int 0
- int 0
neg
sam_run: pc = 12, sp = 71, ir = 3800f
Working stack: (10 word(s))
- int 0
- ref 59
- ref 3
- int 3
- ref 53
- int 20
- int 0
- ref 45
- int 0
- int 0
bra
sam_run: pc = 20, sp = 72, ir = 800f
Working stack: (11 word(s))
- int 0
- ref 59
- ref 3
- int 3
- ref 53
- int 20
- int 0
- ref 45
- int 0
- int 0
- ref 12
bra
sam_run: pc = 22, sp = 73, ir = 3bf
Working stack: (12 word(s))
- int 0
- ref 59
- ref 3
- int 3
- ref 53
- int 20
- int 0
- ref 45
- int 0
- int 0
- ref 12
- ref 20
if
sam_run: pc = 21, sp = 71, ir = ffff800f
Working stack: (10 word(s))
- int 0
- ref 59
- ref 3
- int 3
- ref 53
- int 20
- int 0
- ref 45
- int 0
- ref 23
ket
sam_run: pc = 23, sp = 70, ir = 5
Working stack: (9 word(s))
- int 0
- ref 59
- ref 3
- int 3
- ref 53
- int 20
- int 0
- ref 45
- int 0
int
sam_run: pc = 24, sp = 71, ir = bf
Working stack: (10 word(s))
- int 0
- ref 59
- ref 3
- int 3
- ref 53
- int 20
- int 0
- ref 45
- int 0
- int 1
pop
sam_run: pc = 25, sp = 69, ir = fffffff5
Working stack: (8 word(s))
- int 0
- ref 59
- ref 3
- int 3
- ref 53
- int 20
- int 0
- ref 45
int
sam_run: pc = 26, sp = 70, ir = 13f
Working stack: (9 word(s))
- int 0
- ref 59
- ref 3
- int 3
- ref 53
- int 20
- int 0
- ref 45
- int -3
get
sam_run: pc = 27, sp = 70, ir = ffffffe9
Working stack: (9 word(s))
- int 0
- ref 59
- ref 3
- int 3
- ref 53
- int 20
- int 0
- ref 45
- int 20
int
sam_run: pc = 28, sp = 71, ir = b9513f
Working stack: (10 word(s))
- int 0
- ref 59
- ref 3
- int 3
- ref 53
- int 20
- int 0
- ref 45
- int 20
- int -6
get
sam_run: pc = 28, sp = 71, ir = b9513f
Working stack: (10 word(s))
- int 0
- ref 59
- ref 3
- int 3
- ref 53
- int 20
- int 0
- ref 45
- int 20
- int 3
mul
sam_run: pc = 28, sp = 70, ir = b9513f
Working stack: (9 word(s))
- int 0
- ref 59
- ref 3
- int 3
- ref 53
- int 20
- int 0
- ref 45
- int 60
_one
sam_run: pc = 28, sp = 71, ir = b9513f
Working stack: (10 word(s))
- int 0
- ref 59
- ref 3
- int 3
- ref 53
- int 20
- int 0
- ref 45
- int 60
- int -1
get
sam_run: pc = 29, sp = 71, ir = fffffff1
Working stack: (10 word(s))
- int 0
- ref 59
- ref 3
- int 3
- ref 53
- int 20
- int 0
- ref 45
- int 60
- int 60
int
sam_run: pc = 30, sp = 72, ir = 1bf
Working stack: (11 word(s))
- int 0
- ref 59
- ref 3
- int 3
- ref 53
- int 20
- int 0
- ref 45
- int 60
- int 60
- int -4
set
sam_run: pc = 31, sp = 70, ir = 5
Working stack: (9 word(s))
- int 0
- ref 59
- ref 3
- int 3
- ref 53
- int 60
- int 0
- ref 45
- int 60
int
sam_run: pc = 32, sp = 71, ir = bf
Working stack: (10 word(s))
- int 0
- ref 59
- ref 3
- int 3
- ref 53
- int 60
- int 0
- ref 45
- int 60
- int 1
pop
sam_run: pc = 33, sp = 69, ir = ffffffed
Working stack: (8 word(s))
- int 0
- ref 59
- ref 3
- int 3
- ref 53
- int 60
- int 0
- ref 45
int
sam_run: pc = 34, sp = 70, ir = 13f
Working stack: (9 word(s))
- int 0
- ref 59
- ref 3
- int 3
- ref 53
- int 60
- int 0
- ref 45
- int -5
get
sam_run: pc = 35, sp = 70, ir = 5
Working stack: (9 word(s))
- int 0
- ref 59
- ref 3
- int 3
- ref 53
- int 60
- int 0
- ref 45
- int 3
int
sam_run: pc = 36, sp = 71, ir = b949bf
Working stack: (10 word(s))
- int 0
- ref 59
- ref 3
- int 3
- ref 53
- int 60
- int 0
- ref 45
- int 3
- int 1
neg
sam_run: pc = 36, sp = 71, ir = b949bf
Working stack: (10 word(s))
- int 0
- ref 59
- ref 3
- int 3
- ref 53
- int 60
- int 0
- ref 45
- int 3
- int -1
add
sam_run: pc = 36, sp = 70, ir = b949bf
Working stack: (9 word(s))
- int 0
- ref 59
- ref 3
- int 3
- ref 53
- int 60
- int 0
- ref 45
- int 2
_one
sam_run: pc = 36, sp = 71, ir = b949bf
Working stack: (10 word(s))
- int 0
- ref 59
- ref 3
- int 3
- ref 53
- int 60
- int 0
- ref 45
- int 2
- int -1
get
sam_run: pc = 37, sp = 71, ir = ffffffe9
Working stack: (10 word(s))
- int 0
- ref 59
- ref 3
- int 3
- ref 53
- int 60
- int 0
- ref 45
- int 2
- int 2
int
sam_run: pc = 38, sp = 72, ir = 1bf
Working stack: (11 word(s))
- int 0
- ref 59
- ref 3
- int 3
- ref 53
- int 60
- int 0
- ref 45
- int 2
- int 2
- int -6
set
sam_run: pc = 39, sp = 70, ir = 5
Working stack: (9 word(s))
- int 0
- ref 59
- ref 3
- int 2
- ref 53
- int 60
- int 0
- ref 45
- int 2
int
sam_run: pc = 40, sp = 71, ir = bf
Working stack: (10 word(s))
- int 0
- ref 59
- ref 3
- int 2
- ref 53
- int 60
- int 0
- ref 45
- int 2
- int 1
pop
sam_run: pc = 41, sp = 69, ir = 1d
Working stack: (8 word(s))
- int 0
- ref 59
- ref 3
- int 2
- ref 53
- int 60
- int 0
- ref 45
int
sam_run: pc = 42, sp = 70, ir = 4bf
Working stack: (9 word(s))
- int 0
- ref 59
- ref 3
- int 2
- ref 53
- int 60
- int 0
- ref 45
- int 7
go
sam_run: pc = 7, sp = 69, ir = 1
Working stack: (8 word(s))
- int 0
- ref 59
- ref 3
- int 2
- ref 53
- int 60
- int 0
- ref 45
int
sam_run: pc = 8, sp = 70, ir = ffffffe9
Working stack: (9 word(s))
- int 0
- ref 59
- ref 3
- int 2
- ref 53
- int 60
- int 0
- ref 45
- int 0
int
sam_run: pc = 9, sp = 71, ir = 13f
Working stack: (10 word(s))
- int 0
- ref 59
- ref 3
- int 2
- ref 53
- int 60
- int 0
- ref 45
- int 0
- int -6
get
sam_run: pc = 10, sp = 71, ir = 1
Working stack: (10 word(s))
- int 0
- ref 59
- ref 3
- int 2
- ref 53
- int 60
- int 0
- ref 45
- int 0
- int 2
int
sam_run: pc = 11, sp = 72, ir = 138bf
Working stack: (11 word(s))
- int 0
- ref 59
- ref 3
- int 2
- ref 53
- int 60
- int 0
- ref 45
- int 0
- int 2
- int 0
eq
sam_run: pc = 11, sp = 71, ir = 138bf
Working stack: (10 word(s))
- int 0
- ref 59
- ref 3
- int 2
- ref 53
- int 60
- int 0
- ref 45
- int 0
- int 0
neg
sam_run: pc = 12, sp = 71, ir = 3800f
Working stack: (10 word(s))
- int 0
- ref 59
- ref 3
- int 2
- ref 53
- int 60
- int 0
- ref 45
- int 0
- int 0
bra
sam_run: pc = 20, sp = 72, ir = 800f
Working stack: (11 word(s))
- int 0
- ref 59
- ref 3
- int 2
- ref 53
- int 60
- int 0
- ref 45
- int 0
- int 0
- ref 12
bra
sam_run: pc = 22, sp = 73, ir = 3bf
Working stack: (12 word(s))
- int 0
- ref 59
- ref 3
- int 2
- ref 53
- int 60
- int 0
- ref 45
- int 0
- int 0
- ref 12
- ref 20
if
sam_run: pc = 21, sp = 71, ir = ffff800f
Working stack: (10 word(s))
- int 0
- ref 59
- ref 3
- int 2
- ref 53
- int 60
- int 0
- ref 45
- int 0
- ref 23
ket
sam_run: pc = 23, sp = 70, ir = 5
Working stack: (9 word(s))
- int 0
- ref 59
- ref 3
- int 2
- ref 53
- int 60
- int 0
- ref 45
- int 0
int
sam_run: pc = 24, sp = 71, ir = bf
Working stack: (10 word(s))
- int 0
- ref 59
- ref 3
- int 2
- ref 53
- int 60
- int 0
- ref 45
- int 0
- int 1
pop
sam_run: pc = 25, sp = 69, ir = fffffff5
Working stack: (8 word(s))
- int 0
- ref 59
- ref 3
- int 2
- ref 53
- int 60
- int 0
- ref 45
int
sam_run: pc = 26, sp = 70, ir = 13f
Working stack: (9 word(s))
- int 0
- ref 59
- ref 3
- int 2
- ref 53
- int 60
- int 0
- ref 45
- int -3
get
sam_run: pc = 27, sp = 70, ir = ffffffe9
Working stack: (9 word(s))
- int 0
- ref 59
- ref 3
- int 2
- ref 53
- int 60
- int 0
- ref 45
- int 60
int
sam_run: pc = 28, sp = 71, ir = b9513f
Working stack: (10 word(s))
- int 0
- ref 59
- ref 3
- int 2
- ref 53
- int 60
- int 0
- ref 45
- int 60
- int -6
get
sam_run: pc = 28, sp = 71, ir = b9513f
Working stack: (10 word(s))
- int 0
- ref 59
- ref 3
- int 2
- ref 53
- int 60
- int 0
- ref 45
- int 60
- int 2
mul
sam_run: pc = 28, sp = 70, ir = b9513f
Working stack: (9 word(s))
- int 0
- ref 59
- ref 3
- int 2
- ref 53
- int 60
- int 0
- ref 45
- int 120
_one
sam_run: pc = 28, sp = 71, ir = b9513f
Working stack: (10 word(s))
- int 0
- ref 59
- ref 3
- int 2
- ref 53
- int 60
- int 0
- ref 45
- int 120
- int -1
get
sam_run: pc = 29, sp = 71, ir = fffffff1
Working stack: (10 word(s))
- int 0
- ref 59
- ref 3
- int 2
- ref 53
- int 60
- int 0
- ref 45
- int 120
- int 120
int
sam_run: pc = 30, sp = 72, ir = 1bf
Working stack: (11 word(s))
- int 0
- ref 59
- ref 3
- int 2
- ref 53
- int 60
- int 0
- ref 45
- int 120
- int 120
- int -4
set
sam_run: pc = 31, sp = 70, ir = 5
Working stack: (9 word(s))
- int 0
- ref 59
- ref 3
- int 2
- ref 53
- int 120
- int 0
- ref 45
- int 120
int
sam_run: pc = 32, sp = 71, ir = bf
Working stack: (10 word(s))
- int 0
- ref 59
- ref 3
- int 2
- ref 53
- int 120
- int 0
- ref 45
- int 120
- int 1
pop
sam_run: pc = 33, sp = 69, ir = ffffffed
Working stack: (8 word(s))
- int 0
- ref 59
- ref 3
- int 2
- ref 53
- int 120
- int 0
- ref 45
int
sam_run: pc = 34, sp = 70, ir = 13f
Working stack: (9 word(s))
- int 0
- ref 59
- ref 3
- int 2
- ref 53
- int 120
- int 0
- ref 45
- int -5
get
sam_run: pc = 35, sp = 70, ir = 5
Working stack: (9 word(s))
- int 0
- ref 59
- ref 3
- int 2
- ref 53
- int 120
- int 0
- ref 45
- int 2
int
sam_run: pc = 36, sp = 71, ir = b949bf
Working stack: (10 word(s))
- int 0
- ref 59
- ref 3
- int 2
- ref 53
- int 120
- int 0
- ref 45
- int 2
- int 1
neg
sam_run: pc = 36, sp = 71, ir = b949bf
Working stack: (10 word(s))
- int 0
- ref 59
- ref 3
- int 2
- ref 53
- int 120
- int 0
- ref 45
- int 2
- int -1
add
sam_run: pc = 36, sp = 70, ir = b949bf
Working stack: (9 word(s))
- int 0
- ref 59
- ref 3
- int 2
- ref 53
- int 120
- int 0
- ref 45
- int 1
_one
sam_run: pc = 36, sp = 71, ir = b949bf
Working stack: (10 word(s))
- int 0
- ref 59
- ref 3
- int 2
- ref 53
- int 120
- int 0
- ref 45
- int 1
- int -1
get
sam_run: pc = 37, sp = 71, ir = ffffffe9
Working stack: (10 word(s))
- int 0
- ref 59
- ref 3
- int 2
- ref 53
- int 120
- int 0
- ref 45
- int 1
- int 1
int
sam_run: pc = 38, sp = 72, ir = 1bf
Working stack: (11 word(s))
- int 0
- ref 59
- ref 3
- int 2
- ref 53
- int 120
- int 0
- ref 45
- int 1
- int 1
- int -6
set
sam_run: pc = 39, sp = 70, ir = 5
Working stack: (9 word(s))
- int 0
- ref 59
- ref 3
- int 1
- ref 53
- int 120
- int 0
- ref 45
- int 1
int
sam_run: pc = 40, sp = 71, ir = bf
Working stack: (10 word(s))
- int 0
- ref 59
- ref 3
- int 1
- ref 53
- int 120
- int 0
- ref 45
- int 1
- int 1
pop
sam_run: pc = 41, sp = 69, ir = 1d
Working stack: (8 word(s))
- int 0
- ref 59
- ref 3
- int 1
- ref 53
- int 120
- int 0
- ref 45
int
sam_run: pc = 42, sp = 70, ir = 4bf
Working stack: (9 word(s))
- int 0
- ref 59
- ref 3
- int 1
- ref 53
- int 120
- int 0
- ref 45
- int 7
go
sam_run: pc = 7, sp = 69, ir = 1
Working stack: (8 word(s))
- int 0
- ref 59
- ref 3
- int 1
- ref 53
- int 120
- int 0
- ref 45
int
sam_run: pc = 8, sp = 70, ir = ffffffe9
Working stack: (9 word(s))
- int 0
- ref 59
- ref 3
- int 1
- ref 53
- int 120
- int 0
- ref 45
- int 0
int
sam_run: pc = 9, sp = 71, ir = 13f
Working stack: (10 word(s))
- int 0
- ref 59
- ref 3
- int 1
- ref 53
- int 120
- int 0
- ref 45
- int 0
- int -6
get
sam_run: pc = 10, sp = 71, ir = 1
Working stack: (10 word(s))
- int 0
- ref 59
- ref 3
- int 1
- ref 53
- int 120
- int 0
- ref 45
- int 0
- int 1
int
sam_run: pc = 11, sp = 72, ir = 138bf
Working stack: (11 word(s))
- int 0
- ref 59
- ref 3
- int 1
- ref 53
- int 120
- int 0
- ref 45
- int 0
- int 1
- int 0
eq
sam_run: pc = 11, sp = 71, ir = 138bf
Working stack: (10 word(s))
- int 0
- ref 59
- ref 3
- int 1
- ref 53
- int 120
- int 0
- ref 45
- int 0
- int 0
neg
sam_run: pc = 12, sp = 71, ir = 3800f
Working stack: (10 word(s))
- int 0
- ref 59
- ref 3
- int 1
- ref 53
- int 120
- int 0
- ref 45
- int 0
- int 0
bra
sam_run: pc = 20, sp = 72, ir = 800f
Working stack: (11 word(s))
- int 0
- ref 59
- ref 3
- int 1
- ref 53
- int 120
- int 0
- ref 45
- int 0
- int 0
- ref 12
bra
sam_run: pc = 22, sp = 73, ir = 3bf
Working stack: (12 word(s))
- int 0
- ref 59
- ref 3
- int 1
- ref 53
- int 120
- int 0
- ref 45
- int 0
- int 0
- ref 12
- ref 20
if
sam_run: pc = 21, sp = 71, ir = ffff800f
Working stack: (10 word(s))
- int 0
- ref 59
- ref 3
- int 1
- ref 53
- int 120
- int 0
- ref 45
- int 0
- ref 23
ket
sam_run: pc = 23, sp = 70, ir = 5
Working stack: (9 word(s))
- int 0
- ref 59
- ref 3
- int 1
- ref 53
- int 120
- int 0
- ref 45
- int 0
int
sam_run: pc = 24, sp = 71, ir = bf
Working stack: (10 word(s))
- int 0
- ref 59
- ref 3
- int 1
- ref 53
- int 120
- int 0
- ref 45
- int 0
- int 1
pop
sam_run: pc = 25, sp = 69, ir = fffffff5
Working stack: (8 word(s))
- int 0
- ref 59
- ref 3
- int 1
- ref 53
- int 120
- int 0
- ref 45
int
sam_run: pc = 26, sp = 70, ir = 13f
Working stack: (9 word(s))
- int 0
- ref 59
- ref 3
- int 1
- ref 53
- int 120
- int 0
- ref 45
- int -3
get
sam_run: pc = 27, sp = 70, ir = ffffffe9
Working stack: (9 word(s))
- int 0
- ref 59
- ref 3
- int 1
- ref 53
- int 120
- int 0
- ref 45
- int 120
int
sam_run: pc = 28, sp = 71, ir = b9513f
Working stack: (10 word(s))
- int 0
- ref 59
- ref 3
- int 1
- ref 53
- int 120
- int 0
- ref 45
- int 120
- int -6
get
sam_run: pc = 28, sp = 71, ir = b9513f
Working stack: (10 word(s))
- int 0
- ref 59
- ref 3
- int 1
- ref 53
- int 120
- int 0
- ref 45
- int 120
- int 1
mul
sam_run: pc = 28, sp = 70, ir = b9513f
Working stack: (9 word(s))
- int 0
- ref 59
- ref 3
- int 1
- ref 53
- int 120
- int 0
- ref 45
- int 120
_one
sam_run: pc = 28, sp = 71, ir = b9513f
Working stack: (10 word(s))
- int 0
- ref 59
- ref 3
- int 1
- ref 53
- int 120
- int 0
- ref 45
- int 120
- int -1
get
sam_run: pc = 29, sp = 71, ir = fffffff1
Working stack: (10 word(s))
- int 0
- ref 59
- ref 3
- int 1
- ref 53
- int 120
- int 0
- ref 45
- int 120
- int 120
int
sam_run: pc = 30, sp = 72, ir = 1bf
Working stack: (11 word(s))
- int 0
- ref 59
- ref 3
- int 1
- ref 53
- int 120
- int 0
- ref 45
- int 120
- int 120
- int -4
set
sam_run: pc = 31, sp = 70, ir = 5
Working stack: (9 word(s))
- int 0
- ref 59
- ref 3
- int 1
- ref 53
- int 120
- int 0
- ref 45
- int 120
int
sam_run: pc = 32, sp = 71, ir = bf
Working stack: (10 word(s))
- int 0
- ref 59
- ref 3
- int 1
- ref 53
- int 120
- int 0
- ref 45
- int 120
- int 1
pop
sam_run: pc = 33, sp = 69, ir = ffffffed
Working stack: (8 word(s))
- int 0
- ref 59
- ref 3
- int 1
- ref 53
- int 120
- int 0
- ref 45
int
sam_run: pc = 34, sp = 70, ir = 13f
Working stack: (9 word(s))
- int 0
- ref 59
- ref 3
- int 1
- ref 53
- int 120
- int 0
- ref 45
- int -5
get
sam_run: pc = 35, sp = 70, ir = 5
Working stack: (9 word(s))
- int 0
- ref 59
- ref 3
- int 1
- ref 53
- int 120
- int 0
- ref 45
- int 1
int
sam_run: pc = 36, sp = 71, ir = b949bf
Working stack: (10 word(s))
- int 0
- ref 59
- ref 3
- int 1
- ref 53
- int 120
- int 0
- ref 45
- int 1
- int 1
neg
sam_run: pc = 36, sp = 71, ir = b949bf
Working stack: (10 word(s))
- int 0
- ref 59
- ref 3
- int 1
- ref 53
- int 120
- int 0
- ref 45
- int 1
- int -1
add
sam_run: pc = 36, sp = 70, ir = b949bf
Working stack: (9 word(s))
- int 0
- ref 59
- ref 3
- int 1
- ref 53
- int 120
- int 0
- ref 45
- int 0
_one
sam_run: pc = 36, sp = 71, ir = b949bf
Working stack: (10 word(s))
- int 0
- ref 59
- ref 3
- int 1
- ref 53
- int 120
- int 0
- ref 45
- int 0
- int -1
get
sam_run: pc = 37, sp = 71, ir = ffffffe9
Working stack: (10 word(s))
- int 0
- ref 59
- ref 3
- int 1
- ref 53
- int 120
- int 0
- ref 45
- int 0
- int 0
int
sam_run: pc = 38, sp = 72, ir = 1bf
Working stack: (11 word(s))
- int 0
- ref 59
- ref 3
- int 1
- ref 53
- int 120
- int 0
- ref 45
- int 0
- int 0
- int -6
set
sam_run: pc = 39, sp = 70, ir = 5
Working stack: (9 word(s))
- int 0
- ref 59
- ref 3
- int 0
- ref 53
- int 120
- int 0
- ref 45
- int 0
int
sam_run: pc = 40, sp = 71, ir = bf
Working stack: (10 word(s))
- int 0
- ref 59
- ref 3
- int 0
- ref 53
- int 120
- int 0
- ref 45
- int 0
- int 1
pop
sam_run: pc = 41, sp = 69, ir = 1d
Working stack: (8 word(s))
- int 0
- ref 59
- ref 3
- int 0
- ref 53
- int 120
- int 0
- ref 45
int
sam_run: pc = 42, sp = 70, ir = 4bf
Working stack: (9 word(s))
- int 0
- ref 59
- ref 3
- int 0
- ref 53
- int 120
- int 0
- ref 45
- int 7
go
sam_run: pc = 7, sp = 69, ir = 1
Working stack: (8 word(s))
- int 0
- ref 59
- ref 3
- int 0
- ref 53
- int 120
- int 0
- ref 45
int
sam_run: pc = 8, sp = 70, ir = ffffffe9
Working stack: (9 word(s))
- int 0
- ref 59
- ref 3
- int 0
- ref 53
- int 120
- int 0
- ref 45
- int 0
int
sam_run: pc = 9, sp = 71, ir = 13f
Working stack: (10 word(s))
- int 0
- ref 59
- ref 3
- int 0
- ref 53
- int 120
- int 0
- ref 45
- int 0
- int -6
get
sam_run: pc = 10, sp = 71, ir = 1
Working stack: (10 word(s))
- int 0
- ref 59
- ref 3
- int 0
- ref 53
- int 120
- int 0
- ref 45
- int 0
- int 0
int
sam_run: pc = 11, sp = 72, ir = 138bf
Working stack: (11 word(s))
- int 0
- ref 59
- ref 3
- int 0
- ref 53
- int 120
- int 0
- ref 45
- int 0
- int 0
- int 0
eq
sam_run: pc = 11, sp = 71, ir = 138bf
Working stack: (10 word(s))
- int 0
- ref 59
- ref 3
- int 0
- ref 53
- int 120
- int 0
- ref 45
- int 0
- int -1
neg
sam_run: pc = 12, sp = 71, ir = 3800f
Working stack: (10 word(s))
- int 0
- ref 59
- ref 3
- int 0
- ref 53
- int 120
- int 0
- ref 45
- int 0
- int 1
bra
sam_run: pc = 20, sp = 72, ir = 800f
Working stack: (11 word(s))
- int 0
- ref 59
- ref 3
- int 0
- ref 53
- int 120
- int 0
- ref 45
- int 0
- int 1
- ref 12
bra
sam_run: pc = 22, sp = 73, ir = 3bf
Working stack: (12 word(s))
- int 0
- ref 59
- ref 3
- int 0
- ref 53
- int 120
- int 0
- ref 45
- int 0
- int 1
- ref 12
- ref 20
if
sam_run: pc = 13, sp = 71, ir = ffffffed
Working stack: (10 word(s))
- int 0
- ref 59
- ref 3
- int 0
- ref 53
- int 120
- int 0
- ref 45
- int 0
- ref 23
int
sam_run: pc = 14, sp = 72, ir = 13f
Working stack: (11 word(s))
- int 0
- ref 59
- ref 3
- int 0
- ref 53
- int 120
- int 0
- ref 45
- int 0
- ref 23
- int -5
get
sam_run: pc = 15, sp = 72, ir = fffffff1
Working stack: (11 word(s))
- int 0
- ref 59
- ref 3
- int 0
- ref 53
- int 120
- int 0
- ref 45
- int 0
- ref 23
- int 120
int
sam_run: pc = 16, sp = 73, ir = 1bf
Working stack: (12 word(s))
- int 0
- ref 59
- ref 3
- int 0
- ref 53
- int 120
- int 0
- ref 45
- int 0
- ref 23
- int 120
- int -4
set
sam_run: pc = 17, sp = 71, ir = 9
Working stack: (10 word(s))
- int 0
- ref 59
- ref 3
- int 0
- ref 53
- int 120
- int 120
- ref 45
- int 0
- ref 23
int
sam_run: pc = 18, sp = 72, ir = 11a0bf
Working stack: (11 word(s))
- int 0
- ref 59
- ref 3
- int 0
- ref 53
- int 120
- int 120
- ref 45
- int 0
- ref 23
- int 2
pop
sam_run: pc = 18, sp = 69, ir = 11a0bf
Working stack: (8 word(s))
- int 0
- ref 59
- ref 3
- int 0
- ref 53
- int 120
- int 120
- ref 45
zero
sam_run: pc = 18, sp = 70, ir = 11a0bf
Working stack: (9 word(s))
- int 0
- ref 59
- ref 3
- int 0
- ref 53
- int 120
- int 120
- ref 45
- int 0
while
sam_run: pc = 45, sp = 68, ir = fffffff5
Working stack: (7 word(s))
- int 0
- ref 59
- ref 3
- int 0
- ref 53
- int 120
- int 120
int
sam_run: pc = 46, sp = 69, ir = 1bf
Working stack: (8 word(s))
- int 0
- ref 59
- ref 3
- int 0
- ref 53
- int 120
- int 120
- int -3
set
sam_run: pc = 47, sp = 67, ir = 5
Working stack: (6 word(s))
- int 0
- ref 59
- ref 3
- int 120
- ref 53
- int 120
int
sam_run: pc = 48, sp = 68, ir = bf
Working stack: (7 word(s))
- int 0
- ref 59
- ref 3
- int 120
- ref 53
- int 120
- int 1
pop
sam_run: pc = 49, sp = 66, ir = ffe9000f
Working stack: (5 word(s))
- int 0
- ref 59
- ref 3
- int 120
- ref 53
ket
sam_run: pc = 53, sp = 65, ir = fffffff5
Working stack: (4 word(s))
- int 0
- ref 59
- ref 3
- int 120
int
sam_run: pc = 54, sp = 66, ir = 1bf
Working stack: (5 word(s))
- int 0
- ref 59
- ref 3
- int 120
- int -3
set
sam_run: pc = 55, sp = 64, ir = 5
Working stack: (3 word(s))
- int 120
- ref 59
- ref 3
int
sam_run: pc = 56, sp = 65, ir = bf
Working stack: (4 word(s))
- int 120
- ref 59
- ref 3
- int 1
pop
sam_run: pc = 57, sp = 63, ir = ffe4800f
Working stack: (2 word(s))
- int 120
- ref 59
ket
sam_run: pc = 59, sp = 62, ir = fbf
Working stack: (1 word(s))
- int 120
halt
Stack: (61 word(s))
- 
  - int 0
  - 
    - 
      - int 1
      - int 0
      - 
        - int 0
        - int -6
        - get
        - int 0
        - eq neg
        - 
          - int -5
          - get
          - int -4
          - set
          - int 2
          - pop zero while
        - 
        - if
        - int 1
        - pop
        - int -3
        - get
        - int -6
        - get mul _one get
        - int -4
        - set
        - int 1
        - pop
        - int -5
        - get
        - int 1
        - neg add _one get
        - int -6
        - set
        - int 1
        - pop
        - int 7
        - go
      - do
      - int -3
      - set
      - int 1
      - pop
    - int 5
    - int -2
    - get do
    - int -3
    - set
    - int 1
    - pop
  - do
  - halt
sam_run returns: halt with reason 120 (0x78)
