Stack: XXXXXXXX (4 item(s))
- int 0
- stack XXXXXXXX (76 items)
  - int 50
  - int 100
  - int 0
  - stack XXXXXXXX (3 items)
    - trap BLACK
    - int -3
    - set
  - do
  - trap SETDOT
  - int 0
  - pop
  - int 20
  - int 100
  - int 0
  - stack XXXXXXXX (3 items)
    - trap BLACK
    - int -3
    - set
  - do
  - trap SETDOT
  - int 0
  - pop
  - int 10
  - int 10
  - int 110
  - int 50
  - int 0
  - stack XXXXXXXX (3 items)
    - trap BLACK
    - int -3
    - set
  - do
  - trap DRAWLINE
  - int 0
  - pop
  - int 40
  - int 120
  - int 60
  - int 80
  - int 0
  - stack XXXXXXXX (3 items)
    - trap BLACK
    - int -3
    - set
  - do
  - trap DRAWRECT
  - int 0
  - pop
  - int 60
  - int 140
  - int 20
  - int 40
  - int 0
  - stack XXXXXXXX (3 items)
    - trap BLACK
    - int -3
    - set
  - do
  - trap FILLRECT
  - int 0
  - pop
  - int 110
  - int 120
  - int 60
  - int 80
  - int 30
  - int 0
  - stack XXXXXXXX (3 items)
    - trap BLACK
    - int -3
    - set
  - do
  - trap DRAWROUNDRECT
  - int 0
  - pop
  - int 210
  - int 160
  - int 40
  - int 0
  - stack XXXXXXXX (3 items)
    - trap BLACK
    - int -3
    - set
  - do
  - trap DRAWCIRCLE
  - int 0
  - pop
  - int 290
  - int 160
  - int 40
  - int 0
  - stack XXXXXXXX (3 items)
    - trap BLACK
    - int -3
    - set
  - do
  - trap FILLCIRCLE
  - int 0
  - int -3
  - set
- do
- halt
sam_run: pc0 = XXXXXXXX, pc = 0, sp = 0, ir = XXXXXXXX
Working stack: (0 word(s))
int
sam_run: pc0 = XXXXXXXX, pc = 1, sp = 1, ir = XXXXXXXX
Working stack: (1 word(s))
- int 0
stack
sam_run: pc0 = XXXXXXXX, pc = 2, sp = 2, ir = XXXXXXXX
Working stack: (2 word(s))
- int 0
- stack XXXXXXXX
do
sam_run: pc0 = XXXXXXXX, pc = 0, sp = 3, ir = XXXXXXXX
Working stack: (3 word(s))
- int 0
- stack XXXXXXXX
- int 3
int
sam_run: pc0 = XXXXXXXX, pc = 1, sp = 4, ir = XXXXXXXX
Working stack: (4 word(s))
- int 0
- stack XXXXXXXX
- int 3
- int 50
int
sam_run: pc0 = XXXXXXXX, pc = 2, sp = 5, ir = XXXXXXXX
Working stack: (5 word(s))
- int 0
- stack XXXXXXXX
- int 3
- int 50
- int 100
int
sam_run: pc0 = XXXXXXXX, pc = 3, sp = 6, ir = XXXXXXXX
Working stack: (6 word(s))
- int 0
- stack XXXXXXXX
- int 3
- int 50
- int 100
- int 0
stack
sam_run: pc0 = XXXXXXXX, pc = 4, sp = 7, ir = XXXXXXXX
Working stack: (7 word(s))
- int 0
- stack XXXXXXXX
- int 3
- int 50
- int 100
- int 0
- stack XXXXXXXX
do
sam_run: pc0 = XXXXXXXX, pc = 0, sp = 8, ir = XXXXXXXX
Working stack: (8 word(s))
- int 0
- stack XXXXXXXX
- int 3
- int 50
- int 100
- int 0
- stack XXXXXXXX
- int 5
trap BLACK
sam_run: pc0 = XXXXXXXX, pc = 1, sp = 9, ir = XXXXXXXX
Working stack: (9 word(s))
- int 0
- stack XXXXXXXX
- int 3
- int 50
- int 100
- int 0
- stack XXXXXXXX
- int 5
- int 0
int
sam_run: pc0 = XXXXXXXX, pc = 2, sp = 10, ir = XXXXXXXX
Working stack: (10 word(s))
- int 0
- stack XXXXXXXX
- int 3
- int 50
- int 100
- int 0
- stack XXXXXXXX
- int 5
- int 0
- int -3
set
sam_run: pc0 = XXXXXXXX, pc = 2, sp = 8
ket
Working stack: (8 word(s))
- int 0
- stack XXXXXXXX
- int 3
- int 50
- int 100
- int 0
- stack XXXXXXXX
- int 5
sam_run: pc0 = XXXXXXXX, pc = 5, sp = 6, ir = XXXXXXXX
Working stack: (6 word(s))
- int 0
- stack XXXXXXXX
- int 3
- int 50
- int 100
- int 0
trap SETDOT
sam_run: pc0 = XXXXXXXX, pc = 6, sp = 3, ir = XXXXXXXX
Working stack: (3 word(s))
- int 0
- stack XXXXXXXX
- int 3
int
sam_run: pc0 = XXXXXXXX, pc = 7, sp = 4, ir = XXXXXXXX
Working stack: (4 word(s))
- int 0
- stack XXXXXXXX
- int 3
- int 0
pop
sam_run: pc0 = XXXXXXXX, pc = 8, sp = 3, ir = XXXXXXXX
Working stack: (3 word(s))
- int 0
- stack XXXXXXXX
- int 3
int
sam_run: pc0 = XXXXXXXX, pc = 9, sp = 4, ir = XXXXXXXX
Working stack: (4 word(s))
- int 0
- stack XXXXXXXX
- int 3
- int 20
int
sam_run: pc0 = XXXXXXXX, pc = 10, sp = 5, ir = XXXXXXXX
Working stack: (5 word(s))
- int 0
- stack XXXXXXXX
- int 3
- int 20
- int 100
int
sam_run: pc0 = XXXXXXXX, pc = 11, sp = 6, ir = XXXXXXXX
Working stack: (6 word(s))
- int 0
- stack XXXXXXXX
- int 3
- int 20
- int 100
- int 0
stack
sam_run: pc0 = XXXXXXXX, pc = 12, sp = 7, ir = XXXXXXXX
Working stack: (7 word(s))
- int 0
- stack XXXXXXXX
- int 3
- int 20
- int 100
- int 0
- stack XXXXXXXX
do
sam_run: pc0 = XXXXXXXX, pc = 0, sp = 8, ir = XXXXXXXX
Working stack: (8 word(s))
- int 0
- stack XXXXXXXX
- int 3
- int 20
- int 100
- int 0
- stack XXXXXXXX
- int 13
trap BLACK
sam_run: pc0 = XXXXXXXX, pc = 1, sp = 9, ir = XXXXXXXX
Working stack: (9 word(s))
- int 0
- stack XXXXXXXX
- int 3
- int 20
- int 100
- int 0
- stack XXXXXXXX
- int 13
- int 0
int
sam_run: pc0 = XXXXXXXX, pc = 2, sp = 10, ir = XXXXXXXX
Working stack: (10 word(s))
- int 0
- stack XXXXXXXX
- int 3
- int 20
- int 100
- int 0
- stack XXXXXXXX
- int 13
- int 0
- int -3
set
sam_run: pc0 = XXXXXXXX, pc = 2, sp = 8
ket
Working stack: (8 word(s))
- int 0
- stack XXXXXXXX
- int 3
- int 20
- int 100
- int 0
- stack XXXXXXXX
- int 13
sam_run: pc0 = XXXXXXXX, pc = 13, sp = 6, ir = XXXXXXXX
Working stack: (6 word(s))
- int 0
- stack XXXXXXXX
- int 3
- int 20
- int 100
- int 0
trap SETDOT
sam_run: pc0 = XXXXXXXX, pc = 14, sp = 3, ir = XXXXXXXX
Working stack: (3 word(s))
- int 0
- stack XXXXXXXX
- int 3
int
sam_run: pc0 = XXXXXXXX, pc = 15, sp = 4, ir = XXXXXXXX
Working stack: (4 word(s))
- int 0
- stack XXXXXXXX
- int 3
- int 0
pop
sam_run: pc0 = XXXXXXXX, pc = 16, sp = 3, ir = XXXXXXXX
Working stack: (3 word(s))
- int 0
- stack XXXXXXXX
- int 3
int
sam_run: pc0 = XXXXXXXX, pc = 17, sp = 4, ir = XXXXXXXX
Working stack: (4 word(s))
- int 0
- stack XXXXXXXX
- int 3
- int 10
int
sam_run: pc0 = XXXXXXXX, pc = 18, sp = 5, ir = XXXXXXXX
Working stack: (5 word(s))
- int 0
- stack XXXXXXXX
- int 3
- int 10
- int 10
int
sam_run: pc0 = XXXXXXXX, pc = 19, sp = 6, ir = XXXXXXXX
Working stack: (6 word(s))
- int 0
- stack XXXXXXXX
- int 3
- int 10
- int 10
- int 110
int
sam_run: pc0 = XXXXXXXX, pc = 20, sp = 7, ir = XXXXXXXX
Working stack: (7 word(s))
- int 0
- stack XXXXXXXX
- int 3
- int 10
- int 10
- int 110
- int 50
int
sam_run: pc0 = XXXXXXXX, pc = 21, sp = 8, ir = XXXXXXXX
Working stack: (8 word(s))
- int 0
- stack XXXXXXXX
- int 3
- int 10
- int 10
- int 110
- int 50
- int 0
stack
sam_run: pc0 = XXXXXXXX, pc = 22, sp = 9, ir = XXXXXXXX
Working stack: (9 word(s))
- int 0
- stack XXXXXXXX
- int 3
- int 10
- int 10
- int 110
- int 50
- int 0
- stack XXXXXXXX
do
sam_run: pc0 = XXXXXXXX, pc = 0, sp = 10, ir = XXXXXXXX
Working stack: (10 word(s))
- int 0
- stack XXXXXXXX
- int 3
- int 10
- int 10
- int 110
- int 50
- int 0
- stack XXXXXXXX
- int 23
trap BLACK
sam_run: pc0 = XXXXXXXX, pc = 1, sp = 11, ir = XXXXXXXX
Working stack: (11 word(s))
- int 0
- stack XXXXXXXX
- int 3
- int 10
- int 10
- int 110
- int 50
- int 0
- stack XXXXXXXX
- int 23
- int 0
int
sam_run: pc0 = XXXXXXXX, pc = 2, sp = 12, ir = XXXXXXXX
Working stack: (12 word(s))
- int 0
- stack XXXXXXXX
- int 3
- int 10
- int 10
- int 110
- int 50
- int 0
- stack XXXXXXXX
- int 23
- int 0
- int -3
set
sam_run: pc0 = XXXXXXXX, pc = 2, sp = 10
ket
Working stack: (10 word(s))
- int 0
- stack XXXXXXXX
- int 3
- int 10
- int 10
- int 110
- int 50
- int 0
- stack XXXXXXXX
- int 23
sam_run: pc0 = XXXXXXXX, pc = 23, sp = 8, ir = XXXXXXXX
Working stack: (8 word(s))
- int 0
- stack XXXXXXXX
- int 3
- int 10
- int 10
- int 110
- int 50
- int 0
trap DRAWLINE
sam_run: pc0 = XXXXXXXX, pc = 24, sp = 3, ir = XXXXXXXX
Working stack: (3 word(s))
- int 0
- stack XXXXXXXX
- int 3
int
sam_run: pc0 = XXXXXXXX, pc = 25, sp = 4, ir = XXXXXXXX
Working stack: (4 word(s))
- int 0
- stack XXXXXXXX
- int 3
- int 0
pop
sam_run: pc0 = XXXXXXXX, pc = 26, sp = 3, ir = XXXXXXXX
Working stack: (3 word(s))
- int 0
- stack XXXXXXXX
- int 3
int
sam_run: pc0 = XXXXXXXX, pc = 27, sp = 4, ir = XXXXXXXX
Working stack: (4 word(s))
- int 0
- stack XXXXXXXX
- int 3
- int 40
int
sam_run: pc0 = XXXXXXXX, pc = 28, sp = 5, ir = XXXXXXXX
Working stack: (5 word(s))
- int 0
- stack XXXXXXXX
- int 3
- int 40
- int 120
int
sam_run: pc0 = XXXXXXXX, pc = 29, sp = 6, ir = XXXXXXXX
Working stack: (6 word(s))
- int 0
- stack XXXXXXXX
- int 3
- int 40
- int 120
- int 60
int
sam_run: pc0 = XXXXXXXX, pc = 30, sp = 7, ir = XXXXXXXX
Working stack: (7 word(s))
- int 0
- stack XXXXXXXX
- int 3
- int 40
- int 120
- int 60
- int 80
int
sam_run: pc0 = XXXXXXXX, pc = 31, sp = 8, ir = XXXXXXXX
Working stack: (8 word(s))
- int 0
- stack XXXXXXXX
- int 3
- int 40
- int 120
- int 60
- int 80
- int 0
stack
sam_run: pc0 = XXXXXXXX, pc = 32, sp = 9, ir = XXXXXXXX
Working stack: (9 word(s))
- int 0
- stack XXXXXXXX
- int 3
- int 40
- int 120
- int 60
- int 80
- int 0
- stack XXXXXXXX
do
sam_run: pc0 = XXXXXXXX, pc = 0, sp = 10, ir = XXXXXXXX
Working stack: (10 word(s))
- int 0
- stack XXXXXXXX
- int 3
- int 40
- int 120
- int 60
- int 80
- int 0
- stack XXXXXXXX
- int 33
trap BLACK
sam_run: pc0 = XXXXXXXX, pc = 1, sp = 11, ir = XXXXXXXX
Working stack: (11 word(s))
- int 0
- stack XXXXXXXX
- int 3
- int 40
- int 120
- int 60
- int 80
- int 0
- stack XXXXXXXX
- int 33
- int 0
int
sam_run: pc0 = XXXXXXXX, pc = 2, sp = 12, ir = XXXXXXXX
Working stack: (12 word(s))
- int 0
- stack XXXXXXXX
- int 3
- int 40
- int 120
- int 60
- int 80
- int 0
- stack XXXXXXXX
- int 33
- int 0
- int -3
set
sam_run: pc0 = XXXXXXXX, pc = 2, sp = 10
ket
Working stack: (10 word(s))
- int 0
- stack XXXXXXXX
- int 3
- int 40
- int 120
- int 60
- int 80
- int 0
- stack XXXXXXXX
- int 33
sam_run: pc0 = XXXXXXXX, pc = 33, sp = 8, ir = XXXXXXXX
Working stack: (8 word(s))
- int 0
- stack XXXXXXXX
- int 3
- int 40
- int 120
- int 60
- int 80
- int 0
trap DRAWRECT
sam_run: pc0 = XXXXXXXX, pc = 34, sp = 3, ir = XXXXXXXX
Working stack: (3 word(s))
- int 0
- stack XXXXXXXX
- int 3
int
sam_run: pc0 = XXXXXXXX, pc = 35, sp = 4, ir = XXXXXXXX
Working stack: (4 word(s))
- int 0
- stack XXXXXXXX
- int 3
- int 0
pop
sam_run: pc0 = XXXXXXXX, pc = 36, sp = 3, ir = XXXXXXXX
Working stack: (3 word(s))
- int 0
- stack XXXXXXXX
- int 3
int
sam_run: pc0 = XXXXXXXX, pc = 37, sp = 4, ir = XXXXXXXX
Working stack: (4 word(s))
- int 0
- stack XXXXXXXX
- int 3
- int 60
int
sam_run: pc0 = XXXXXXXX, pc = 38, sp = 5, ir = XXXXXXXX
Working stack: (5 word(s))
- int 0
- stack XXXXXXXX
- int 3
- int 60
- int 140
int
sam_run: pc0 = XXXXXXXX, pc = 39, sp = 6, ir = XXXXXXXX
Working stack: (6 word(s))
- int 0
- stack XXXXXXXX
- int 3
- int 60
- int 140
- int 20
int
sam_run: pc0 = XXXXXXXX, pc = 40, sp = 7, ir = XXXXXXXX
Working stack: (7 word(s))
- int 0
- stack XXXXXXXX
- int 3
- int 60
- int 140
- int 20
- int 40
int
sam_run: pc0 = XXXXXXXX, pc = 41, sp = 8, ir = XXXXXXXX
Working stack: (8 word(s))
- int 0
- stack XXXXXXXX
- int 3
- int 60
- int 140
- int 20
- int 40
- int 0
stack
sam_run: pc0 = XXXXXXXX, pc = 42, sp = 9, ir = XXXXXXXX
Working stack: (9 word(s))
- int 0
- stack XXXXXXXX
- int 3
- int 60
- int 140
- int 20
- int 40
- int 0
- stack XXXXXXXX
do
sam_run: pc0 = XXXXXXXX, pc = 0, sp = 10, ir = XXXXXXXX
Working stack: (10 word(s))
- int 0
- stack XXXXXXXX
- int 3
- int 60
- int 140
- int 20
- int 40
- int 0
- stack XXXXXXXX
- int 43
trap BLACK
sam_run: pc0 = XXXXXXXX, pc = 1, sp = 11, ir = XXXXXXXX
Working stack: (11 word(s))
- int 0
- stack XXXXXXXX
- int 3
- int 60
- int 140
- int 20
- int 40
- int 0
- stack XXXXXXXX
- int 43
- int 0
int
sam_run: pc0 = XXXXXXXX, pc = 2, sp = 12, ir = XXXXXXXX
Working stack: (12 word(s))
- int 0
- stack XXXXXXXX
- int 3
- int 60
- int 140
- int 20
- int 40
- int 0
- stack XXXXXXXX
- int 43
- int 0
- int -3
set
sam_run: pc0 = XXXXXXXX, pc = 2, sp = 10
ket
Working stack: (10 word(s))
- int 0
- stack XXXXXXXX
- int 3
- int 60
- int 140
- int 20
- int 40
- int 0
- stack XXXXXXXX
- int 43
sam_run: pc0 = XXXXXXXX, pc = 43, sp = 8, ir = XXXXXXXX
Working stack: (8 word(s))
- int 0
- stack XXXXXXXX
- int 3
- int 60
- int 140
- int 20
- int 40
- int 0
trap FILLRECT
sam_run: pc0 = XXXXXXXX, pc = 44, sp = 3, ir = XXXXXXXX
Working stack: (3 word(s))
- int 0
- stack XXXXXXXX
- int 3
int
sam_run: pc0 = XXXXXXXX, pc = 45, sp = 4, ir = XXXXXXXX
Working stack: (4 word(s))
- int 0
- stack XXXXXXXX
- int 3
- int 0
pop
sam_run: pc0 = XXXXXXXX, pc = 46, sp = 3, ir = XXXXXXXX
Working stack: (3 word(s))
- int 0
- stack XXXXXXXX
- int 3
int
sam_run: pc0 = XXXXXXXX, pc = 47, sp = 4, ir = XXXXXXXX
Working stack: (4 word(s))
- int 0
- stack XXXXXXXX
- int 3
- int 110
int
sam_run: pc0 = XXXXXXXX, pc = 48, sp = 5, ir = XXXXXXXX
Working stack: (5 word(s))
- int 0
- stack XXXXXXXX
- int 3
- int 110
- int 120
int
sam_run: pc0 = XXXXXXXX, pc = 49, sp = 6, ir = XXXXXXXX
Working stack: (6 word(s))
- int 0
- stack XXXXXXXX
- int 3
- int 110
- int 120
- int 60
int
sam_run: pc0 = XXXXXXXX, pc = 50, sp = 7, ir = XXXXXXXX
Working stack: (7 word(s))
- int 0
- stack XXXXXXXX
- int 3
- int 110
- int 120
- int 60
- int 80
int
sam_run: pc0 = XXXXXXXX, pc = 51, sp = 8, ir = XXXXXXXX
Working stack: (8 word(s))
- int 0
- stack XXXXXXXX
- int 3
- int 110
- int 120
- int 60
- int 80
- int 30
int
sam_run: pc0 = XXXXXXXX, pc = 52, sp = 9, ir = XXXXXXXX
Working stack: (9 word(s))
- int 0
- stack XXXXXXXX
- int 3
- int 110
- int 120
- int 60
- int 80
- int 30
- int 0
stack
sam_run: pc0 = XXXXXXXX, pc = 53, sp = 10, ir = XXXXXXXX
Working stack: (10 word(s))
- int 0
- stack XXXXXXXX
- int 3
- int 110
- int 120
- int 60
- int 80
- int 30
- int 0
- stack XXXXXXXX
do
sam_run: pc0 = XXXXXXXX, pc = 0, sp = 11, ir = XXXXXXXX
Working stack: (11 word(s))
- int 0
- stack XXXXXXXX
- int 3
- int 110
- int 120
- int 60
- int 80
- int 30
- int 0
- stack XXXXXXXX
- int 54
trap BLACK
sam_run: pc0 = XXXXXXXX, pc = 1, sp = 12, ir = XXXXXXXX
Working stack: (12 word(s))
- int 0
- stack XXXXXXXX
- int 3
- int 110
- int 120
- int 60
- int 80
- int 30
- int 0
- stack XXXXXXXX
- int 54
- int 0
int
sam_run: pc0 = XXXXXXXX, pc = 2, sp = 13, ir = XXXXXXXX
Working stack: (13 word(s))
- int 0
- stack XXXXXXXX
- int 3
- int 110
- int 120
- int 60
- int 80
- int 30
- int 0
- stack XXXXXXXX
- int 54
- int 0
- int -3
set
sam_run: pc0 = XXXXXXXX, pc = 2, sp = 11
ket
Working stack: (11 word(s))
- int 0
- stack XXXXXXXX
- int 3
- int 110
- int 120
- int 60
- int 80
- int 30
- int 0
- stack XXXXXXXX
- int 54
sam_run: pc0 = XXXXXXXX, pc = 54, sp = 9, ir = XXXXXXXX
Working stack: (9 word(s))
- int 0
- stack XXXXXXXX
- int 3
- int 110
- int 120
- int 60
- int 80
- int 30
- int 0
trap DRAWROUNDRECT
sam_run: pc0 = XXXXXXXX, pc = 55, sp = 3, ir = XXXXXXXX
Working stack: (3 word(s))
- int 0
- stack XXXXXXXX
- int 3
int
sam_run: pc0 = XXXXXXXX, pc = 56, sp = 4, ir = XXXXXXXX
Working stack: (4 word(s))
- int 0
- stack XXXXXXXX
- int 3
- int 0
pop
sam_run: pc0 = XXXXXXXX, pc = 57, sp = 3, ir = XXXXXXXX
Working stack: (3 word(s))
- int 0
- stack XXXXXXXX
- int 3
int
sam_run: pc0 = XXXXXXXX, pc = 58, sp = 4, ir = XXXXXXXX
Working stack: (4 word(s))
- int 0
- stack XXXXXXXX
- int 3
- int 210
int
sam_run: pc0 = XXXXXXXX, pc = 59, sp = 5, ir = XXXXXXXX
Working stack: (5 word(s))
- int 0
- stack XXXXXXXX
- int 3
- int 210
- int 160
int
sam_run: pc0 = XXXXXXXX, pc = 60, sp = 6, ir = XXXXXXXX
Working stack: (6 word(s))
- int 0
- stack XXXXXXXX
- int 3
- int 210
- int 160
- int 40
int
sam_run: pc0 = XXXXXXXX, pc = 61, sp = 7, ir = XXXXXXXX
Working stack: (7 word(s))
- int 0
- stack XXXXXXXX
- int 3
- int 210
- int 160
- int 40
- int 0
stack
sam_run: pc0 = XXXXXXXX, pc = 62, sp = 8, ir = XXXXXXXX
Working stack: (8 word(s))
- int 0
- stack XXXXXXXX
- int 3
- int 210
- int 160
- int 40
- int 0
- stack XXXXXXXX
do
sam_run: pc0 = XXXXXXXX, pc = 0, sp = 9, ir = XXXXXXXX
Working stack: (9 word(s))
- int 0
- stack XXXXXXXX
- int 3
- int 210
- int 160
- int 40
- int 0
- stack XXXXXXXX
- int 63
trap BLACK
sam_run: pc0 = XXXXXXXX, pc = 1, sp = 10, ir = XXXXXXXX
Working stack: (10 word(s))
- int 0
- stack XXXXXXXX
- int 3
- int 210
- int 160
- int 40
- int 0
- stack XXXXXXXX
- int 63
- int 0
int
sam_run: pc0 = XXXXXXXX, pc = 2, sp = 11, ir = XXXXXXXX
Working stack: (11 word(s))
- int 0
- stack XXXXXXXX
- int 3
- int 210
- int 160
- int 40
- int 0
- stack XXXXXXXX
- int 63
- int 0
- int -3
set
sam_run: pc0 = XXXXXXXX, pc = 2, sp = 9
ket
Working stack: (9 word(s))
- int 0
- stack XXXXXXXX
- int 3
- int 210
- int 160
- int 40
- int 0
- stack XXXXXXXX
- int 63
sam_run: pc0 = XXXXXXXX, pc = 63, sp = 7, ir = XXXXXXXX
Working stack: (7 word(s))
- int 0
- stack XXXXXXXX
- int 3
- int 210
- int 160
- int 40
- int 0
trap DRAWCIRCLE
sam_run: pc0 = XXXXXXXX, pc = 64, sp = 3, ir = XXXXXXXX
Working stack: (3 word(s))
- int 0
- stack XXXXXXXX
- int 3
int
sam_run: pc0 = XXXXXXXX, pc = 65, sp = 4, ir = XXXXXXXX
Working stack: (4 word(s))
- int 0
- stack XXXXXXXX
- int 3
- int 0
pop
sam_run: pc0 = XXXXXXXX, pc = 66, sp = 3, ir = XXXXXXXX
Working stack: (3 word(s))
- int 0
- stack XXXXXXXX
- int 3
int
sam_run: pc0 = XXXXXXXX, pc = 67, sp = 4, ir = XXXXXXXX
Working stack: (4 word(s))
- int 0
- stack XXXXXXXX
- int 3
- int 290
int
sam_run: pc0 = XXXXXXXX, pc = 68, sp = 5, ir = XXXXXXXX
Working stack: (5 word(s))
- int 0
- stack XXXXXXXX
- int 3
- int 290
- int 160
int
sam_run: pc0 = XXXXXXXX, pc = 69, sp = 6, ir = XXXXXXXX
Working stack: (6 word(s))
- int 0
- stack XXXXXXXX
- int 3
- int 290
- int 160
- int 40
int
sam_run: pc0 = XXXXXXXX, pc = 70, sp = 7, ir = XXXXXXXX
Working stack: (7 word(s))
- int 0
- stack XXXXXXXX
- int 3
- int 290
- int 160
- int 40
- int 0
stack
sam_run: pc0 = XXXXXXXX, pc = 71, sp = 8, ir = XXXXXXXX
Working stack: (8 word(s))
- int 0
- stack XXXXXXXX
- int 3
- int 290
- int 160
- int 40
- int 0
- stack XXXXXXXX
do
sam_run: pc0 = XXXXXXXX, pc = 0, sp = 9, ir = XXXXXXXX
Working stack: (9 word(s))
- int 0
- stack XXXXXXXX
- int 3
- int 290
- int 160
- int 40
- int 0
- stack XXXXXXXX
- int 72
trap BLACK
sam_run: pc0 = XXXXXXXX, pc = 1, sp = 10, ir = XXXXXXXX
Working stack: (10 word(s))
- int 0
- stack XXXXXXXX
- int 3
- int 290
- int 160
- int 40
- int 0
- stack XXXXXXXX
- int 72
- int 0
int
sam_run: pc0 = XXXXXXXX, pc = 2, sp = 11, ir = XXXXXXXX
Working stack: (11 word(s))
- int 0
- stack XXXXXXXX
- int 3
- int 290
- int 160
- int 40
- int 0
- stack XXXXXXXX
- int 72
- int 0
- int -3
set
sam_run: pc0 = XXXXXXXX, pc = 2, sp = 9
ket
Working stack: (9 word(s))
- int 0
- stack XXXXXXXX
- int 3
- int 290
- int 160
- int 40
- int 0
- stack XXXXXXXX
- int 72
sam_run: pc0 = XXXXXXXX, pc = 72, sp = 7, ir = XXXXXXXX
Working stack: (7 word(s))
- int 0
- stack XXXXXXXX
- int 3
- int 290
- int 160
- int 40
- int 0
trap FILLCIRCLE
sam_run: pc0 = XXXXXXXX, pc = 73, sp = 3, ir = XXXXXXXX
Working stack: (3 word(s))
- int 0
- stack XXXXXXXX
- int 3
int
sam_run: pc0 = XXXXXXXX, pc = 74, sp = 4, ir = XXXXXXXX
Working stack: (4 word(s))
- int 0
- stack XXXXXXXX
- int 3
- int 0
int
sam_run: pc0 = XXXXXXXX, pc = 75, sp = 5, ir = XXXXXXXX
Working stack: (5 word(s))
- int 0
- stack XXXXXXXX
- int 3
- int 0
- int -3
set
sam_run: pc0 = XXXXXXXX, pc = 75, sp = 3
ket
Working stack: (3 word(s))
- int 0
- stack XXXXXXXX
- int 3
sam_run: pc0 = XXXXXXXX, pc = 3, sp = 1, ir = XXXXXXXX
Working stack: (1 word(s))
- int 0
halt
Stack: XXXXXXXX (0 item(s))
sam_run returns: halt with reason 0 (0x0)
