Stack: (118 word(s))
- 
  - 
    - float 0.000000
    - float 0.000000
    - float 0.000000
    - int 0
    - int 0
    - 
      - trap WHITE
      - trap CLEARSCREEN
      - float 0.000000
      - int 2
      - set
      - float 0.000000
      - int 3
      - set
      - float 0.000000
      - int 4
      - set
      - trap BLACK
      - int 5
      - set
      - int 0
      - int 6
      - set
    - 
      - int 0
      - int 6
      - set
    - 
      - int 1
      - int 6
      - set
      - int 2
      - get
      - f2i
      - int 3
      - get
      - f2i
      - int 5
      - get
      - trap SETDOT
    - 
      - int 4
      - get
      - int -4
      - get
      - neg
      - add
      - int 4
      - set
    - 
      - int 4
      - get
      - cos
      - int -4
      - get
      - mul
      - int 2
      - get
      - add
      - int 4
      - get
      - sin
      - int -5
      - get
      - mul
      - int 3
      - get
      - add
      - int 6
      - get
      - 
        - int 2
        - get
        - f2i
        - int 3
        - get
        - f2i
        - int -6
        - get
        - f2i
        - int -6
        - get
        - f2i
        - int 5
        - get
        - trap DRAWLINE
      - 
      - if
      - int 3
      - set
      - int 2
      - set
  - link 7
  - do
  - link 31
  - do
  - float -45.000000
  - rad
  - link 45
  - do
  - pop
  - float 500.000000
  - link 55
  - do
  - pop
  - int 0
  - halt
sam_run: pc0 = 1, pc = 1, sp = 118, ir = 6402
Working stack: (0 word(s))
bra
sam_run: pc0 = 1, pc = 102, sp = 119, ir = 1c
Working stack: (1 word(s))
- link 1
link
sam_run: pc0 = 1, pc = 103, sp = 120, ir = 801
Working stack: (2 word(s))
- link 1
- link 7
do
sam_run: pc0 = 8, pc = 8, sp = 121, ir = 2101
Working stack: (3 word(s))
- link 1
- link 1
- link 104
trap WHITE
sam_run: pc0 = 8, pc = 9, sp = 122, ir = 2401
Working stack: (4 word(s))
- link 1
- link 1
- link 104
- int -1
trap CLEARSCREEN
sam_run: pc0 = 8, pc = 10, sp = 121, ir = 9
Working stack: (3 word(s))
- link 1
- link 1
- link 104
float
sam_run: pc0 = 8, pc = 11, sp = 122, ir = 205
Working stack: (4 word(s))
- link 1
- link 1
- link 104
- float 0.000000
int
sam_run: pc0 = 8, pc = 12, sp = 123, ir = 501
Working stack: (5 word(s))
- link 1
- link 1
- link 104
- float 0.000000
- int 2
set
sam_run: pc0 = 8, pc = 13, sp = 121, ir = 9
Working stack: (3 word(s))
- link 1
- link 1
- link 104
float
sam_run: pc0 = 8, pc = 14, sp = 122, ir = 305
Working stack: (4 word(s))
- link 1
- link 1
- link 104
- float 0.000000
int
sam_run: pc0 = 8, pc = 15, sp = 123, ir = 501
Working stack: (5 word(s))
- link 1
- link 1
- link 104
- float 0.000000
- int 3
set
sam_run: pc0 = 8, pc = 16, sp = 121, ir = 9
Working stack: (3 word(s))
- link 1
- link 1
- link 104
float
sam_run: pc0 = 8, pc = 17, sp = 122, ir = 405
Working stack: (4 word(s))
- link 1
- link 1
- link 104
- float 0.000000
int
sam_run: pc0 = 8, pc = 18, sp = 123, ir = 501
Working stack: (5 word(s))
- link 1
- link 1
- link 104
- float 0.000000
- int 4
set
sam_run: pc0 = 8, pc = 19, sp = 121, ir = 2001
Working stack: (3 word(s))
- link 1
- link 1
- link 104
trap BLACK
sam_run: pc0 = 8, pc = 20, sp = 122, ir = 505
Working stack: (4 word(s))
- link 1
- link 1
- link 104
- int 0
int
sam_run: pc0 = 8, pc = 21, sp = 123, ir = 501
Working stack: (5 word(s))
- link 1
- link 1
- link 104
- int 0
- int 5
set
sam_run: pc0 = 8, pc = 22, sp = 121, ir = 5
Working stack: (3 word(s))
- link 1
- link 1
- link 104
int
sam_run: pc0 = 8, pc = 23, sp = 122, ir = 605
Working stack: (4 word(s))
- link 1
- link 1
- link 104
- int 0
int
sam_run: pc0 = 8, pc = 24, sp = 123, ir = 501
Working stack: (5 word(s))
- link 1
- link 1
- link 104
- int 0
- int 6
set
sam_run: pc0 = 8, pc = 25, sp = 121, ir = ffffee02
Working stack: (3 word(s))
- link 1
- link 1
- link 104
ket
sam_run: pc0 = 1, pc = 104, sp = 119, ir = 7c
Working stack: (1 word(s))
- link 1
link
sam_run: pc0 = 1, pc = 105, sp = 120, ir = 801
Working stack: (2 word(s))
- link 1
- link 31
do
sam_run: pc0 = 32, pc = 32, sp = 121, ir = 105
Working stack: (3 word(s))
- link 1
- link 1
- link 106
int
sam_run: pc0 = 32, pc = 33, sp = 122, ir = 605
Working stack: (4 word(s))
- link 1
- link 1
- link 106
- int 1
int
sam_run: pc0 = 32, pc = 34, sp = 123, ir = 501
Working stack: (5 word(s))
- link 1
- link 1
- link 106
- int 1
- int 6
set
sam_run: pc0 = 32, pc = 35, sp = 121, ir = 205
Working stack: (3 word(s))
- link 1
- link 1
- link 106
int
sam_run: pc0 = 32, pc = 36, sp = 122, ir = 401
Working stack: (4 word(s))
- link 1
- link 1
- link 106
- int 2
get
sam_run: pc0 = 32, pc = 37, sp = 122, ir = 201
Working stack: (4 word(s))
- link 1
- link 1
- link 106
- float 0.000000
f2i
sam_run: pc0 = 32, pc = 38, sp = 122, ir = 305
Working stack: (4 word(s))
- link 1
- link 1
- link 106
- int 0
int
sam_run: pc0 = 32, pc = 39, sp = 123, ir = 401
Working stack: (5 word(s))
- link 1
- link 1
- link 106
- int 0
- int 3
get
sam_run: pc0 = 32, pc = 40, sp = 123, ir = 201
Working stack: (5 word(s))
- link 1
- link 1
- link 106
- int 0
- float 0.000000
f2i
sam_run: pc0 = 32, pc = 41, sp = 123, ir = 505
Working stack: (5 word(s))
- link 1
- link 1
- link 106
- int 0
- int 0
int
sam_run: pc0 = 32, pc = 42, sp = 124, ir = 401
Working stack: (6 word(s))
- link 1
- link 1
- link 106
- int 0
- int 0
- int 5
get
sam_run: pc0 = 32, pc = 43, sp = 124, ir = 2501
Working stack: (6 word(s))
- link 1
- link 1
- link 106
- int 0
- int 0
- int 0
trap SETDOT
sam_run: pc0 = 32, pc = 44, sp = 121, ir = fffff302
Working stack: (3 word(s))
- link 1
- link 1
- link 106
ket
sam_run: pc0 = 1, pc = 106, sp = 119, ir = 34000009
Working stack: (1 word(s))
- link 1
float
sam_run: pc0 = 1, pc = 107, sp = 120, ir = 1e01
Working stack: (2 word(s))
- link 1
- float -45.000000
rad
sam_run: pc0 = 1, pc = 108, sp = 120, ir = b4
Working stack: (2 word(s))
- link 1
- float -0.785398
link
sam_run: pc0 = 1, pc = 109, sp = 121, ir = 801
Working stack: (3 word(s))
- link 1
- float -0.785398
- link 45
do
sam_run: pc0 = 46, pc = 46, sp = 122, ir = 405
Working stack: (4 word(s))
- link 1
- float -0.785398
- link 1
- link 110
int
sam_run: pc0 = 46, pc = 47, sp = 123, ir = 401
Working stack: (5 word(s))
- link 1
- float -0.785398
- link 1
- link 110
- int 4
get
sam_run: pc0 = 46, pc = 48, sp = 123, ir = fffffc05
Working stack: (5 word(s))
- link 1
- float -0.785398
- link 1
- link 110
- float 0.000000
int
sam_run: pc0 = 46, pc = 49, sp = 124, ir = 401
Working stack: (6 word(s))
- link 1
- float -0.785398
- link 1
- link 110
- float 0.000000
- int -4
get
sam_run: pc0 = 46, pc = 50, sp = 124, ir = 1501
Working stack: (6 word(s))
- link 1
- float -0.785398
- link 1
- link 110
- float 0.000000
- float -0.785398
neg
sam_run: pc0 = 46, pc = 51, sp = 124, ir = 1601
Working stack: (6 word(s))
- link 1
- float -0.785398
- link 1
- link 110
- float 0.000000
- float 0.785398
add
sam_run: pc0 = 46, pc = 52, sp = 123, ir = 405
Working stack: (5 word(s))
- link 1
- float -0.785398
- link 1
- link 110
- float 0.785398
int
sam_run: pc0 = 46, pc = 53, sp = 124, ir = 501
Working stack: (6 word(s))
- link 1
- float -0.785398
- link 1
- link 110
- float 0.785398
- int 4
set
sam_run: pc0 = 46, pc = 54, sp = 122, ir = fffff702
Working stack: (4 word(s))
- link 1
- float -0.785398
- link 1
- link 110
ket
sam_run: pc0 = 1, pc = 110, sp = 120, ir = 301
Working stack: (2 word(s))
- link 1
- float -0.785398
pop
sam_run: pc0 = 1, pc = 111, sp = 119, ir = fa000009
Working stack: (1 word(s))
- link 1
float
sam_run: pc0 = 1, pc = 112, sp = 120, ir = dc
Working stack: (2 word(s))
- link 1
- float 500.000000
link
sam_run: pc0 = 1, pc = 113, sp = 121, ir = 801
Working stack: (3 word(s))
- link 1
- float 500.000000
- link 55
do
sam_run: pc0 = 56, pc = 56, sp = 122, ir = 405
Working stack: (4 word(s))
- link 1
- float 500.000000
- link 1
- link 114
int
sam_run: pc0 = 56, pc = 57, sp = 123, ir = 401
Working stack: (5 word(s))
- link 1
- float 500.000000
- link 1
- link 114
- int 4
get
sam_run: pc0 = 56, pc = 58, sp = 123, ir = 1c01
Working stack: (5 word(s))
- link 1
- float 500.000000
- link 1
- link 114
- float 0.785398
cos
sam_run: pc0 = 56, pc = 59, sp = 123, ir = fffffc05
Working stack: (5 word(s))
- link 1
- float 500.000000
- link 1
- link 114
- float 0.707107
int
sam_run: pc0 = 56, pc = 60, sp = 124, ir = 401
Working stack: (6 word(s))
- link 1
- float 500.000000
- link 1
- link 114
- float 0.707107
- int -4
get
sam_run: pc0 = 56, pc = 61, sp = 124, ir = 1701
Working stack: (6 word(s))
- link 1
- float 500.000000
- link 1
- link 114
- float 0.707107
- float 500.000000
mul
sam_run: pc0 = 56, pc = 62, sp = 123, ir = 205
Working stack: (5 word(s))
- link 1
- float 500.000000
- link 1
- link 114
- float 353.553375
int
sam_run: pc0 = 56, pc = 63, sp = 124, ir = 401
Working stack: (6 word(s))
- link 1
- float 500.000000
- link 1
- link 114
- float 353.553375
- int 2
get
sam_run: pc0 = 56, pc = 64, sp = 124, ir = 1601
Working stack: (6 word(s))
- link 1
- float 500.000000
- link 1
- link 114
- float 353.553375
- float 0.000000
add
sam_run: pc0 = 56, pc = 65, sp = 123, ir = 405
Working stack: (5 word(s))
- link 1
- float 500.000000
- link 1
- link 114
- float 353.553375
int
sam_run: pc0 = 56, pc = 66, sp = 124, ir = 401
Working stack: (6 word(s))
- link 1
- float 500.000000
- link 1
- link 114
- float 353.553375
- int 4
get
sam_run: pc0 = 56, pc = 67, sp = 124, ir = 1b01
Working stack: (6 word(s))
- link 1
- float 500.000000
- link 1
- link 114
- float 353.553375
- float 0.785398
sin
sam_run: pc0 = 56, pc = 68, sp = 124, ir = fffffb05
Working stack: (6 word(s))
- link 1
- float 500.000000
- link 1
- link 114
- float 353.553375
- float 0.707107
int
sam_run: pc0 = 56, pc = 69, sp = 125, ir = 401
Working stack: (7 word(s))
- link 1
- float 500.000000
- link 1
- link 114
- float 353.553375
- float 0.707107
- int -5
get
sam_run: pc0 = 56, pc = 70, sp = 125, ir = 1701
Working stack: (7 word(s))
- link 1
- float 500.000000
- link 1
- link 114
- float 353.553375
- float 0.707107
- float 500.000000
mul
sam_run: pc0 = 56, pc = 71, sp = 124, ir = 305
Working stack: (6 word(s))
- link 1
- float 500.000000
- link 1
- link 114
- float 353.553375
- float 353.553375
int
sam_run: pc0 = 56, pc = 72, sp = 125, ir = 401
Working stack: (7 word(s))
- link 1
- float 500.000000
- link 1
- link 114
- float 353.553375
- float 353.553375
- int 3
get
sam_run: pc0 = 56, pc = 73, sp = 125, ir = 1601
Working stack: (7 word(s))
- link 1
- float 500.000000
- link 1
- link 114
- float 353.553375
- float 353.553375
- float 0.000000
add
sam_run: pc0 = 56, pc = 74, sp = 124, ir = 605
Working stack: (6 word(s))
- link 1
- float 500.000000
- link 1
- link 114
- float 353.553375
- float 353.553375
int
sam_run: pc0 = 56, pc = 75, sp = 125, ir = 401
Working stack: (7 word(s))
- link 1
- float 500.000000
- link 1
- link 114
- float 353.553375
- float 353.553375
- int 6
get
sam_run: pc0 = 56, pc = 76, sp = 125, ir = 1002
Working stack: (7 word(s))
- link 1
- float 500.000000
- link 1
- link 114
- float 353.553375
- float 353.553375
- int 1
bra
sam_run: pc0 = 56, pc = 93, sp = 126, ir = 102
Working stack: (8 word(s))
- link 1
- float 500.000000
- link 1
- link 114
- float 353.553375
- float 353.553375
- int 1
- link 76
bra
sam_run: pc0 = 56, pc = 95, sp = 127, ir = 901
Working stack: (9 word(s))
- link 1
- float 500.000000
- link 1
- link 114
- float 353.553375
- float 353.553375
- int 1
- link 76
- link 93
if
sam_run: pc0 = 77, pc = 77, sp = 126, ir = 205
Working stack: (8 word(s))
- link 1
- float 500.000000
- link 1
- link 114
- float 353.553375
- float 353.553375
- link 56
- link 96
int
sam_run: pc0 = 77, pc = 78, sp = 127, ir = 401
Working stack: (9 word(s))
- link 1
- float 500.000000
- link 1
- link 114
- float 353.553375
- float 353.553375
- link 56
- link 96
- int 2
get
sam_run: pc0 = 77, pc = 79, sp = 127, ir = 201
Working stack: (9 word(s))
- link 1
- float 500.000000
- link 1
- link 114
- float 353.553375
- float 353.553375
- link 56
- link 96
- float 0.000000
f2i
sam_run: pc0 = 77, pc = 80, sp = 127, ir = 305
Working stack: (9 word(s))
- link 1
- float 500.000000
- link 1
- link 114
- float 353.553375
- float 353.553375
- link 56
- link 96
- int 0
int
sam_run: pc0 = 77, pc = 81, sp = 128, ir = 401
Working stack: (10 word(s))
- link 1
- float 500.000000
- link 1
- link 114
- float 353.553375
- float 353.553375
- link 56
- link 96
- int 0
- int 3
get
sam_run: pc0 = 77, pc = 82, sp = 128, ir = 201
Working stack: (10 word(s))
- link 1
- float 500.000000
- link 1
- link 114
- float 353.553375
- float 353.553375
- link 56
- link 96
- int 0
- float 0.000000
f2i
sam_run: pc0 = 77, pc = 83, sp = 128, ir = fffffa05
Working stack: (10 word(s))
- link 1
- float 500.000000
- link 1
- link 114
- float 353.553375
- float 353.553375
- link 56
- link 96
- int 0
- int 0
int
sam_run: pc0 = 77, pc = 84, sp = 129, ir = 401
Working stack: (11 word(s))
- link 1
- float 500.000000
- link 1
- link 114
- float 353.553375
- float 353.553375
- link 56
- link 96
- int 0
- int 0
- int -6
get
sam_run: pc0 = 77, pc = 85, sp = 129, ir = 201
Working stack: (11 word(s))
- link 1
- float 500.000000
- link 1
- link 114
- float 353.553375
- float 353.553375
- link 56
- link 96
- int 0
- int 0
- float 353.553375
f2i
sam_run: pc0 = 77, pc = 86, sp = 129, ir = fffffa05
Working stack: (11 word(s))
- link 1
- float 500.000000
- link 1
- link 114
- float 353.553375
- float 353.553375
- link 56
- link 96
- int 0
- int 0
- int 354
int
sam_run: pc0 = 77, pc = 87, sp = 130, ir = 401
Working stack: (12 word(s))
- link 1
- float 500.000000
- link 1
- link 114
- float 353.553375
- float 353.553375
- link 56
- link 96
- int 0
- int 0
- int 354
- int -6
get
sam_run: pc0 = 77, pc = 88, sp = 130, ir = 201
Working stack: (12 word(s))
- link 1
- float 500.000000
- link 1
- link 114
- float 353.553375
- float 353.553375
- link 56
- link 96
- int 0
- int 0
- int 354
- float 353.553375
f2i
sam_run: pc0 = 77, pc = 89, sp = 130, ir = 505
Working stack: (12 word(s))
- link 1
- float 500.000000
- link 1
- link 114
- float 353.553375
- float 353.553375
- link 56
- link 96
- int 0
- int 0
- int 354
- int 354
int
sam_run: pc0 = 77, pc = 90, sp = 131, ir = 401
Working stack: (13 word(s))
- link 1
- float 500.000000
- link 1
- link 114
- float 353.553375
- float 353.553375
- link 56
- link 96
- int 0
- int 0
- int 354
- int 354
- int 5
get
sam_run: pc0 = 77, pc = 91, sp = 131, ir = 2601
Working stack: (13 word(s))
- link 1
- float 500.000000
- link 1
- link 114
- float 353.553375
- float 353.553375
- link 56
- link 96
- int 0
- int 0
- int 354
- int 354
- int 0
trap DRAWLINE
sam_run: pc0 = 77, pc = 92, sp = 126, ir = fffff002
Working stack: (8 word(s))
- link 1
- float 500.000000
- link 1
- link 114
- float 353.553375
- float 353.553375
- link 56
- link 96
ket
sam_run: pc0 = 56, pc = 96, sp = 124, ir = 305
Working stack: (6 word(s))
- link 1
- float 500.000000
- link 1
- link 114
- float 353.553375
- float 353.553375
int
sam_run: pc0 = 56, pc = 97, sp = 125, ir = 501
Working stack: (7 word(s))
- link 1
- float 500.000000
- link 1
- link 114
- float 353.553375
- float 353.553375
- int 3
set
sam_run: pc0 = 56, pc = 98, sp = 123, ir = 205
Working stack: (5 word(s))
- link 1
- float 500.000000
- link 1
- link 114
- float 353.553375
int
sam_run: pc0 = 56, pc = 99, sp = 124, ir = 501
Working stack: (6 word(s))
- link 1
- float 500.000000
- link 1
- link 114
- float 353.553375
- int 2
set
sam_run: pc0 = 56, pc = 100, sp = 122, ir = ffffd302
Working stack: (4 word(s))
- link 1
- float 500.000000
- link 1
- link 114
ket
sam_run: pc0 = 1, pc = 114, sp = 120, ir = 301
Working stack: (2 word(s))
- link 1
- float 500.000000
pop
sam_run: pc0 = 1, pc = 115, sp = 119, ir = 5
Working stack: (1 word(s))
- link 1
int
sam_run: pc0 = 1, pc = 116, sp = 120, ir = 1f01
Working stack: (2 word(s))
- link 1
- int 0
halt
Stack: (121 word(s))
- 
  - 
    - float 353.553375
    - float 353.553375
    - float 0.785398
    - int 0
    - int 1
    - 
      - trap WHITE
      - trap CLEARSCREEN
      - float 0.000000
      - int 2
      - set
      - float 0.000000
      - int 3
      - set
      - float 0.000000
      - int 4
      - set
      - trap BLACK
      - int 5
      - set
      - int 0
      - int 6
      - set
    - 
      - int 0
      - int 6
      - set
    - 
      - int 1
      - int 6
      - set
      - int 2
      - get
      - f2i
      - int 3
      - get
      - f2i
      - int 5
      - get
      - trap SETDOT
    - 
      - int 4
      - get
      - int -4
      - get
      - neg
      - add
      - int 4
      - set
    - 
      - int 4
      - get
      - cos
      - int -4
      - get
      - mul
      - int 2
      - get
      - add
      - int 4
      - get
      - sin
      - int -5
      - get
      - mul
      - int 3
      - get
      - add
      - int 6
      - get
      - 
        - int 2
        - get
        - f2i
        - int 3
        - get
        - f2i
        - int -6
        - get
        - f2i
        - int -6
        - get
        - f2i
        - int 5
        - get
        - trap DRAWLINE
      - 
      - if
      - int 3
      - set
      - int 2
      - set
  - link 7
  - do
  - link 31
  - do
  - float -45.000000
  - rad
  - link 45
  - do
  - pop
  - float 500.000000
  - link 55
  - do
  - pop
  - int 0
  - halt
- link 1
- link 1
- link 117
sam_run returns: halt with reason 0 (0x0)
