Stack: XXXXXXXX (22 items)
- int 1
- int 2
- int -1
- set
- pop
- float 1.000000
- float 2.000000
- int -1
- set
- pop
- int 1
- float 2.000000
- int -1
- set
- pop
- float 1.000000
- int 2
- int -1
- set
- pop
- int 0
- halt
sam_run: pc0 = XXXXXXXX, pc = 0/22, sp = 22, ir = XXXXXXXX
Working stack (0 items):
int
sam_run: pc0 = XXXXXXXX, pc = 1/23, sp = 23, ir = XXXXXXXX
Working stack (1 items):
- int 1
int
sam_run: pc0 = XXXXXXXX, pc = 2/24, sp = 24, ir = XXXXXXXX
Working stack (2 items):
- int 1
- int 2
int
sam_run: pc0 = XXXXXXXX, pc = 3/25, sp = 25, ir = XXXXXXXX
Working stack (3 items):
- int 1
- int 2
- int -1
set
sam_run: pc0 = XXXXXXXX, pc = 4/23, sp = 23, ir = XXXXXXXX
Working stack (1 items):
- int 2
pop
sam_run: pc0 = XXXXXXXX, pc = 5/22, sp = 22, ir = XXXXXXXX
Working stack (0 items):
float
sam_run: pc0 = XXXXXXXX, pc = 6/23, sp = 23, ir = XXXXXXXX
Working stack (1 items):
- float 1.000000
float
sam_run: pc0 = XXXXXXXX, pc = 7/24, sp = 24, ir = XXXXXXXX
Working stack (2 items):
- float 1.000000
- float 2.000000
int
sam_run: pc0 = XXXXXXXX, pc = 8/25, sp = 25, ir = XXXXXXXX
Working stack (3 items):
- float 1.000000
- float 2.000000
- int -1
set
sam_run: pc0 = XXXXXXXX, pc = 9/23, sp = 23, ir = XXXXXXXX
Working stack (1 items):
- float 2.000000
pop
sam_run: pc0 = XXXXXXXX, pc = 10/22, sp = 22, ir = XXXXXXXX
Working stack (0 items):
int
sam_run: pc0 = XXXXXXXX, pc = 11/23, sp = 23, ir = XXXXXXXX
Working stack (1 items):
- int 1
float
sam_run: pc0 = XXXXXXXX, pc = 12/24, sp = 24, ir = XXXXXXXX
Working stack (2 items):
- int 1
- float 2.000000
int
sam_run: pc0 = XXXXXXXX, pc = 13/25, sp = 25, ir = XXXXXXXX
Working stack (3 items):
- int 1
- float 2.000000
- int -1
set
sam_run: pc0 = XXXXXXXX, pc = 14/23, sp = 23, ir = XXXXXXXX
Working stack (1 items):
- float 2.000000
pop
sam_run: pc0 = XXXXXXXX, pc = 15/22, sp = 22, ir = XXXXXXXX
Working stack (0 items):
float
sam_run: pc0 = XXXXXXXX, pc = 16/23, sp = 23, ir = XXXXXXXX
Working stack (1 items):
- float 1.000000
int
sam_run: pc0 = XXXXXXXX, pc = 17/24, sp = 24, ir = XXXXXXXX
Working stack (2 items):
- float 1.000000
- int 2
int
sam_run: pc0 = XXXXXXXX, pc = 18/25, sp = 25, ir = XXXXXXXX
Working stack (3 items):
- float 1.000000
- int 2
- int -1
set
sam_run: pc0 = XXXXXXXX, pc = 19/23, sp = 23, ir = XXXXXXXX
Working stack (1 items):
- int 2
pop
sam_run: pc0 = XXXXXXXX, pc = 20/22, sp = 22, ir = XXXXXXXX
Working stack (0 items):
int
sam_run: pc0 = XXXXXXXX, pc = 21/23, sp = 23, ir = XXXXXXXX
Working stack (1 items):
- int 0
halt
Stack: XXXXXXXX (24 items)
- int 1
- int 2
- int -1
- set
- pop
- float 1.000000
- float 2.000000
- int -1
- set
- pop
- int 1
- float 2.000000
- int -1
- set
- pop
- float 1.000000
- int 2
- int -1
- set
- pop
- int 0
- halt
- stack XXXXXXXX
- link XXXXXXXX
sam_run returns: halt with reason 0 (0x0)
