Stack: (32 word(s))
- 
  - int 5
  - 
    - int -3
    - dup
    - 
      - int -5
      - dup
      - int -1
      - add
      - link 2
      - do
      - int -6
      - dup
      - mul
      - int -6
      - swap
      - pop
    - 
      - int 1
      - int -6
      - swap
      - pop
    - if
  - do
  - halt
- link 1
- link 1
sam_do: pc = 1, sp = 30, ir = 501
Working stack: (0 word(s))
INT
sam_do: pc = 2, sp = 31, ir = 170d
Working stack: (1 word(s))
- int 5
BRA
sam_do: pc = 27, sp = 32, ir = 10
Working stack: (2 word(s))
- int 5
- link 2
DO
sam_do: pc = 3, sp = 33, ir = fffffd01
Working stack: (3 word(s))
- int 5
- link 1
- link 28
INT
sam_do: pc = 4, sp = 34, ir = 9
Working stack: (4 word(s))
- int 5
- link 1
- link 28
- int -3
DUP
sam_do: pc = 5, sp = 34, ir = c0d
Working stack: (4 word(s))
- int 5
- link 1
- link 28
- int 5
BRA
sam_do: pc = 19, sp = 35, ir = 40d
Working stack: (5 word(s))
- int 5
- link 1
- link 28
- int 5
- link 5
BRA
sam_do: pc = 25, sp = 36, ir = 11
Working stack: (6 word(s))
- int 5
- link 1
- link 28
- int 5
- link 5
- link 19
IF
sam_do: pc = 6, sp = 35, ir = fffffb01
Working stack: (5 word(s))
- int 5
- link 1
- link 28
- link 3
- link 26
INT
sam_do: pc = 7, sp = 36, ir = 9
Working stack: (6 word(s))
- int 5
- link 1
- link 28
- link 3
- link 26
- int -5
DUP
sam_do: pc = 8, sp = 36, ir = ffffff01
Working stack: (6 word(s))
- int 5
- link 1
- link 28
- link 3
- link 26
- int 5
INT
sam_do: pc = 9, sp = 37, ir = 1e
Working stack: (7 word(s))
- int 5
- link 1
- link 28
- link 3
- link 26
- int 5
- int -1
ADD
sam_do: pc = 10, sp = 36, ir = 20f
Working stack: (6 word(s))
- int 5
- link 1
- link 28
- link 3
- link 26
- int 4
LINK
sam_do: pc = 11, sp = 37, ir = 10
Working stack: (7 word(s))
- int 5
- link 1
- link 28
- link 3
- link 26
- int 4
- link 2
DO
sam_do: pc = 3, sp = 38, ir = fffffd01
Working stack: (8 word(s))
- int 5
- link 1
- link 28
- link 3
- link 26
- int 4
- link 6
- link 12
INT
sam_do: pc = 4, sp = 39, ir = 9
Working stack: (9 word(s))
- int 5
- link 1
- link 28
- link 3
- link 26
- int 4
- link 6
- link 12
- int -3
DUP
sam_do: pc = 5, sp = 39, ir = c0d
Working stack: (9 word(s))
- int 5
- link 1
- link 28
- link 3
- link 26
- int 4
- link 6
- link 12
- int 4
BRA
sam_do: pc = 19, sp = 40, ir = 40d
Working stack: (10 word(s))
- int 5
- link 1
- link 28
- link 3
- link 26
- int 4
- link 6
- link 12
- int 4
- link 5
BRA
sam_do: pc = 25, sp = 41, ir = 11
Working stack: (11 word(s))
- int 5
- link 1
- link 28
- link 3
- link 26
- int 4
- link 6
- link 12
- int 4
- link 5
- link 19
IF
sam_do: pc = 6, sp = 40, ir = fffffb01
Working stack: (10 word(s))
- int 5
- link 1
- link 28
- link 3
- link 26
- int 4
- link 6
- link 12
- link 3
- link 26
INT
sam_do: pc = 7, sp = 41, ir = 9
Working stack: (11 word(s))
- int 5
- link 1
- link 28
- link 3
- link 26
- int 4
- link 6
- link 12
- link 3
- link 26
- int -5
DUP
sam_do: pc = 8, sp = 41, ir = ffffff01
Working stack: (11 word(s))
- int 5
- link 1
- link 28
- link 3
- link 26
- int 4
- link 6
- link 12
- link 3
- link 26
- int 4
INT
sam_do: pc = 9, sp = 42, ir = 1e
Working stack: (12 word(s))
- int 5
- link 1
- link 28
- link 3
- link 26
- int 4
- link 6
- link 12
- link 3
- link 26
- int 4
- int -1
ADD
sam_do: pc = 10, sp = 41, ir = 20f
Working stack: (11 word(s))
- int 5
- link 1
- link 28
- link 3
- link 26
- int 4
- link 6
- link 12
- link 3
- link 26
- int 3
LINK
sam_do: pc = 11, sp = 42, ir = 10
Working stack: (12 word(s))
- int 5
- link 1
- link 28
- link 3
- link 26
- int 4
- link 6
- link 12
- link 3
- link 26
- int 3
- link 2
DO
sam_do: pc = 3, sp = 43, ir = fffffd01
Working stack: (13 word(s))
- int 5
- link 1
- link 28
- link 3
- link 26
- int 4
- link 6
- link 12
- link 3
- link 26
- int 3
- link 6
- link 12
INT
sam_do: pc = 4, sp = 44, ir = 9
Working stack: (14 word(s))
- int 5
- link 1
- link 28
- link 3
- link 26
- int 4
- link 6
- link 12
- link 3
- link 26
- int 3
- link 6
- link 12
- int -3
DUP
sam_do: pc = 5, sp = 44, ir = c0d
Working stack: (14 word(s))
- int 5
- link 1
- link 28
- link 3
- link 26
- int 4
- link 6
- link 12
- link 3
- link 26
- int 3
- link 6
- link 12
- int 3
BRA
sam_do: pc = 19, sp = 45, ir = 40d
Working stack: (15 word(s))
- int 5
- link 1
- link 28
- link 3
- link 26
- int 4
- link 6
- link 12
- link 3
- link 26
- int 3
- link 6
- link 12
- int 3
- link 5
BRA
sam_do: pc = 25, sp = 46, ir = 11
Working stack: (16 word(s))
- int 5
- link 1
- link 28
- link 3
- link 26
- int 4
- link 6
- link 12
- link 3
- link 26
- int 3
- link 6
- link 12
- int 3
- link 5
- link 19
IF
sam_do: pc = 6, sp = 45, ir = fffffb01
Working stack: (15 word(s))
- int 5
- link 1
- link 28
- link 3
- link 26
- int 4
- link 6
- link 12
- link 3
- link 26
- int 3
- link 6
- link 12
- link 3
- link 26
INT
sam_do: pc = 7, sp = 46, ir = 9
Working stack: (16 word(s))
- int 5
- link 1
- link 28
- link 3
- link 26
- int 4
- link 6
- link 12
- link 3
- link 26
- int 3
- link 6
- link 12
- link 3
- link 26
- int -5
DUP
sam_do: pc = 8, sp = 46, ir = ffffff01
Working stack: (16 word(s))
- int 5
- link 1
- link 28
- link 3
- link 26
- int 4
- link 6
- link 12
- link 3
- link 26
- int 3
- link 6
- link 12
- link 3
- link 26
- int 3
INT
sam_do: pc = 9, sp = 47, ir = 1e
Working stack: (17 word(s))
- int 5
- link 1
- link 28
- link 3
- link 26
- int 4
- link 6
- link 12
- link 3
- link 26
- int 3
- link 6
- link 12
- link 3
- link 26
- int 3
- int -1
ADD
sam_do: pc = 10, sp = 46, ir = 20f
Working stack: (16 word(s))
- int 5
- link 1
- link 28
- link 3
- link 26
- int 4
- link 6
- link 12
- link 3
- link 26
- int 3
- link 6
- link 12
- link 3
- link 26
- int 2
LINK
sam_do: pc = 11, sp = 47, ir = 10
Working stack: (17 word(s))
- int 5
- link 1
- link 28
- link 3
- link 26
- int 4
- link 6
- link 12
- link 3
- link 26
- int 3
- link 6
- link 12
- link 3
- link 26
- int 2
- link 2
DO
sam_do: pc = 3, sp = 48, ir = fffffd01
Working stack: (18 word(s))
- int 5
- link 1
- link 28
- link 3
- link 26
- int 4
- link 6
- link 12
- link 3
- link 26
- int 3
- link 6
- link 12
- link 3
- link 26
- int 2
- link 6
- link 12
INT
sam_do: pc = 4, sp = 49, ir = 9
Working stack: (19 word(s))
- int 5
- link 1
- link 28
- link 3
- link 26
- int 4
- link 6
- link 12
- link 3
- link 26
- int 3
- link 6
- link 12
- link 3
- link 26
- int 2
- link 6
- link 12
- int -3
DUP
sam_do: pc = 5, sp = 49, ir = c0d
Working stack: (19 word(s))
- int 5
- link 1
- link 28
- link 3
- link 26
- int 4
- link 6
- link 12
- link 3
- link 26
- int 3
- link 6
- link 12
- link 3
- link 26
- int 2
- link 6
- link 12
- int 2
BRA
sam_do: pc = 19, sp = 50, ir = 40d
Working stack: (20 word(s))
- int 5
- link 1
- link 28
- link 3
- link 26
- int 4
- link 6
- link 12
- link 3
- link 26
- int 3
- link 6
- link 12
- link 3
- link 26
- int 2
- link 6
- link 12
- int 2
- link 5
BRA
sam_do: pc = 25, sp = 51, ir = 11
Working stack: (21 word(s))
- int 5
- link 1
- link 28
- link 3
- link 26
- int 4
- link 6
- link 12
- link 3
- link 26
- int 3
- link 6
- link 12
- link 3
- link 26
- int 2
- link 6
- link 12
- int 2
- link 5
- link 19
IF
sam_do: pc = 6, sp = 50, ir = fffffb01
Working stack: (20 word(s))
- int 5
- link 1
- link 28
- link 3
- link 26
- int 4
- link 6
- link 12
- link 3
- link 26
- int 3
- link 6
- link 12
- link 3
- link 26
- int 2
- link 6
- link 12
- link 3
- link 26
INT
sam_do: pc = 7, sp = 51, ir = 9
Working stack: (21 word(s))
- int 5
- link 1
- link 28
- link 3
- link 26
- int 4
- link 6
- link 12
- link 3
- link 26
- int 3
- link 6
- link 12
- link 3
- link 26
- int 2
- link 6
- link 12
- link 3
- link 26
- int -5
DUP
sam_do: pc = 8, sp = 51, ir = ffffff01
Working stack: (21 word(s))
- int 5
- link 1
- link 28
- link 3
- link 26
- int 4
- link 6
- link 12
- link 3
- link 26
- int 3
- link 6
- link 12
- link 3
- link 26
- int 2
- link 6
- link 12
- link 3
- link 26
- int 2
INT
sam_do: pc = 9, sp = 52, ir = 1e
Working stack: (22 word(s))
- int 5
- link 1
- link 28
- link 3
- link 26
- int 4
- link 6
- link 12
- link 3
- link 26
- int 3
- link 6
- link 12
- link 3
- link 26
- int 2
- link 6
- link 12
- link 3
- link 26
- int 2
- int -1
ADD
sam_do: pc = 10, sp = 51, ir = 20f
Working stack: (21 word(s))
- int 5
- link 1
- link 28
- link 3
- link 26
- int 4
- link 6
- link 12
- link 3
- link 26
- int 3
- link 6
- link 12
- link 3
- link 26
- int 2
- link 6
- link 12
- link 3
- link 26
- int 1
LINK
sam_do: pc = 11, sp = 52, ir = 10
Working stack: (22 word(s))
- int 5
- link 1
- link 28
- link 3
- link 26
- int 4
- link 6
- link 12
- link 3
- link 26
- int 3
- link 6
- link 12
- link 3
- link 26
- int 2
- link 6
- link 12
- link 3
- link 26
- int 1
- link 2
DO
sam_do: pc = 3, sp = 53, ir = fffffd01
Working stack: (23 word(s))
- int 5
- link 1
- link 28
- link 3
- link 26
- int 4
- link 6
- link 12
- link 3
- link 26
- int 3
- link 6
- link 12
- link 3
- link 26
- int 2
- link 6
- link 12
- link 3
- link 26
- int 1
- link 6
- link 12
INT
sam_do: pc = 4, sp = 54, ir = 9
Working stack: (24 word(s))
- int 5
- link 1
- link 28
- link 3
- link 26
- int 4
- link 6
- link 12
- link 3
- link 26
- int 3
- link 6
- link 12
- link 3
- link 26
- int 2
- link 6
- link 12
- link 3
- link 26
- int 1
- link 6
- link 12
- int -3
DUP
sam_do: pc = 5, sp = 54, ir = c0d
Working stack: (24 word(s))
- int 5
- link 1
- link 28
- link 3
- link 26
- int 4
- link 6
- link 12
- link 3
- link 26
- int 3
- link 6
- link 12
- link 3
- link 26
- int 2
- link 6
- link 12
- link 3
- link 26
- int 1
- link 6
- link 12
- int 1
BRA
sam_do: pc = 19, sp = 55, ir = 40d
Working stack: (25 word(s))
- int 5
- link 1
- link 28
- link 3
- link 26
- int 4
- link 6
- link 12
- link 3
- link 26
- int 3
- link 6
- link 12
- link 3
- link 26
- int 2
- link 6
- link 12
- link 3
- link 26
- int 1
- link 6
- link 12
- int 1
- link 5
BRA
sam_do: pc = 25, sp = 56, ir = 11
Working stack: (26 word(s))
- int 5
- link 1
- link 28
- link 3
- link 26
- int 4
- link 6
- link 12
- link 3
- link 26
- int 3
- link 6
- link 12
- link 3
- link 26
- int 2
- link 6
- link 12
- link 3
- link 26
- int 1
- link 6
- link 12
- int 1
- link 5
- link 19
IF
sam_do: pc = 6, sp = 55, ir = fffffb01
Working stack: (25 word(s))
- int 5
- link 1
- link 28
- link 3
- link 26
- int 4
- link 6
- link 12
- link 3
- link 26
- int 3
- link 6
- link 12
- link 3
- link 26
- int 2
- link 6
- link 12
- link 3
- link 26
- int 1
- link 6
- link 12
- link 3
- link 26
INT
sam_do: pc = 7, sp = 56, ir = 9
Working stack: (26 word(s))
- int 5
- link 1
- link 28
- link 3
- link 26
- int 4
- link 6
- link 12
- link 3
- link 26
- int 3
- link 6
- link 12
- link 3
- link 26
- int 2
- link 6
- link 12
- link 3
- link 26
- int 1
- link 6
- link 12
- link 3
- link 26
- int -5
DUP
sam_do: pc = 8, sp = 56, ir = ffffff01
Working stack: (26 word(s))
- int 5
- link 1
- link 28
- link 3
- link 26
- int 4
- link 6
- link 12
- link 3
- link 26
- int 3
- link 6
- link 12
- link 3
- link 26
- int 2
- link 6
- link 12
- link 3
- link 26
- int 1
- link 6
- link 12
- link 3
- link 26
- int 1
INT
sam_do: pc = 9, sp = 57, ir = 1e
Working stack: (27 word(s))
- int 5
- link 1
- link 28
- link 3
- link 26
- int 4
- link 6
- link 12
- link 3
- link 26
- int 3
- link 6
- link 12
- link 3
- link 26
- int 2
- link 6
- link 12
- link 3
- link 26
- int 1
- link 6
- link 12
- link 3
- link 26
- int 1
- int -1
ADD
sam_do: pc = 10, sp = 56, ir = 20f
Working stack: (26 word(s))
- int 5
- link 1
- link 28
- link 3
- link 26
- int 4
- link 6
- link 12
- link 3
- link 26
- int 3
- link 6
- link 12
- link 3
- link 26
- int 2
- link 6
- link 12
- link 3
- link 26
- int 1
- link 6
- link 12
- link 3
- link 26
- int 0
LINK
sam_do: pc = 11, sp = 57, ir = 10
Working stack: (27 word(s))
- int 5
- link 1
- link 28
- link 3
- link 26
- int 4
- link 6
- link 12
- link 3
- link 26
- int 3
- link 6
- link 12
- link 3
- link 26
- int 2
- link 6
- link 12
- link 3
- link 26
- int 1
- link 6
- link 12
- link 3
- link 26
- int 0
- link 2
DO
sam_do: pc = 3, sp = 58, ir = fffffd01
Working stack: (28 word(s))
- int 5
- link 1
- link 28
- link 3
- link 26
- int 4
- link 6
- link 12
- link 3
- link 26
- int 3
- link 6
- link 12
- link 3
- link 26
- int 2
- link 6
- link 12
- link 3
- link 26
- int 1
- link 6
- link 12
- link 3
- link 26
- int 0
- link 6
- link 12
INT
sam_do: pc = 4, sp = 59, ir = 9
Working stack: (29 word(s))
- int 5
- link 1
- link 28
- link 3
- link 26
- int 4
- link 6
- link 12
- link 3
- link 26
- int 3
- link 6
- link 12
- link 3
- link 26
- int 2
- link 6
- link 12
- link 3
- link 26
- int 1
- link 6
- link 12
- link 3
- link 26
- int 0
- link 6
- link 12
- int -3
DUP
sam_do: pc = 5, sp = 59, ir = c0d
Working stack: (29 word(s))
- int 5
- link 1
- link 28
- link 3
- link 26
- int 4
- link 6
- link 12
- link 3
- link 26
- int 3
- link 6
- link 12
- link 3
- link 26
- int 2
- link 6
- link 12
- link 3
- link 26
- int 1
- link 6
- link 12
- link 3
- link 26
- int 0
- link 6
- link 12
- int 0
BRA
sam_do: pc = 19, sp = 60, ir = 40d
Working stack: (30 word(s))
- int 5
- link 1
- link 28
- link 3
- link 26
- int 4
- link 6
- link 12
- link 3
- link 26
- int 3
- link 6
- link 12
- link 3
- link 26
- int 2
- link 6
- link 12
- link 3
- link 26
- int 1
- link 6
- link 12
- link 3
- link 26
- int 0
- link 6
- link 12
- int 0
- link 5
BRA
sam_do: pc = 25, sp = 61, ir = 11
Working stack: (31 word(s))
- int 5
- link 1
- link 28
- link 3
- link 26
- int 4
- link 6
- link 12
- link 3
- link 26
- int 3
- link 6
- link 12
- link 3
- link 26
- int 2
- link 6
- link 12
- link 3
- link 26
- int 1
- link 6
- link 12
- link 3
- link 26
- int 0
- link 6
- link 12
- int 0
- link 5
- link 19
IF
sam_do: pc = 20, sp = 60, ir = 101
Working stack: (30 word(s))
- int 5
- link 1
- link 28
- link 3
- link 26
- int 4
- link 6
- link 12
- link 3
- link 26
- int 3
- link 6
- link 12
- link 3
- link 26
- int 2
- link 6
- link 12
- link 3
- link 26
- int 1
- link 6
- link 12
- link 3
- link 26
- int 0
- link 6
- link 12
- link 3
- link 26
INT
sam_do: pc = 21, sp = 61, ir = fffffa01
Working stack: (31 word(s))
- int 5
- link 1
- link 28
- link 3
- link 26
- int 4
- link 6
- link 12
- link 3
- link 26
- int 3
- link 6
- link 12
- link 3
- link 26
- int 2
- link 6
- link 12
- link 3
- link 26
- int 1
- link 6
- link 12
- link 3
- link 26
- int 0
- link 6
- link 12
- link 3
- link 26
- int 1
INT
sam_do: pc = 22, sp = 62, ir = a
Working stack: (32 word(s))
- int 5
- link 1
- link 28
- link 3
- link 26
- int 4
- link 6
- link 12
- link 3
- link 26
- int 3
- link 6
- link 12
- link 3
- link 26
- int 2
- link 6
- link 12
- link 3
- link 26
- int 1
- link 6
- link 12
- link 3
- link 26
- int 0
- link 6
- link 12
- link 3
- link 26
- int 1
- int -6
SWAP
sam_do: pc = 23, sp = 61, ir = 8
Working stack: (31 word(s))
- int 5
- link 1
- link 28
- link 3
- link 26
- int 4
- link 6
- link 12
- link 3
- link 26
- int 3
- link 6
- link 12
- link 3
- link 26
- int 2
- link 6
- link 12
- link 3
- link 26
- int 1
- link 6
- link 12
- link 3
- link 26
- int 1
- link 6
- link 12
- link 3
- link 26
- int 0
POP
sam_do: pc = 24, sp = 60, ir = 40e
Working stack: (30 word(s))
- int 5
- link 1
- link 28
- link 3
- link 26
- int 4
- link 6
- link 12
- link 3
- link 26
- int 3
- link 6
- link 12
- link 3
- link 26
- int 2
- link 6
- link 12
- link 3
- link 26
- int 1
- link 6
- link 12
- link 3
- link 26
- int 1
- link 6
- link 12
- link 3
- link 26
KET
sam_do: pc = 26, sp = 58, ir = 170e
Working stack: (28 word(s))
- int 5
- link 1
- link 28
- link 3
- link 26
- int 4
- link 6
- link 12
- link 3
- link 26
- int 3
- link 6
- link 12
- link 3
- link 26
- int 2
- link 6
- link 12
- link 3
- link 26
- int 1
- link 6
- link 12
- link 3
- link 26
- int 1
- link 6
- link 12
KET
sam_do: pc = 12, sp = 56, ir = fffffa01
Working stack: (26 word(s))
- int 5
- link 1
- link 28
- link 3
- link 26
- int 4
- link 6
- link 12
- link 3
- link 26
- int 3
- link 6
- link 12
- link 3
- link 26
- int 2
- link 6
- link 12
- link 3
- link 26
- int 1
- link 6
- link 12
- link 3
- link 26
- int 1
INT
sam_do: pc = 13, sp = 57, ir = 9
Working stack: (27 word(s))
- int 5
- link 1
- link 28
- link 3
- link 26
- int 4
- link 6
- link 12
- link 3
- link 26
- int 3
- link 6
- link 12
- link 3
- link 26
- int 2
- link 6
- link 12
- link 3
- link 26
- int 1
- link 6
- link 12
- link 3
- link 26
- int 1
- int -6
DUP
sam_do: pc = 14, sp = 57, ir = 1f
Working stack: (27 word(s))
- int 5
- link 1
- link 28
- link 3
- link 26
- int 4
- link 6
- link 12
- link 3
- link 26
- int 3
- link 6
- link 12
- link 3
- link 26
- int 2
- link 6
- link 12
- link 3
- link 26
- int 1
- link 6
- link 12
- link 3
- link 26
- int 1
- int 1
MUL
sam_do: pc = 15, sp = 56, ir = fffffa01
Working stack: (26 word(s))
- int 5
- link 1
- link 28
- link 3
- link 26
- int 4
- link 6
- link 12
- link 3
- link 26
- int 3
- link 6
- link 12
- link 3
- link 26
- int 2
- link 6
- link 12
- link 3
- link 26
- int 1
- link 6
- link 12
- link 3
- link 26
- int 1
INT
sam_do: pc = 16, sp = 57, ir = a
Working stack: (27 word(s))
- int 5
- link 1
- link 28
- link 3
- link 26
- int 4
- link 6
- link 12
- link 3
- link 26
- int 3
- link 6
- link 12
- link 3
- link 26
- int 2
- link 6
- link 12
- link 3
- link 26
- int 1
- link 6
- link 12
- link 3
- link 26
- int 1
- int -6
SWAP
sam_do: pc = 17, sp = 56, ir = 8
Working stack: (26 word(s))
- int 5
- link 1
- link 28
- link 3
- link 26
- int 4
- link 6
- link 12
- link 3
- link 26
- int 3
- link 6
- link 12
- link 3
- link 26
- int 2
- link 6
- link 12
- link 3
- link 26
- int 1
- link 6
- link 12
- link 3
- link 26
- int 1
POP
sam_do: pc = 18, sp = 55, ir = c0e
Working stack: (25 word(s))
- int 5
- link 1
- link 28
- link 3
- link 26
- int 4
- link 6
- link 12
- link 3
- link 26
- int 3
- link 6
- link 12
- link 3
- link 26
- int 2
- link 6
- link 12
- link 3
- link 26
- int 1
- link 6
- link 12
- link 3
- link 26
KET
sam_do: pc = 26, sp = 53, ir = 170e
Working stack: (23 word(s))
- int 5
- link 1
- link 28
- link 3
- link 26
- int 4
- link 6
- link 12
- link 3
- link 26
- int 3
- link 6
- link 12
- link 3
- link 26
- int 2
- link 6
- link 12
- link 3
- link 26
- int 1
- link 6
- link 12
KET
sam_do: pc = 12, sp = 51, ir = fffffa01
Working stack: (21 word(s))
- int 5
- link 1
- link 28
- link 3
- link 26
- int 4
- link 6
- link 12
- link 3
- link 26
- int 3
- link 6
- link 12
- link 3
- link 26
- int 2
- link 6
- link 12
- link 3
- link 26
- int 1
INT
sam_do: pc = 13, sp = 52, ir = 9
Working stack: (22 word(s))
- int 5
- link 1
- link 28
- link 3
- link 26
- int 4
- link 6
- link 12
- link 3
- link 26
- int 3
- link 6
- link 12
- link 3
- link 26
- int 2
- link 6
- link 12
- link 3
- link 26
- int 1
- int -6
DUP
sam_do: pc = 14, sp = 52, ir = 1f
Working stack: (22 word(s))
- int 5
- link 1
- link 28
- link 3
- link 26
- int 4
- link 6
- link 12
- link 3
- link 26
- int 3
- link 6
- link 12
- link 3
- link 26
- int 2
- link 6
- link 12
- link 3
- link 26
- int 1
- int 2
MUL
sam_do: pc = 15, sp = 51, ir = fffffa01
Working stack: (21 word(s))
- int 5
- link 1
- link 28
- link 3
- link 26
- int 4
- link 6
- link 12
- link 3
- link 26
- int 3
- link 6
- link 12
- link 3
- link 26
- int 2
- link 6
- link 12
- link 3
- link 26
- int 2
INT
sam_do: pc = 16, sp = 52, ir = a
Working stack: (22 word(s))
- int 5
- link 1
- link 28
- link 3
- link 26
- int 4
- link 6
- link 12
- link 3
- link 26
- int 3
- link 6
- link 12
- link 3
- link 26
- int 2
- link 6
- link 12
- link 3
- link 26
- int 2
- int -6
SWAP
sam_do: pc = 17, sp = 51, ir = 8
Working stack: (21 word(s))
- int 5
- link 1
- link 28
- link 3
- link 26
- int 4
- link 6
- link 12
- link 3
- link 26
- int 3
- link 6
- link 12
- link 3
- link 26
- int 2
- link 6
- link 12
- link 3
- link 26
- int 2
POP
sam_do: pc = 18, sp = 50, ir = c0e
Working stack: (20 word(s))
- int 5
- link 1
- link 28
- link 3
- link 26
- int 4
- link 6
- link 12
- link 3
- link 26
- int 3
- link 6
- link 12
- link 3
- link 26
- int 2
- link 6
- link 12
- link 3
- link 26
KET
sam_do: pc = 26, sp = 48, ir = 170e
Working stack: (18 word(s))
- int 5
- link 1
- link 28
- link 3
- link 26
- int 4
- link 6
- link 12
- link 3
- link 26
- int 3
- link 6
- link 12
- link 3
- link 26
- int 2
- link 6
- link 12
KET
sam_do: pc = 12, sp = 46, ir = fffffa01
Working stack: (16 word(s))
- int 5
- link 1
- link 28
- link 3
- link 26
- int 4
- link 6
- link 12
- link 3
- link 26
- int 3
- link 6
- link 12
- link 3
- link 26
- int 2
INT
sam_do: pc = 13, sp = 47, ir = 9
Working stack: (17 word(s))
- int 5
- link 1
- link 28
- link 3
- link 26
- int 4
- link 6
- link 12
- link 3
- link 26
- int 3
- link 6
- link 12
- link 3
- link 26
- int 2
- int -6
DUP
sam_do: pc = 14, sp = 47, ir = 1f
Working stack: (17 word(s))
- int 5
- link 1
- link 28
- link 3
- link 26
- int 4
- link 6
- link 12
- link 3
- link 26
- int 3
- link 6
- link 12
- link 3
- link 26
- int 2
- int 3
MUL
sam_do: pc = 15, sp = 46, ir = fffffa01
Working stack: (16 word(s))
- int 5
- link 1
- link 28
- link 3
- link 26
- int 4
- link 6
- link 12
- link 3
- link 26
- int 3
- link 6
- link 12
- link 3
- link 26
- int 6
INT
sam_do: pc = 16, sp = 47, ir = a
Working stack: (17 word(s))
- int 5
- link 1
- link 28
- link 3
- link 26
- int 4
- link 6
- link 12
- link 3
- link 26
- int 3
- link 6
- link 12
- link 3
- link 26
- int 6
- int -6
SWAP
sam_do: pc = 17, sp = 46, ir = 8
Working stack: (16 word(s))
- int 5
- link 1
- link 28
- link 3
- link 26
- int 4
- link 6
- link 12
- link 3
- link 26
- int 6
- link 6
- link 12
- link 3
- link 26
- int 3
POP
sam_do: pc = 18, sp = 45, ir = c0e
Working stack: (15 word(s))
- int 5
- link 1
- link 28
- link 3
- link 26
- int 4
- link 6
- link 12
- link 3
- link 26
- int 6
- link 6
- link 12
- link 3
- link 26
KET
sam_do: pc = 26, sp = 43, ir = 170e
Working stack: (13 word(s))
- int 5
- link 1
- link 28
- link 3
- link 26
- int 4
- link 6
- link 12
- link 3
- link 26
- int 6
- link 6
- link 12
KET
sam_do: pc = 12, sp = 41, ir = fffffa01
Working stack: (11 word(s))
- int 5
- link 1
- link 28
- link 3
- link 26
- int 4
- link 6
- link 12
- link 3
- link 26
- int 6
INT
sam_do: pc = 13, sp = 42, ir = 9
Working stack: (12 word(s))
- int 5
- link 1
- link 28
- link 3
- link 26
- int 4
- link 6
- link 12
- link 3
- link 26
- int 6
- int -6
DUP
sam_do: pc = 14, sp = 42, ir = 1f
Working stack: (12 word(s))
- int 5
- link 1
- link 28
- link 3
- link 26
- int 4
- link 6
- link 12
- link 3
- link 26
- int 6
- int 4
MUL
sam_do: pc = 15, sp = 41, ir = fffffa01
Working stack: (11 word(s))
- int 5
- link 1
- link 28
- link 3
- link 26
- int 4
- link 6
- link 12
- link 3
- link 26
- int 24
INT
sam_do: pc = 16, sp = 42, ir = a
Working stack: (12 word(s))
- int 5
- link 1
- link 28
- link 3
- link 26
- int 4
- link 6
- link 12
- link 3
- link 26
- int 24
- int -6
SWAP
sam_do: pc = 17, sp = 41, ir = 8
Working stack: (11 word(s))
- int 5
- link 1
- link 28
- link 3
- link 26
- int 24
- link 6
- link 12
- link 3
- link 26
- int 4
POP
sam_do: pc = 18, sp = 40, ir = c0e
Working stack: (10 word(s))
- int 5
- link 1
- link 28
- link 3
- link 26
- int 24
- link 6
- link 12
- link 3
- link 26
KET
sam_do: pc = 26, sp = 38, ir = 170e
Working stack: (8 word(s))
- int 5
- link 1
- link 28
- link 3
- link 26
- int 24
- link 6
- link 12
KET
sam_do: pc = 12, sp = 36, ir = fffffa01
Working stack: (6 word(s))
- int 5
- link 1
- link 28
- link 3
- link 26
- int 24
INT
sam_do: pc = 13, sp = 37, ir = 9
Working stack: (7 word(s))
- int 5
- link 1
- link 28
- link 3
- link 26
- int 24
- int -6
DUP
sam_do: pc = 14, sp = 37, ir = 1f
Working stack: (7 word(s))
- int 5
- link 1
- link 28
- link 3
- link 26
- int 24
- int 5
MUL
sam_do: pc = 15, sp = 36, ir = fffffa01
Working stack: (6 word(s))
- int 5
- link 1
- link 28
- link 3
- link 26
- int 120
INT
sam_do: pc = 16, sp = 37, ir = a
Working stack: (7 word(s))
- int 5
- link 1
- link 28
- link 3
- link 26
- int 120
- int -6
SWAP
sam_do: pc = 17, sp = 36, ir = 8
Working stack: (6 word(s))
- int 120
- link 1
- link 28
- link 3
- link 26
- int 5
POP
sam_do: pc = 18, sp = 35, ir = c0e
Working stack: (5 word(s))
- int 120
- link 1
- link 28
- link 3
- link 26
KET
sam_do: pc = 26, sp = 33, ir = 170e
Working stack: (3 word(s))
- int 120
- link 1
- link 28
KET
sam_do: pc = 28, sp = 31, ir = 22
Working stack: (1 word(s))
- int 120
HALT
sam_run returns 120
