Stack: (26 word(s))
- 
  - int 1
  - int 2
  - int -2
  - swap
  - float 1.000000
  - float 2.000000
  - int -2
  - swap
  - int 1
  - float 2.000000
  - int -2
  - swap
  - float 1.000000
  - int 2
  - int -2
  - swap
  - int 0
  - halt
- link 1
- link 1
sam_do: pc = 1, sp = 24, ir = 101
Working stack: (0 word(s))
INT
sam_do: pc = 2, sp = 25, ir = 201
Working stack: (1 word(s))
- int 1
INT
sam_do: pc = 3, sp = 26, ir = fffffe01
Working stack: (2 word(s))
- int 1
- int 2
INT
sam_do: pc = 4, sp = 27, ir = a
Working stack: (3 word(s))
- int 1
- int 2
- int -2
SWAP
sam_do: pc = 5, sp = 26, ir = 3f800002
Working stack: (2 word(s))
- int 2
- int 1
FLOAT
sam_do: pc = 7, sp = 28, ir = 40000002
Working stack: (4 word(s))
- int 2
- int 1
- float 1.000000
FLOAT
sam_do: pc = 9, sp = 30, ir = fffffe01
Working stack: (6 word(s))
- int 2
- int 1
- float 1.000000
- float 2.000000
INT
sam_do: pc = 10, sp = 31, ir = a
Working stack: (7 word(s))
- int 2
- int 1
- float 1.000000
- float 2.000000
- int -2
SWAP
sam_do: pc = 11, sp = 30, ir = 101
Working stack: (6 word(s))
- int 2
- int 1
- float 2.000000
- float 1.000000
INT
sam_do: pc = 12, sp = 31, ir = 40000002
Working stack: (7 word(s))
- int 2
- int 1
- float 2.000000
- float 1.000000
- int 1
FLOAT
sam_do: pc = 14, sp = 33, ir = fffffe01
Working stack: (9 word(s))
- int 2
- int 1
- float 2.000000
- float 1.000000
- int 1
- float 2.000000
INT
sam_do: pc = 15, sp = 34, ir = a
Working stack: (10 word(s))
- int 2
- int 1
- float 2.000000
- float 1.000000
- int 1
- float 2.000000
- int -2
SWAP
sam_do: pc = 16, sp = 33, ir = 3f800002
Working stack: (9 word(s))
- int 2
- int 1
- float 2.000000
- float 1.000000
- float 2.000000
- int 1
FLOAT
sam_do: pc = 18, sp = 35, ir = 201
Working stack: (11 word(s))
- int 2
- int 1
- float 2.000000
- float 1.000000
- float 2.000000
- int 1
- float 1.000000
INT
sam_do: pc = 19, sp = 36, ir = fffffe01
Working stack: (12 word(s))
- int 2
- int 1
- float 2.000000
- float 1.000000
- float 2.000000
- int 1
- float 1.000000
- int 2
INT
sam_do: pc = 20, sp = 37, ir = a
Working stack: (13 word(s))
- int 2
- int 1
- float 2.000000
- float 1.000000
- float 2.000000
- int 1
- float 1.000000
- int 2
- int -2
SWAP
sam_do: pc = 21, sp = 36, ir = 1
Working stack: (12 word(s))
- int 2
- int 1
- float 2.000000
- float 1.000000
- float 2.000000
- int 1
- int 2
- float 1.000000
INT
sam_do: pc = 22, sp = 37, ir = fe
Working stack: (13 word(s))
- int 2
- int 1
- float 2.000000
- float 1.000000
- float 2.000000
- int 1
- int 2
- float 1.000000
- int 0
HALT
sam_run returns 0
