Stack: (158 word(s))
- 
  - 
    - 
      - float 0.000000
      - float 0.000000
      - float 0.000000
      - int 0
      - int 0
      - 
        - trap 1
        - trap 4
        - float 0.000000
        - int 3
        - swap
        - pop
        - float 0.000000
        - int 5
        - swap
        - pop
        - float 0.000000
        - int 7
        - swap
        - pop
        - trap 0
        - int 9
        - swap
        - pop
        - int 0
        - int 10
        - swap
        - pop
      - 
        - int 0
        - int 10
        - swap
        - pop
      - 
        - int 1
        - int 10
        - swap
        - pop
        - int 3
        - dup
        - f2i
        - int 5
        - dup
        - f2i
        - int 9
        - dup
        - trap 5
      - 
        - int 7
        - dup
        - int -4
        - dup
        - neg
        - add
        - int 7
        - swap
        - pop
        - int -3
        - swap
        - pop
        - int -2
        - swap
      - 
        - int 3
        - dup
        - int 5
        - dup
        - int 7
        - dup
        - int -1
        - dup
        - cos
        - int -2
        - swap
        - sin
        - int -7
        - dup
        - mul
        - int -7
        - swap
        - mul
        - int -2
        - swap
        - int -6
        - dup
        - add
        - int -3
        - swap
        - add
        - int -2
        - swap
        - int 10
        - dup
        - 
          - int 3
          - dup
          - f2i
          - int 5
          - dup
          - f2i
          - int -6
          - dup
          - f2i
          - int -6
          - dup
          - f2i
          - int 9
          - dup
          - trap 6
        - 
        - if
        - int 5
        - swap
        - pop
        - int 3
        - swap
        - pop
        - int -3
        - swap
        - pop
        - int -2
        - swap
  - link 11
  - do
  - link 44
  - do
  - float -45.000000
  - rad
  - link 59
  - do
  - float 50.000000
  - link 75
  - do
  - int 0
  - halt
- link 1
- link 1
sam_do: pc = 1, sp = 156, ir = 890d
Working stack: (0 word(s))
BRA
sam_do: pc = 140, sp = 157, ir = b0f
Working stack: (1 word(s))
- link 1
LINK
sam_do: pc = 141, sp = 158, ir = 10
Working stack: (2 word(s))
- link 1
- link 11
DO
sam_do: pc = 12, sp = 159, ir = 1ff
Working stack: (3 word(s))
- link 1
- link 1
- link 142
TRAP
sam_do: pc = 13, sp = 160, ir = 4ff
Working stack: (4 word(s))
- link 1
- link 1
- link 142
- int -1
TRAP
sam_do: pc = 14, sp = 159, ir = 2
Working stack: (3 word(s))
- link 1
- link 1
- link 142
FLOAT
sam_do: pc = 16, sp = 161, ir = 301
Working stack: (5 word(s))
- link 1
- link 1
- link 142
- float 0.000000
INT
sam_do: pc = 17, sp = 162, ir = a
Working stack: (6 word(s))
- link 1
- link 1
- link 142
- float 0.000000
- int 3
SWAP
sam_do: pc = 18, sp = 161, ir = 8
Working stack: (5 word(s))
- link 1
- link 1
- link 142
- float 0.000000
POP
sam_do: pc = 19, sp = 159, ir = 2
Working stack: (3 word(s))
- link 1
- link 1
- link 142
FLOAT
sam_do: pc = 21, sp = 161, ir = 501
Working stack: (5 word(s))
- link 1
- link 1
- link 142
- float 0.000000
INT
sam_do: pc = 22, sp = 162, ir = a
Working stack: (6 word(s))
- link 1
- link 1
- link 142
- float 0.000000
- int 5
SWAP
sam_do: pc = 23, sp = 161, ir = 8
Working stack: (5 word(s))
- link 1
- link 1
- link 142
- float 0.000000
POP
sam_do: pc = 24, sp = 159, ir = 2
Working stack: (3 word(s))
- link 1
- link 1
- link 142
FLOAT
sam_do: pc = 26, sp = 161, ir = 701
Working stack: (5 word(s))
- link 1
- link 1
- link 142
- float 0.000000
INT
sam_do: pc = 27, sp = 162, ir = a
Working stack: (6 word(s))
- link 1
- link 1
- link 142
- float 0.000000
- int 7
SWAP
sam_do: pc = 28, sp = 161, ir = 8
Working stack: (5 word(s))
- link 1
- link 1
- link 142
- float 0.000000
POP
sam_do: pc = 29, sp = 159, ir = ff
Working stack: (3 word(s))
- link 1
- link 1
- link 142
TRAP
sam_do: pc = 30, sp = 160, ir = 901
Working stack: (4 word(s))
- link 1
- link 1
- link 142
- int 0
INT
sam_do: pc = 31, sp = 161, ir = a
Working stack: (5 word(s))
- link 1
- link 1
- link 142
- int 0
- int 9
SWAP
sam_do: pc = 32, sp = 160, ir = 8
Working stack: (4 word(s))
- link 1
- link 1
- link 142
- int 0
POP
sam_do: pc = 33, sp = 159, ir = 1
Working stack: (3 word(s))
- link 1
- link 1
- link 142
INT
sam_do: pc = 34, sp = 160, ir = a01
Working stack: (4 word(s))
- link 1
- link 1
- link 142
- int 0
INT
sam_do: pc = 35, sp = 161, ir = a
Working stack: (5 word(s))
- link 1
- link 1
- link 142
- int 0
- int 10
SWAP
sam_do: pc = 36, sp = 160, ir = 8
Working stack: (4 word(s))
- link 1
- link 1
- link 142
- int 0
POP
sam_do: pc = 37, sp = 159, ir = 190e
Working stack: (3 word(s))
- link 1
- link 1
- link 142
KET
sam_do: pc = 142, sp = 157, ir = 2c0f
Working stack: (1 word(s))
- link 1
LINK
sam_do: pc = 143, sp = 158, ir = 10
Working stack: (2 word(s))
- link 1
- link 44
DO
sam_do: pc = 45, sp = 159, ir = 101
Working stack: (3 word(s))
- link 1
- link 1
- link 144
INT
sam_do: pc = 46, sp = 160, ir = a01
Working stack: (4 word(s))
- link 1
- link 1
- link 144
- int 1
INT
sam_do: pc = 47, sp = 161, ir = a
Working stack: (5 word(s))
- link 1
- link 1
- link 144
- int 1
- int 10
SWAP
sam_do: pc = 48, sp = 160, ir = 8
Working stack: (4 word(s))
- link 1
- link 1
- link 144
- int 0
POP
sam_do: pc = 49, sp = 159, ir = 301
Working stack: (3 word(s))
- link 1
- link 1
- link 144
INT
sam_do: pc = 50, sp = 160, ir = 9
Working stack: (4 word(s))
- link 1
- link 1
- link 144
- int 3
DUP
sam_do: pc = 51, sp = 161, ir = 5
Working stack: (5 word(s))
- link 1
- link 1
- link 144
- float 0.000000
F2I
sam_do: pc = 52, sp = 160, ir = 501
Working stack: (4 word(s))
- link 1
- link 1
- link 144
- int 0
INT
sam_do: pc = 53, sp = 161, ir = 9
Working stack: (5 word(s))
- link 1
- link 1
- link 144
- int 0
- int 5
DUP
sam_do: pc = 54, sp = 162, ir = 5
Working stack: (6 word(s))
- link 1
- link 1
- link 144
- int 0
- float 0.000000
F2I
sam_do: pc = 55, sp = 161, ir = 901
Working stack: (5 word(s))
- link 1
- link 1
- link 144
- int 0
- int 0
INT
sam_do: pc = 56, sp = 162, ir = 9
Working stack: (6 word(s))
- link 1
- link 1
- link 144
- int 0
- int 0
- int 9
DUP
sam_do: pc = 57, sp = 162, ir = 5ff
Working stack: (6 word(s))
- link 1
- link 1
- link 144
- int 0
- int 0
- int 0
TRAP
sam_do: pc = 58, sp = 159, ir = d0e
Working stack: (3 word(s))
- link 1
- link 1
- link 144
KET
sam_do: pc = 144, sp = 157, ir = c2340002
Working stack: (1 word(s))
- link 1
FLOAT
sam_do: pc = 146, sp = 159, ir = 26
Working stack: (3 word(s))
- link 1
- float -45.000000
RAD
sam_do: pc = 147, sp = 159, ir = 3b0f
Working stack: (3 word(s))
- link 1
- float -0.785398
LINK
sam_do: pc = 148, sp = 160, ir = 10
Working stack: (4 word(s))
- link 1
- float -0.785398
- link 59
DO
sam_do: pc = 60, sp = 161, ir = 701
Working stack: (5 word(s))
- link 1
- float -0.785398
- link 1
- link 149
INT
sam_do: pc = 61, sp = 162, ir = 9
Working stack: (6 word(s))
- link 1
- float -0.785398
- link 1
- link 149
- int 7
DUP
sam_do: pc = 62, sp = 163, ir = fffffc01
Working stack: (7 word(s))
- link 1
- float -0.785398
- link 1
- link 149
- float 0.000000
INT
sam_do: pc = 63, sp = 164, ir = 9
Working stack: (8 word(s))
- link 1
- float -0.785398
- link 1
- link 149
- float 0.000000
- int -4
DUP
sam_do: pc = 64, sp = 165, ir = 1d
Working stack: (9 word(s))
- link 1
- float -0.785398
- link 1
- link 149
- float 0.000000
- float -0.785398
NEG
sam_do: pc = 65, sp = 165, ir = 1e
Working stack: (9 word(s))
- link 1
- float -0.785398
- link 1
- link 149
- float 0.000000
- float 0.785398
ADD
sam_do: pc = 66, sp = 163, ir = 701
Working stack: (7 word(s))
- link 1
- float -0.785398
- link 1
- link 149
- float 0.785398
INT
sam_do: pc = 67, sp = 164, ir = a
Working stack: (8 word(s))
- link 1
- float -0.785398
- link 1
- link 149
- float 0.785398
- int 7
SWAP
sam_do: pc = 68, sp = 163, ir = 8
Working stack: (7 word(s))
- link 1
- float -0.785398
- link 1
- link 149
- float 0.000000
POP
sam_do: pc = 69, sp = 161, ir = fffffd01
Working stack: (5 word(s))
- link 1
- float -0.785398
- link 1
- link 149
INT
sam_do: pc = 70, sp = 162, ir = a
Working stack: (6 word(s))
- link 1
- float -0.785398
- link 1
- link 149
- int -3
SWAP
sam_do: pc = 71, sp = 161, ir = 8
Working stack: (5 word(s))
- link 1
- link 149
- link 1
- float -0.785398
POP
sam_do: pc = 72, sp = 159, ir = fffffe01
Working stack: (3 word(s))
- link 1
- link 149
- link 1
INT
sam_do: pc = 73, sp = 160, ir = a
Working stack: (4 word(s))
- link 1
- link 149
- link 1
- int -2
SWAP
sam_do: pc = 74, sp = 159, ir = e0e
Working stack: (3 word(s))
- link 1
- link 1
- link 149
KET
sam_do: pc = 149, sp = 157, ir = 42480002
Working stack: (1 word(s))
- link 1
FLOAT
sam_do: pc = 151, sp = 159, ir = 4b0f
Working stack: (3 word(s))
- link 1
- float 50.000000
LINK
sam_do: pc = 152, sp = 160, ir = 10
Working stack: (4 word(s))
- link 1
- float 50.000000
- link 75
DO
sam_do: pc = 76, sp = 161, ir = 301
Working stack: (5 word(s))
- link 1
- float 50.000000
- link 1
- link 153
INT
sam_do: pc = 77, sp = 162, ir = 9
Working stack: (6 word(s))
- link 1
- float 50.000000
- link 1
- link 153
- int 3
DUP
sam_do: pc = 78, sp = 163, ir = 501
Working stack: (7 word(s))
- link 1
- float 50.000000
- link 1
- link 153
- float 0.000000
INT
sam_do: pc = 79, sp = 164, ir = 9
Working stack: (8 word(s))
- link 1
- float 50.000000
- link 1
- link 153
- float 0.000000
- int 5
DUP
sam_do: pc = 80, sp = 165, ir = 701
Working stack: (9 word(s))
- link 1
- float 50.000000
- link 1
- link 153
- float 0.000000
- float 0.000000
INT
sam_do: pc = 81, sp = 166, ir = 9
Working stack: (10 word(s))
- link 1
- float 50.000000
- link 1
- link 153
- float 0.000000
- float 0.000000
- int 7
DUP
sam_do: pc = 82, sp = 167, ir = ffffff01
Working stack: (11 word(s))
- link 1
- float 50.000000
- link 1
- link 153
- float 0.000000
- float 0.000000
- float 0.785398
INT
sam_do: pc = 83, sp = 168, ir = 9
Working stack: (12 word(s))
- link 1
- float 50.000000
- link 1
- link 153
- float 0.000000
- float 0.000000
- float 0.785398
- int -1
DUP
sam_do: pc = 84, sp = 169, ir = 24
Working stack: (13 word(s))
- link 1
- float 50.000000
- link 1
- link 153
- float 0.000000
- float 0.000000
- float 0.785398
- float 0.785398
COS
sam_do: pc = 85, sp = 169, ir = fffffe01
Working stack: (13 word(s))
- link 1
- float 50.000000
- link 1
- link 153
- float 0.000000
- float 0.000000
- float 0.785398
- float 0.707107
INT
sam_do: pc = 86, sp = 170, ir = a
Working stack: (14 word(s))
- link 1
- float 50.000000
- link 1
- link 153
- float 0.000000
- float 0.000000
- float 0.785398
- float 0.707107
- int -2
SWAP
sam_do: pc = 87, sp = 169, ir = 23
Working stack: (13 word(s))
- link 1
- float 50.000000
- link 1
- link 153
- float 0.000000
- float 0.000000
- float 0.707107
- float 0.785398
SIN
sam_do: pc = 88, sp = 169, ir = fffff901
Working stack: (13 word(s))
- link 1
- float 50.000000
- link 1
- link 153
- float 0.000000
- float 0.000000
- float 0.707107
- float 0.707107
INT
sam_do: pc = 89, sp = 170, ir = 9
Working stack: (14 word(s))
- link 1
- float 50.000000
- link 1
- link 153
- float 0.000000
- float 0.000000
- float 0.707107
- float 0.707107
- int -7
DUP
sam_do: pc = 90, sp = 171, ir = 1f
Working stack: (15 word(s))
- link 1
- float 50.000000
- link 1
- link 153
- float 0.000000
- float 0.000000
- float 0.707107
- float 0.707107
- float 50.000000
MUL
sam_do: pc = 91, sp = 169, ir = fffff901
Working stack: (13 word(s))
- link 1
- float 50.000000
- link 1
- link 153
- float 0.000000
- float 0.000000
- float 0.707107
- float 35.355339
INT
sam_do: pc = 92, sp = 170, ir = a
Working stack: (14 word(s))
- link 1
- float 50.000000
- link 1
- link 153
- float 0.000000
- float 0.000000
- float 0.707107
- float 35.355339
- int -7
SWAP
sam_do: pc = 93, sp = 169, ir = 1f
Working stack: (13 word(s))
- link 1
- float 35.355339
- link 1
- link 153
- float 0.000000
- float 0.000000
- float 0.707107
- float 50.000000
MUL
sam_do: pc = 94, sp = 167, ir = fffffe01
Working stack: (11 word(s))
- link 1
- float 35.355339
- link 1
- link 153
- float 0.000000
- float 0.000000
- float 35.355339
INT
sam_do: pc = 95, sp = 168, ir = a
Working stack: (12 word(s))
- link 1
- float 35.355339
- link 1
- link 153
- float 0.000000
- float 0.000000
- float 35.355339
- int -2
SWAP
sam_do: pc = 96, sp = 167, ir = fffffa01
Working stack: (11 word(s))
- link 1
- float 35.355339
- link 1
- link 153
- float 0.000000
- float 35.355339
- float 0.000000
INT
sam_do: pc = 97, sp = 168, ir = 9
Working stack: (12 word(s))
- link 1
- float 35.355339
- link 1
- link 153
- float 0.000000
- float 35.355339
- float 0.000000
- int -6
DUP
sam_do: pc = 98, sp = 169, ir = 1e
Working stack: (13 word(s))
- link 1
- float 35.355339
- link 1
- link 153
- float 0.000000
- float 35.355339
- float 0.000000
- float 35.355339
ADD
sam_do: pc = 99, sp = 167, ir = fffffd01
Working stack: (11 word(s))
- link 1
- float 35.355339
- link 1
- link 153
- float 0.000000
- float 35.355339
- float 35.355339
INT
sam_do: pc = 100, sp = 168, ir = a
Working stack: (12 word(s))
- link 1
- float 35.355339
- link 1
- link 153
- float 0.000000
- float 35.355339
- float 35.355339
- int -3
SWAP
sam_do: pc = 101, sp = 167, ir = 1e
Working stack: (11 word(s))
- link 1
- float 35.355339
- link 1
- link 153
- float 35.355339
- float 35.355339
- float 0.000000
ADD
sam_do: pc = 102, sp = 165, ir = fffffe01
Working stack: (9 word(s))
- link 1
- float 35.355339
- link 1
- link 153
- float 35.355339
- float 35.355339
INT
sam_do: pc = 103, sp = 166, ir = a
Working stack: (10 word(s))
- link 1
- float 35.355339
- link 1
- link 153
- float 35.355339
- float 35.355339
- int -2
SWAP
sam_do: pc = 104, sp = 165, ir = a01
Working stack: (9 word(s))
- link 1
- float 35.355339
- link 1
- link 153
- float 35.355339
- float 35.355339
INT
sam_do: pc = 105, sp = 166, ir = 9
Working stack: (10 word(s))
- link 1
- float 35.355339
- link 1
- link 153
- float 35.355339
- float 35.355339
- int 10
DUP
sam_do: pc = 106, sp = 166, ir = f0d
Working stack: (10 word(s))
- link 1
- float 35.355339
- link 1
- link 153
- float 35.355339
- float 35.355339
- int 1
BRA
sam_do: pc = 123, sp = 167, ir = d
Working stack: (11 word(s))
- link 1
- float 35.355339
- link 1
- link 153
- float 35.355339
- float 35.355339
- int 1
- link 106
BRA
sam_do: pc = 125, sp = 168, ir = 11
Working stack: (12 word(s))
- link 1
- float 35.355339
- link 1
- link 153
- float 35.355339
- float 35.355339
- int 1
- link 106
- link 123
IF
sam_do: pc = 107, sp = 167, ir = 301
Working stack: (11 word(s))
- link 1
- float 35.355339
- link 1
- link 153
- float 35.355339
- float 35.355339
- link 76
- link 126
INT
sam_do: pc = 108, sp = 168, ir = 9
Working stack: (12 word(s))
- link 1
- float 35.355339
- link 1
- link 153
- float 35.355339
- float 35.355339
- link 76
- link 126
- int 3
DUP
sam_do: pc = 109, sp = 169, ir = 5
Working stack: (13 word(s))
- link 1
- float 35.355339
- link 1
- link 153
- float 35.355339
- float 35.355339
- link 76
- link 126
- float 0.000000
F2I
sam_do: pc = 110, sp = 168, ir = 501
Working stack: (12 word(s))
- link 1
- float 35.355339
- link 1
- link 153
- float 35.355339
- float 35.355339
- link 76
- link 126
- int 0
INT
sam_do: pc = 111, sp = 169, ir = 9
Working stack: (13 word(s))
- link 1
- float 35.355339
- link 1
- link 153
- float 35.355339
- float 35.355339
- link 76
- link 126
- int 0
- int 5
DUP
sam_do: pc = 112, sp = 170, ir = 5
Working stack: (14 word(s))
- link 1
- float 35.355339
- link 1
- link 153
- float 35.355339
- float 35.355339
- link 76
- link 126
- int 0
- float 0.000000
F2I
sam_do: pc = 113, sp = 169, ir = fffffa01
Working stack: (13 word(s))
- link 1
- float 35.355339
- link 1
- link 153
- float 35.355339
- float 35.355339
- link 76
- link 126
- int 0
- int 0
INT
sam_do: pc = 114, sp = 170, ir = 9
Working stack: (14 word(s))
- link 1
- float 35.355339
- link 1
- link 153
- float 35.355339
- float 35.355339
- link 76
- link 126
- int 0
- int 0
- int -6
DUP
sam_do: pc = 115, sp = 171, ir = 5
Working stack: (15 word(s))
- link 1
- float 35.355339
- link 1
- link 153
- float 35.355339
- float 35.355339
- link 76
- link 126
- int 0
- int 0
- float 35.355339
F2I
sam_do: pc = 116, sp = 170, ir = fffffa01
Working stack: (14 word(s))
- link 1
- float 35.355339
- link 1
- link 153
- float 35.355339
- float 35.355339
- link 76
- link 126
- int 0
- int 0
- int 35
INT
sam_do: pc = 117, sp = 171, ir = 9
Working stack: (15 word(s))
- link 1
- float 35.355339
- link 1
- link 153
- float 35.355339
- float 35.355339
- link 76
- link 126
- int 0
- int 0
- int 35
- int -6
DUP
sam_do: pc = 118, sp = 172, ir = 5
Working stack: (16 word(s))
- link 1
- float 35.355339
- link 1
- link 153
- float 35.355339
- float 35.355339
- link 76
- link 126
- int 0
- int 0
- int 35
- float 35.355339
F2I
sam_do: pc = 119, sp = 171, ir = 901
Working stack: (15 word(s))
- link 1
- float 35.355339
- link 1
- link 153
- float 35.355339
- float 35.355339
- link 76
- link 126
- int 0
- int 0
- int 35
- int 35
INT
sam_do: pc = 120, sp = 172, ir = 9
Working stack: (16 word(s))
- link 1
- float 35.355339
- link 1
- link 153
- float 35.355339
- float 35.355339
- link 76
- link 126
- int 0
- int 0
- int 35
- int 35
- int 9
DUP
sam_do: pc = 121, sp = 172, ir = 6ff
Working stack: (16 word(s))
- link 1
- float 35.355339
- link 1
- link 153
- float 35.355339
- float 35.355339
- link 76
- link 126
- int 0
- int 0
- int 35
- int 35
- int 0
TRAP
sam_do: pc = 122, sp = 167, ir = f0e
Working stack: (11 word(s))
- link 1
- float 35.355339
- link 1
- link 153
- float 35.355339
- float 35.355339
- link 76
- link 126
KET
sam_do: pc = 126, sp = 165, ir = 501
Working stack: (9 word(s))
- link 1
- float 35.355339
- link 1
- link 153
- float 35.355339
- float 35.355339
INT
sam_do: pc = 127, sp = 166, ir = a
Working stack: (10 word(s))
- link 1
- float 35.355339
- link 1
- link 153
- float 35.355339
- float 35.355339
- int 5
SWAP
sam_do: pc = 128, sp = 165, ir = 8
Working stack: (9 word(s))
- link 1
- float 35.355339
- link 1
- link 153
- float 35.355339
- float 0.000000
POP
sam_do: pc = 129, sp = 163, ir = 301
Working stack: (7 word(s))
- link 1
- float 35.355339
- link 1
- link 153
- float 35.355339
INT
sam_do: pc = 130, sp = 164, ir = a
Working stack: (8 word(s))
- link 1
- float 35.355339
- link 1
- link 153
- float 35.355339
- int 3
SWAP
sam_do: pc = 131, sp = 163, ir = 8
Working stack: (7 word(s))
- link 1
- float 35.355339
- link 1
- link 153
- float 0.000000
POP
sam_do: pc = 132, sp = 161, ir = fffffd01
Working stack: (5 word(s))
- link 1
- float 35.355339
- link 1
- link 153
INT
sam_do: pc = 133, sp = 162, ir = a
Working stack: (6 word(s))
- link 1
- float 35.355339
- link 1
- link 153
- int -3
SWAP
sam_do: pc = 134, sp = 161, ir = 8
Working stack: (5 word(s))
- link 1
- link 153
- link 1
- float 35.355339
POP
sam_do: pc = 135, sp = 159, ir = fffffe01
Working stack: (3 word(s))
- link 1
- link 153
- link 1
INT
sam_do: pc = 136, sp = 160, ir = a
Working stack: (4 word(s))
- link 1
- link 153
- link 1
- int -2
SWAP
sam_do: pc = 137, sp = 159, ir = 3d0e
Working stack: (3 word(s))
- link 1
- link 1
- link 153
KET
sam_do: pc = 153, sp = 157, ir = 1
Working stack: (1 word(s))
- link 1
INT
sam_do: pc = 154, sp = 158, ir = fe
Working stack: (2 word(s))
- link 1
- int 0
HALT
sam_run returns 0
P1
# SAM screen dump
64 128
1 0 0 0 0 0 0 0 0 0 0 0 0 0 0 0 0 0 0 0 0 0 0 0 0 0 0 0 0 0 0 0 0 0 0 0 0 0 0 0 0 0 0 0 0 0 0 0 0 0 0 0 0 0 0 0 0 0 0 0 0 0 0 0
0 1 0 0 0 0 0 0 0 0 0 0 0 0 0 0 0 0 0 0 0 0 0 0 0 0 0 0 0 0 0 0 0 0 0 0 0 0 0 0 0 0 0 0 0 0 0 0 0 0 0 0 0 0 0 0 0 0 0 0 0 0 0 0
0 0 1 0 0 0 0 0 0 0 0 0 0 0 0 0 0 0 0 0 0 0 0 0 0 0 0 0 0 0 0 0 0 0 0 0 0 0 0 0 0 0 0 0 0 0 0 0 0 0 0 0 0 0 0 0 0 0 0 0 0 0 0 0
0 0 0 1 0 0 0 0 0 0 0 0 0 0 0 0 0 0 0 0 0 0 0 0 0 0 0 0 0 0 0 0 0 0 0 0 0 0 0 0 0 0 0 0 0 0 0 0 0 0 0 0 0 0 0 0 0 0 0 0 0 0 0 0
0 0 0 0 1 0 0 0 0 0 0 0 0 0 0 0 0 0 0 0 0 0 0 0 0 0 0 0 0 0 0 0 0 0 0 0 0 0 0 0 0 0 0 0 0 0 0 0 0 0 0 0 0 0 0 0 0 0 0 0 0 0 0 0
0 0 0 0 0 1 0 0 0 0 0 0 0 0 0 0 0 0 0 0 0 0 0 0 0 0 0 0 0 0 0 0 0 0 0 0 0 0 0 0 0 0 0 0 0 0 0 0 0 0 0 0 0 0 0 0 0 0 0 0 0 0 0 0
0 0 0 0 0 0 1 0 0 0 0 0 0 0 0 0 0 0 0 0 0 0 0 0 0 0 0 0 0 0 0 0 0 0 0 0 0 0 0 0 0 0 0 0 0 0 0 0 0 0 0 0 0 0 0 0 0 0 0 0 0 0 0 0
0 0 0 0 0 0 0 1 0 0 0 0 0 0 0 0 0 0 0 0 0 0 0 0 0 0 0 0 0 0 0 0 0 0 0 0 0 0 0 0 0 0 0 0 0 0 0 0 0 0 0 0 0 0 0 0 0 0 0 0 0 0 0 0
0 0 0 0 0 0 0 0 1 0 0 0 0 0 0 0 0 0 0 0 0 0 0 0 0 0 0 0 0 0 0 0 0 0 0 0 0 0 0 0 0 0 0 0 0 0 0 0 0 0 0 0 0 0 0 0 0 0 0 0 0 0 0 0
0 0 0 0 0 0 0 0 0 1 0 0 0 0 0 0 0 0 0 0 0 0 0 0 0 0 0 0 0 0 0 0 0 0 0 0 0 0 0 0 0 0 0 0 0 0 0 0 0 0 0 0 0 0 0 0 0 0 0 0 0 0 0 0
0 0 0 0 0 0 0 0 0 0 1 0 0 0 0 0 0 0 0 0 0 0 0 0 0 0 0 0 0 0 0 0 0 0 0 0 0 0 0 0 0 0 0 0 0 0 0 0 0 0 0 0 0 0 0 0 0 0 0 0 0 0 0 0
0 0 0 0 0 0 0 0 0 0 0 1 0 0 0 0 0 0 0 0 0 0 0 0 0 0 0 0 0 0 0 0 0 0 0 0 0 0 0 0 0 0 0 0 0 0 0 0 0 0 0 0 0 0 0 0 0 0 0 0 0 0 0 0
0 0 0 0 0 0 0 0 0 0 0 0 1 0 0 0 0 0 0 0 0 0 0 0 0 0 0 0 0 0 0 0 0 0 0 0 0 0 0 0 0 0 0 0 0 0 0 0 0 0 0 0 0 0 0 0 0 0 0 0 0 0 0 0
0 0 0 0 0 0 0 0 0 0 0 0 0 1 0 0 0 0 0 0 0 0 0 0 0 0 0 0 0 0 0 0 0 0 0 0 0 0 0 0 0 0 0 0 0 0 0 0 0 0 0 0 0 0 0 0 0 0 0 0 0 0 0 0
0 0 0 0 0 0 0 0 0 0 0 0 0 0 1 0 0 0 0 0 0 0 0 0 0 0 0 0 0 0 0 0 0 0 0 0 0 0 0 0 0 0 0 0 0 0 0 0 0 0 0 0 0 0 0 0 0 0 0 0 0 0 0 0
0 0 0 0 0 0 0 0 0 0 0 0 0 0 0 1 0 0 0 0 0 0 0 0 0 0 0 0 0 0 0 0 0 0 0 0 0 0 0 0 0 0 0 0 0 0 0 0 0 0 0 0 0 0 0 0 0 0 0 0 0 0 0 0
0 0 0 0 0 0 0 0 0 0 0 0 0 0 0 0 1 0 0 0 0 0 0 0 0 0 0 0 0 0 0 0 0 0 0 0 0 0 0 0 0 0 0 0 0 0 0 0 0 0 0 0 0 0 0 0 0 0 0 0 0 0 0 0
0 0 0 0 0 0 0 0 0 0 0 0 0 0 0 0 0 1 0 0 0 0 0 0 0 0 0 0 0 0 0 0 0 0 0 0 0 0 0 0 0 0 0 0 0 0 0 0 0 0 0 0 0 0 0 0 0 0 0 0 0 0 0 0
0 0 0 0 0 0 0 0 0 0 0 0 0 0 0 0 0 0 1 0 0 0 0 0 0 0 0 0 0 0 0 0 0 0 0 0 0 0 0 0 0 0 0 0 0 0 0 0 0 0 0 0 0 0 0 0 0 0 0 0 0 0 0 0
0 0 0 0 0 0 0 0 0 0 0 0 0 0 0 0 0 0 0 1 0 0 0 0 0 0 0 0 0 0 0 0 0 0 0 0 0 0 0 0 0 0 0 0 0 0 0 0 0 0 0 0 0 0 0 0 0 0 0 0 0 0 0 0
0 0 0 0 0 0 0 0 0 0 0 0 0 0 0 0 0 0 0 0 1 0 0 0 0 0 0 0 0 0 0 0 0 0 0 0 0 0 0 0 0 0 0 0 0 0 0 0 0 0 0 0 0 0 0 0 0 0 0 0 0 0 0 0
0 0 0 0 0 0 0 0 0 0 0 0 0 0 0 0 0 0 0 0 0 1 0 0 0 0 0 0 0 0 0 0 0 0 0 0 0 0 0 0 0 0 0 0 0 0 0 0 0 0 0 0 0 0 0 0 0 0 0 0 0 0 0 0
0 0 0 0 0 0 0 0 0 0 0 0 0 0 0 0 0 0 0 0 0 0 1 0 0 0 0 0 0 0 0 0 0 0 0 0 0 0 0 0 0 0 0 0 0 0 0 0 0 0 0 0 0 0 0 0 0 0 0 0 0 0 0 0
0 0 0 0 0 0 0 0 0 0 0 0 0 0 0 0 0 0 0 0 0 0 0 1 0 0 0 0 0 0 0 0 0 0 0 0 0 0 0 0 0 0 0 0 0 0 0 0 0 0 0 0 0 0 0 0 0 0 0 0 0 0 0 0
0 0 0 0 0 0 0 0 0 0 0 0 0 0 0 0 0 0 0 0 0 0 0 0 1 0 0 0 0 0 0 0 0 0 0 0 0 0 0 0 0 0 0 0 0 0 0 0 0 0 0 0 0 0 0 0 0 0 0 0 0 0 0 0
0 0 0 0 0 0 0 0 0 0 0 0 0 0 0 0 0 0 0 0 0 0 0 0 0 1 0 0 0 0 0 0 0 0 0 0 0 0 0 0 0 0 0 0 0 0 0 0 0 0 0 0 0 0 0 0 0 0 0 0 0 0 0 0
0 0 0 0 0 0 0 0 0 0 0 0 0 0 0 0 0 0 0 0 0 0 0 0 0 0 1 0 0 0 0 0 0 0 0 0 0 0 0 0 0 0 0 0 0 0 0 0 0 0 0 0 0 0 0 0 0 0 0 0 0 0 0 0
0 0 0 0 0 0 0 0 0 0 0 0 0 0 0 0 0 0 0 0 0 0 0 0 0 0 0 1 0 0 0 0 0 0 0 0 0 0 0 0 0 0 0 0 0 0 0 0 0 0 0 0 0 0 0 0 0 0 0 0 0 0 0 0
0 0 0 0 0 0 0 0 0 0 0 0 0 0 0 0 0 0 0 0 0 0 0 0 0 0 0 0 1 0 0 0 0 0 0 0 0 0 0 0 0 0 0 0 0 0 0 0 0 0 0 0 0 0 0 0 0 0 0 0 0 0 0 0
0 0 0 0 0 0 0 0 0 0 0 0 0 0 0 0 0 0 0 0 0 0 0 0 0 0 0 0 0 1 0 0 0 0 0 0 0 0 0 0 0 0 0 0 0 0 0 0 0 0 0 0 0 0 0 0 0 0 0 0 0 0 0 0
0 0 0 0 0 0 0 0 0 0 0 0 0 0 0 0 0 0 0 0 0 0 0 0 0 0 0 0 0 0 1 0 0 0 0 0 0 0 0 0 0 0 0 0 0 0 0 0 0 0 0 0 0 0 0 0 0 0 0 0 0 0 0 0
0 0 0 0 0 0 0 0 0 0 0 0 0 0 0 0 0 0 0 0 0 0 0 0 0 0 0 0 0 0 0 1 0 0 0 0 0 0 0 0 0 0 0 0 0 0 0 0 0 0 0 0 0 0 0 0 0 0 0 0 0 0 0 0
0 0 0 0 0 0 0 0 0 0 0 0 0 0 0 0 0 0 0 0 0 0 0 0 0 0 0 0 0 0 0 0 1 0 0 0 0 0 0 0 0 0 0 0 0 0 0 0 0 0 0 0 0 0 0 0 0 0 0 0 0 0 0 0
0 0 0 0 0 0 0 0 0 0 0 0 0 0 0 0 0 0 0 0 0 0 0 0 0 0 0 0 0 0 0 0 0 1 0 0 0 0 0 0 0 0 0 0 0 0 0 0 0 0 0 0 0 0 0 0 0 0 0 0 0 0 0 0
0 0 0 0 0 0 0 0 0 0 0 0 0 0 0 0 0 0 0 0 0 0 0 0 0 0 0 0 0 0 0 0 0 0 1 0 0 0 0 0 0 0 0 0 0 0 0 0 0 0 0 0 0 0 0 0 0 0 0 0 0 0 0 0
0 0 0 0 0 0 0 0 0 0 0 0 0 0 0 0 0 0 0 0 0 0 0 0 0 0 0 0 0 0 0 0 0 0 0 1 0 0 0 0 0 0 0 0 0 0 0 0 0 0 0 0 0 0 0 0 0 0 0 0 0 0 0 0
0 0 0 0 0 0 0 0 0 0 0 0 0 0 0 0 0 0 0 0 0 0 0 0 0 0 0 0 0 0 0 0 0 0 0 0 0 0 0 0 0 0 0 0 0 0 0 0 0 0 0 0 0 0 0 0 0 0 0 0 0 0 0 0
0 0 0 0 0 0 0 0 0 0 0 0 0 0 0 0 0 0 0 0 0 0 0 0 0 0 0 0 0 0 0 0 0 0 0 0 0 0 0 0 0 0 0 0 0 0 0 0 0 0 0 0 0 0 0 0 0 0 0 0 0 0 0 0
0 0 0 0 0 0 0 0 0 0 0 0 0 0 0 0 0 0 0 0 0 0 0 0 0 0 0 0 0 0 0 0 0 0 0 0 0 0 0 0 0 0 0 0 0 0 0 0 0 0 0 0 0 0 0 0 0 0 0 0 0 0 0 0
0 0 0 0 0 0 0 0 0 0 0 0 0 0 0 0 0 0 0 0 0 0 0 0 0 0 0 0 0 0 0 0 0 0 0 0 0 0 0 0 0 0 0 0 0 0 0 0 0 0 0 0 0 0 0 0 0 0 0 0 0 0 0 0
0 0 0 0 0 0 0 0 0 0 0 0 0 0 0 0 0 0 0 0 0 0 0 0 0 0 0 0 0 0 0 0 0 0 0 0 0 0 0 0 0 0 0 0 0 0 0 0 0 0 0 0 0 0 0 0 0 0 0 0 0 0 0 0
0 0 0 0 0 0 0 0 0 0 0 0 0 0 0 0 0 0 0 0 0 0 0 0 0 0 0 0 0 0 0 0 0 0 0 0 0 0 0 0 0 0 0 0 0 0 0 0 0 0 0 0 0 0 0 0 0 0 0 0 0 0 0 0
0 0 0 0 0 0 0 0 0 0 0 0 0 0 0 0 0 0 0 0 0 0 0 0 0 0 0 0 0 0 0 0 0 0 0 0 0 0 0 0 0 0 0 0 0 0 0 0 0 0 0 0 0 0 0 0 0 0 0 0 0 0 0 0
0 0 0 0 0 0 0 0 0 0 0 0 0 0 0 0 0 0 0 0 0 0 0 0 0 0 0 0 0 0 0 0 0 0 0 0 0 0 0 0 0 0 0 0 0 0 0 0 0 0 0 0 0 0 0 0 0 0 0 0 0 0 0 0
0 0 0 0 0 0 0 0 0 0 0 0 0 0 0 0 0 0 0 0 0 0 0 0 0 0 0 0 0 0 0 0 0 0 0 0 0 0 0 0 0 0 0 0 0 0 0 0 0 0 0 0 0 0 0 0 0 0 0 0 0 0 0 0
0 0 0 0 0 0 0 0 0 0 0 0 0 0 0 0 0 0 0 0 0 0 0 0 0 0 0 0 0 0 0 0 0 0 0 0 0 0 0 0 0 0 0 0 0 0 0 0 0 0 0 0 0 0 0 0 0 0 0 0 0 0 0 0
0 0 0 0 0 0 0 0 0 0 0 0 0 0 0 0 0 0 0 0 0 0 0 0 0 0 0 0 0 0 0 0 0 0 0 0 0 0 0 0 0 0 0 0 0 0 0 0 0 0 0 0 0 0 0 0 0 0 0 0 0 0 0 0
0 0 0 0 0 0 0 0 0 0 0 0 0 0 0 0 0 0 0 0 0 0 0 0 0 0 0 0 0 0 0 0 0 0 0 0 0 0 0 0 0 0 0 0 0 0 0 0 0 0 0 0 0 0 0 0 0 0 0 0 0 0 0 0
0 0 0 0 0 0 0 0 0 0 0 0 0 0 0 0 0 0 0 0 0 0 0 0 0 0 0 0 0 0 0 0 0 0 0 0 0 0 0 0 0 0 0 0 0 0 0 0 0 0 0 0 0 0 0 0 0 0 0 0 0 0 0 0
0 0 0 0 0 0 0 0 0 0 0 0 0 0 0 0 0 0 0 0 0 0 0 0 0 0 0 0 0 0 0 0 0 0 0 0 0 0 0 0 0 0 0 0 0 0 0 0 0 0 0 0 0 0 0 0 0 0 0 0 0 0 0 0
0 0 0 0 0 0 0 0 0 0 0 0 0 0 0 0 0 0 0 0 0 0 0 0 0 0 0 0 0 0 0 0 0 0 0 0 0 0 0 0 0 0 0 0 0 0 0 0 0 0 0 0 0 0 0 0 0 0 0 0 0 0 0 0
0 0 0 0 0 0 0 0 0 0 0 0 0 0 0 0 0 0 0 0 0 0 0 0 0 0 0 0 0 0 0 0 0 0 0 0 0 0 0 0 0 0 0 0 0 0 0 0 0 0 0 0 0 0 0 0 0 0 0 0 0 0 0 0
0 0 0 0 0 0 0 0 0 0 0 0 0 0 0 0 0 0 0 0 0 0 0 0 0 0 0 0 0 0 0 0 0 0 0 0 0 0 0 0 0 0 0 0 0 0 0 0 0 0 0 0 0 0 0 0 0 0 0 0 0 0 0 0
0 0 0 0 0 0 0 0 0 0 0 0 0 0 0 0 0 0 0 0 0 0 0 0 0 0 0 0 0 0 0 0 0 0 0 0 0 0 0 0 0 0 0 0 0 0 0 0 0 0 0 0 0 0 0 0 0 0 0 0 0 0 0 0
0 0 0 0 0 0 0 0 0 0 0 0 0 0 0 0 0 0 0 0 0 0 0 0 0 0 0 0 0 0 0 0 0 0 0 0 0 0 0 0 0 0 0 0 0 0 0 0 0 0 0 0 0 0 0 0 0 0 0 0 0 0 0 0
0 0 0 0 0 0 0 0 0 0 0 0 0 0 0 0 0 0 0 0 0 0 0 0 0 0 0 0 0 0 0 0 0 0 0 0 0 0 0 0 0 0 0 0 0 0 0 0 0 0 0 0 0 0 0 0 0 0 0 0 0 0 0 0
0 0 0 0 0 0 0 0 0 0 0 0 0 0 0 0 0 0 0 0 0 0 0 0 0 0 0 0 0 0 0 0 0 0 0 0 0 0 0 0 0 0 0 0 0 0 0 0 0 0 0 0 0 0 0 0 0 0 0 0 0 0 0 0
0 0 0 0 0 0 0 0 0 0 0 0 0 0 0 0 0 0 0 0 0 0 0 0 0 0 0 0 0 0 0 0 0 0 0 0 0 0 0 0 0 0 0 0 0 0 0 0 0 0 0 0 0 0 0 0 0 0 0 0 0 0 0 0
0 0 0 0 0 0 0 0 0 0 0 0 0 0 0 0 0 0 0 0 0 0 0 0 0 0 0 0 0 0 0 0 0 0 0 0 0 0 0 0 0 0 0 0 0 0 0 0 0 0 0 0 0 0 0 0 0 0 0 0 0 0 0 0
0 0 0 0 0 0 0 0 0 0 0 0 0 0 0 0 0 0 0 0 0 0 0 0 0 0 0 0 0 0 0 0 0 0 0 0 0 0 0 0 0 0 0 0 0 0 0 0 0 0 0 0 0 0 0 0 0 0 0 0 0 0 0 0
0 0 0 0 0 0 0 0 0 0 0 0 0 0 0 0 0 0 0 0 0 0 0 0 0 0 0 0 0 0 0 0 0 0 0 0 0 0 0 0 0 0 0 0 0 0 0 0 0 0 0 0 0 0 0 0 0 0 0 0 0 0 0 0
0 0 0 0 0 0 0 0 0 0 0 0 0 0 0 0 0 0 0 0 0 0 0 0 0 0 0 0 0 0 0 0 0 0 0 0 0 0 0 0 0 0 0 0 0 0 0 0 0 0 0 0 0 0 0 0 0 0 0 0 0 0 0 0
0 0 0 0 0 0 0 0 0 0 0 0 0 0 0 0 0 0 0 0 0 0 0 0 0 0 0 0 0 0 0 0 0 0 0 0 0 0 0 0 0 0 0 0 0 0 0 0 0 0 0 0 0 0 0 0 0 0 0 0 0 0 0 0
0 0 0 0 0 0 0 0 0 0 0 0 0 0 0 0 0 0 0 0 0 0 0 0 0 0 0 0 0 0 0 0 0 0 0 0 0 0 0 0 0 0 0 0 0 0 0 0 0 0 0 0 0 0 0 0 0 0 0 0 0 0 0 0
0 0 0 0 0 0 0 0 0 0 0 0 0 0 0 0 0 0 0 0 0 0 0 0 0 0 0 0 0 0 0 0 0 0 0 0 0 0 0 0 0 0 0 0 0 0 0 0 0 0 0 0 0 0 0 0 0 0 0 0 0 0 0 0
0 0 0 0 0 0 0 0 0 0 0 0 0 0 0 0 0 0 0 0 0 0 0 0 0 0 0 0 0 0 0 0 0 0 0 0 0 0 0 0 0 0 0 0 0 0 0 0 0 0 0 0 0 0 0 0 0 0 0 0 0 0 0 0
0 0 0 0 0 0 0 0 0 0 0 0 0 0 0 0 0 0 0 0 0 0 0 0 0 0 0 0 0 0 0 0 0 0 0 0 0 0 0 0 0 0 0 0 0 0 0 0 0 0 0 0 0 0 0 0 0 0 0 0 0 0 0 0
0 0 0 0 0 0 0 0 0 0 0 0 0 0 0 0 0 0 0 0 0 0 0 0 0 0 0 0 0 0 0 0 0 0 0 0 0 0 0 0 0 0 0 0 0 0 0 0 0 0 0 0 0 0 0 0 0 0 0 0 0 0 0 0
0 0 0 0 0 0 0 0 0 0 0 0 0 0 0 0 0 0 0 0 0 0 0 0 0 0 0 0 0 0 0 0 0 0 0 0 0 0 0 0 0 0 0 0 0 0 0 0 0 0 0 0 0 0 0 0 0 0 0 0 0 0 0 0
0 0 0 0 0 0 0 0 0 0 0 0 0 0 0 0 0 0 0 0 0 0 0 0 0 0 0 0 0 0 0 0 0 0 0 0 0 0 0 0 0 0 0 0 0 0 0 0 0 0 0 0 0 0 0 0 0 0 0 0 0 0 0 0
0 0 0 0 0 0 0 0 0 0 0 0 0 0 0 0 0 0 0 0 0 0 0 0 0 0 0 0 0 0 0 0 0 0 0 0 0 0 0 0 0 0 0 0 0 0 0 0 0 0 0 0 0 0 0 0 0 0 0 0 0 0 0 0
0 0 0 0 0 0 0 0 0 0 0 0 0 0 0 0 0 0 0 0 0 0 0 0 0 0 0 0 0 0 0 0 0 0 0 0 0 0 0 0 0 0 0 0 0 0 0 0 0 0 0 0 0 0 0 0 0 0 0 0 0 0 0 0
0 0 0 0 0 0 0 0 0 0 0 0 0 0 0 0 0 0 0 0 0 0 0 0 0 0 0 0 0 0 0 0 0 0 0 0 0 0 0 0 0 0 0 0 0 0 0 0 0 0 0 0 0 0 0 0 0 0 0 0 0 0 0 0
0 0 0 0 0 0 0 0 0 0 0 0 0 0 0 0 0 0 0 0 0 0 0 0 0 0 0 0 0 0 0 0 0 0 0 0 0 0 0 0 0 0 0 0 0 0 0 0 0 0 0 0 0 0 0 0 0 0 0 0 0 0 0 0
0 0 0 0 0 0 0 0 0 0 0 0 0 0 0 0 0 0 0 0 0 0 0 0 0 0 0 0 0 0 0 0 0 0 0 0 0 0 0 0 0 0 0 0 0 0 0 0 0 0 0 0 0 0 0 0 0 0 0 0 0 0 0 0
0 0 0 0 0 0 0 0 0 0 0 0 0 0 0 0 0 0 0 0 0 0 0 0 0 0 0 0 0 0 0 0 0 0 0 0 0 0 0 0 0 0 0 0 0 0 0 0 0 0 0 0 0 0 0 0 0 0 0 0 0 0 0 0
0 0 0 0 0 0 0 0 0 0 0 0 0 0 0 0 0 0 0 0 0 0 0 0 0 0 0 0 0 0 0 0 0 0 0 0 0 0 0 0 0 0 0 0 0 0 0 0 0 0 0 0 0 0 0 0 0 0 0 0 0 0 0 0
0 0 0 0 0 0 0 0 0 0 0 0 0 0 0 0 0 0 0 0 0 0 0 0 0 0 0 0 0 0 0 0 0 0 0 0 0 0 0 0 0 0 0 0 0 0 0 0 0 0 0 0 0 0 0 0 0 0 0 0 0 0 0 0
0 0 0 0 0 0 0 0 0 0 0 0 0 0 0 0 0 0 0 0 0 0 0 0 0 0 0 0 0 0 0 0 0 0 0 0 0 0 0 0 0 0 0 0 0 0 0 0 0 0 0 0 0 0 0 0 0 0 0 0 0 0 0 0
0 0 0 0 0 0 0 0 0 0 0 0 0 0 0 0 0 0 0 0 0 0 0 0 0 0 0 0 0 0 0 0 0 0 0 0 0 0 0 0 0 0 0 0 0 0 0 0 0 0 0 0 0 0 0 0 0 0 0 0 0 0 0 0
0 0 0 0 0 0 0 0 0 0 0 0 0 0 0 0 0 0 0 0 0 0 0 0 0 0 0 0 0 0 0 0 0 0 0 0 0 0 0 0 0 0 0 0 0 0 0 0 0 0 0 0 0 0 0 0 0 0 0 0 0 0 0 0
0 0 0 0 0 0 0 0 0 0 0 0 0 0 0 0 0 0 0 0 0 0 0 0 0 0 0 0 0 0 0 0 0 0 0 0 0 0 0 0 0 0 0 0 0 0 0 0 0 0 0 0 0 0 0 0 0 0 0 0 0 0 0 0
0 0 0 0 0 0 0 0 0 0 0 0 0 0 0 0 0 0 0 0 0 0 0 0 0 0 0 0 0 0 0 0 0 0 0 0 0 0 0 0 0 0 0 0 0 0 0 0 0 0 0 0 0 0 0 0 0 0 0 0 0 0 0 0
0 0 0 0 0 0 0 0 0 0 0 0 0 0 0 0 0 0 0 0 0 0 0 0 0 0 0 0 0 0 0 0 0 0 0 0 0 0 0 0 0 0 0 0 0 0 0 0 0 0 0 0 0 0 0 0 0 0 0 0 0 0 0 0
0 0 0 0 0 0 0 0 0 0 0 0 0 0 0 0 0 0 0 0 0 0 0 0 0 0 0 0 0 0 0 0 0 0 0 0 0 0 0 0 0 0 0 0 0 0 0 0 0 0 0 0 0 0 0 0 0 0 0 0 0 0 0 0
0 0 0 0 0 0 0 0 0 0 0 0 0 0 0 0 0 0 0 0 0 0 0 0 0 0 0 0 0 0 0 0 0 0 0 0 0 0 0 0 0 0 0 0 0 0 0 0 0 0 0 0 0 0 0 0 0 0 0 0 0 0 0 0
0 0 0 0 0 0 0 0 0 0 0 0 0 0 0 0 0 0 0 0 0 0 0 0 0 0 0 0 0 0 0 0 0 0 0 0 0 0 0 0 0 0 0 0 0 0 0 0 0 0 0 0 0 0 0 0 0 0 0 0 0 0 0 0
0 0 0 0 0 0 0 0 0 0 0 0 0 0 0 0 0 0 0 0 0 0 0 0 0 0 0 0 0 0 0 0 0 0 0 0 0 0 0 0 0 0 0 0 0 0 0 0 0 0 0 0 0 0 0 0 0 0 0 0 0 0 0 0
0 0 0 0 0 0 0 0 0 0 0 0 0 0 0 0 0 0 0 0 0 0 0 0 0 0 0 0 0 0 0 0 0 0 0 0 0 0 0 0 0 0 0 0 0 0 0 0 0 0 0 0 0 0 0 0 0 0 0 0 0 0 0 0
0 0 0 0 0 0 0 0 0 0 0 0 0 0 0 0 0 0 0 0 0 0 0 0 0 0 0 0 0 0 0 0 0 0 0 0 0 0 0 0 0 0 0 0 0 0 0 0 0 0 0 0 0 0 0 0 0 0 0 0 0 0 0 0
0 0 0 0 0 0 0 0 0 0 0 0 0 0 0 0 0 0 0 0 0 0 0 0 0 0 0 0 0 0 0 0 0 0 0 0 0 0 0 0 0 0 0 0 0 0 0 0 0 0 0 0 0 0 0 0 0 0 0 0 0 0 0 0
0 0 0 0 0 0 0 0 0 0 0 0 0 0 0 0 0 0 0 0 0 0 0 0 0 0 0 0 0 0 0 0 0 0 0 0 0 0 0 0 0 0 0 0 0 0 0 0 0 0 0 0 0 0 0 0 0 0 0 0 0 0 0 0
0 0 0 0 0 0 0 0 0 0 0 0 0 0 0 0 0 0 0 0 0 0 0 0 0 0 0 0 0 0 0 0 0 0 0 0 0 0 0 0 0 0 0 0 0 0 0 0 0 0 0 0 0 0 0 0 0 0 0 0 0 0 0 0
0 0 0 0 0 0 0 0 0 0 0 0 0 0 0 0 0 0 0 0 0 0 0 0 0 0 0 0 0 0 0 0 0 0 0 0 0 0 0 0 0 0 0 0 0 0 0 0 0 0 0 0 0 0 0 0 0 0 0 0 0 0 0 0
0 0 0 0 0 0 0 0 0 0 0 0 0 0 0 0 0 0 0 0 0 0 0 0 0 0 0 0 0 0 0 0 0 0 0 0 0 0 0 0 0 0 0 0 0 0 0 0 0 0 0 0 0 0 0 0 0 0 0 0 0 0 0 0
0 0 0 0 0 0 0 0 0 0 0 0 0 0 0 0 0 0 0 0 0 0 0 0 0 0 0 0 0 0 0 0 0 0 0 0 0 0 0 0 0 0 0 0 0 0 0 0 0 0 0 0 0 0 0 0 0 0 0 0 0 0 0 0
0 0 0 0 0 0 0 0 0 0 0 0 0 0 0 0 0 0 0 0 0 0 0 0 0 0 0 0 0 0 0 0 0 0 0 0 0 0 0 0 0 0 0 0 0 0 0 0 0 0 0 0 0 0 0 0 0 0 0 0 0 0 0 0
0 0 0 0 0 0 0 0 0 0 0 0 0 0 0 0 0 0 0 0 0 0 0 0 0 0 0 0 0 0 0 0 0 0 0 0 0 0 0 0 0 0 0 0 0 0 0 0 0 0 0 0 0 0 0 0 0 0 0 0 0 0 0 0
0 0 0 0 0 0 0 0 0 0 0 0 0 0 0 0 0 0 0 0 0 0 0 0 0 0 0 0 0 0 0 0 0 0 0 0 0 0 0 0 0 0 0 0 0 0 0 0 0 0 0 0 0 0 0 0 0 0 0 0 0 0 0 0
0 0 0 0 0 0 0 0 0 0 0 0 0 0 0 0 0 0 0 0 0 0 0 0 0 0 0 0 0 0 0 0 0 0 0 0 0 0 0 0 0 0 0 0 0 0 0 0 0 0 0 0 0 0 0 0 0 0 0 0 0 0 0 0
0 0 0 0 0 0 0 0 0 0 0 0 0 0 0 0 0 0 0 0 0 0 0 0 0 0 0 0 0 0 0 0 0 0 0 0 0 0 0 0 0 0 0 0 0 0 0 0 0 0 0 0 0 0 0 0 0 0 0 0 0 0 0 0
0 0 0 0 0 0 0 0 0 0 0 0 0 0 0 0 0 0 0 0 0 0 0 0 0 0 0 0 0 0 0 0 0 0 0 0 0 0 0 0 0 0 0 0 0 0 0 0 0 0 0 0 0 0 0 0 0 0 0 0 0 0 0 0
0 0 0 0 0 0 0 0 0 0 0 0 0 0 0 0 0 0 0 0 0 0 0 0 0 0 0 0 0 0 0 0 0 0 0 0 0 0 0 0 0 0 0 0 0 0 0 0 0 0 0 0 0 0 0 0 0 0 0 0 0 0 0 0
0 0 0 0 0 0 0 0 0 0 0 0 0 0 0 0 0 0 0 0 0 0 0 0 0 0 0 0 0 0 0 0 0 0 0 0 0 0 0 0 0 0 0 0 0 0 0 0 0 0 0 0 0 0 0 0 0 0 0 0 0 0 0 0
0 0 0 0 0 0 0 0 0 0 0 0 0 0 0 0 0 0 0 0 0 0 0 0 0 0 0 0 0 0 0 0 0 0 0 0 0 0 0 0 0 0 0 0 0 0 0 0 0 0 0 0 0 0 0 0 0 0 0 0 0 0 0 0
0 0 0 0 0 0 0 0 0 0 0 0 0 0 0 0 0 0 0 0 0 0 0 0 0 0 0 0 0 0 0 0 0 0 0 0 0 0 0 0 0 0 0 0 0 0 0 0 0 0 0 0 0 0 0 0 0 0 0 0 0 0 0 0
0 0 0 0 0 0 0 0 0 0 0 0 0 0 0 0 0 0 0 0 0 0 0 0 0 0 0 0 0 0 0 0 0 0 0 0 0 0 0 0 0 0 0 0 0 0 0 0 0 0 0 0 0 0 0 0 0 0 0 0 0 0 0 0
0 0 0 0 0 0 0 0 0 0 0 0 0 0 0 0 0 0 0 0 0 0 0 0 0 0 0 0 0 0 0 0 0 0 0 0 0 0 0 0 0 0 0 0 0 0 0 0 0 0 0 0 0 0 0 0 0 0 0 0 0 0 0 0
0 0 0 0 0 0 0 0 0 0 0 0 0 0 0 0 0 0 0 0 0 0 0 0 0 0 0 0 0 0 0 0 0 0 0 0 0 0 0 0 0 0 0 0 0 0 0 0 0 0 0 0 0 0 0 0 0 0 0 0 0 0 0 0
0 0 0 0 0 0 0 0 0 0 0 0 0 0 0 0 0 0 0 0 0 0 0 0 0 0 0 0 0 0 0 0 0 0 0 0 0 0 0 0 0 0 0 0 0 0 0 0 0 0 0 0 0 0 0 0 0 0 0 0 0 0 0 0
0 0 0 0 0 0 0 0 0 0 0 0 0 0 0 0 0 0 0 0 0 0 0 0 0 0 0 0 0 0 0 0 0 0 0 0 0 0 0 0 0 0 0 0 0 0 0 0 0 0 0 0 0 0 0 0 0 0 0 0 0 0 0 0
0 0 0 0 0 0 0 0 0 0 0 0 0 0 0 0 0 0 0 0 0 0 0 0 0 0 0 0 0 0 0 0 0 0 0 0 0 0 0 0 0 0 0 0 0 0 0 0 0 0 0 0 0 0 0 0 0 0 0 0 0 0 0 0
0 0 0 0 0 0 0 0 0 0 0 0 0 0 0 0 0 0 0 0 0 0 0 0 0 0 0 0 0 0 0 0 0 0 0 0 0 0 0 0 0 0 0 0 0 0 0 0 0 0 0 0 0 0 0 0 0 0 0 0 0 0 0 0
0 0 0 0 0 0 0 0 0 0 0 0 0 0 0 0 0 0 0 0 0 0 0 0 0 0 0 0 0 0 0 0 0 0 0 0 0 0 0 0 0 0 0 0 0 0 0 0 0 0 0 0 0 0 0 0 0 0 0 0 0 0 0 0
0 0 0 0 0 0 0 0 0 0 0 0 0 0 0 0 0 0 0 0 0 0 0 0 0 0 0 0 0 0 0 0 0 0 0 0 0 0 0 0 0 0 0 0 0 0 0 0 0 0 0 0 0 0 0 0 0 0 0 0 0 0 0 0
0 0 0 0 0 0 0 0 0 0 0 0 0 0 0 0 0 0 0 0 0 0 0 0 0 0 0 0 0 0 0 0 0 0 0 0 0 0 0 0 0 0 0 0 0 0 0 0 0 0 0 0 0 0 0 0 0 0 0 0 0 0 0 0
0 0 0 0 0 0 0 0 0 0 0 0 0 0 0 0 0 0 0 0 0 0 0 0 0 0 0 0 0 0 0 0 0 0 0 0 0 0 0 0 0 0 0 0 0 0 0 0 0 0 0 0 0 0 0 0 0 0 0 0 0 0 0 0
0 0 0 0 0 0 0 0 0 0 0 0 0 0 0 0 0 0 0 0 0 0 0 0 0 0 0 0 0 0 0 0 0 0 0 0 0 0 0 0 0 0 0 0 0 0 0 0 0 0 0 0 0 0 0 0 0 0 0 0 0 0 0 0
0 0 0 0 0 0 0 0 0 0 0 0 0 0 0 0 0 0 0 0 0 0 0 0 0 0 0 0 0 0 0 0 0 0 0 0 0 0 0 0 0 0 0 0 0 0 0 0 0 0 0 0 0 0 0 0 0 0 0 0 0 0 0 0
0 0 0 0 0 0 0 0 0 0 0 0 0 0 0 0 0 0 0 0 0 0 0 0 0 0 0 0 0 0 0 0 0 0 0 0 0 0 0 0 0 0 0 0 0 0 0 0 0 0 0 0 0 0 0 0 0 0 0 0 0 0 0 0
0 0 0 0 0 0 0 0 0 0 0 0 0 0 0 0 0 0 0 0 0 0 0 0 0 0 0 0 0 0 0 0 0 0 0 0 0 0 0 0 0 0 0 0 0 0 0 0 0 0 0 0 0 0 0 0 0 0 0 0 0 0 0 0
0 0 0 0 0 0 0 0 0 0 0 0 0 0 0 0 0 0 0 0 0 0 0 0 0 0 0 0 0 0 0 0 0 0 0 0 0 0 0 0 0 0 0 0 0 0 0 0 0 0 0 0 0 0 0 0 0 0 0 0 0 0 0 0
0 0 0 0 0 0 0 0 0 0 0 0 0 0 0 0 0 0 0 0 0 0 0 0 0 0 0 0 0 0 0 0 0 0 0 0 0 0 0 0 0 0 0 0 0 0 0 0 0 0 0 0 0 0 0 0 0 0 0 0 0 0 0 0
0 0 0 0 0 0 0 0 0 0 0 0 0 0 0 0 0 0 0 0 0 0 0 0 0 0 0 0 0 0 0 0 0 0 0 0 0 0 0 0 0 0 0 0 0 0 0 0 0 0 0 0 0 0 0 0 0 0 0 0 0 0 0 0
0 0 0 0 0 0 0 0 0 0 0 0 0 0 0 0 0 0 0 0 0 0 0 0 0 0 0 0 0 0 0 0 0 0 0 0 0 0 0 0 0 0 0 0 0 0 0 0 0 0 0 0 0 0 0 0 0 0 0 0 0 0 0 0
0 0 0 0 0 0 0 0 0 0 0 0 0 0 0 0 0 0 0 0 0 0 0 0 0 0 0 0 0 0 0 0 0 0 0 0 0 0 0 0 0 0 0 0 0 0 0 0 0 0 0 0 0 0 0 0 0 0 0 0 0 0 0 0
0 0 0 0 0 0 0 0 0 0 0 0 0 0 0 0 0 0 0 0 0 0 0 0 0 0 0 0 0 0 0 0 0 0 0 0 0 0 0 0 0 0 0 0 0 0 0 0 0 0 0 0 0 0 0 0 0 0 0 0 0 0 0 0
0 0 0 0 0 0 0 0 0 0 0 0 0 0 0 0 0 0 0 0 0 0 0 0 0 0 0 0 0 0 0 0 0 0 0 0 0 0 0 0 0 0 0 0 0 0 0 0 0 0 0 0 0 0 0 0 0 0 0 0 0 0 0 0
